[0.031s] Invoking command in '/home/chandan/JdeRobotGSOC_2021/ROS2_challenge/catkin_ws/build/ebot_description': /usr/bin/cmake /home/chandan/JdeRobotGSOC_2021/ROS2_challenge/catkin_ws/src/ebot_description -DCATKIN_INSTALL_INTO_PREFIX_ROOT=0 -DCATKIN_SYMLINK_INSTALL=ON -DCMAKE_INSTALL_PREFIX=/home/chandan/JdeRobotGSOC_2021/ROS2_challenge/catkin_ws/install/ebot_description
[0.131s] -- The C compiler identification is GNU 7.5.0
[0.223s] -- The CXX compiler identification is GNU 7.5.0
[0.230s] -- Check for working C compiler: /usr/lib/ccache/cc
[0.312s] -- Check for working C compiler: /usr/lib/ccache/cc -- works
[0.312s] -- Detecting C compiler ABI info
[0.395s] -- Detecting C compiler ABI info - done
[0.416s] -- Detecting C compile features
[0.707s] -- Detecting C compile features - done
[0.715s] -- Check for working CXX compiler: /usr/lib/ccache/c++
[0.808s] -- Check for working CXX compiler: /usr/lib/ccache/c++ -- works
[0.809s] -- Detecting CXX compiler ABI info
[0.913s] -- Detecting CXX compiler ABI info - done
[0.929s] -- Detecting CXX compile features
[1.419s] -- Detecting CXX compile features - done
[1.424s] -- Using CATKIN_DEVEL_PREFIX: /home/chandan/JdeRobotGSOC_2021/ROS2_challenge/catkin_ws/build/ebot_description/devel
[1.424s] -- Using CMAKE_PREFIX_PATH: /home/chandan/JdeRobotGSOC_2021/ROS2_challenge/catkin_ws/install/ros2_is_fun;/home/chandan/JdeRobotGSOC_2021/ROS2_challenge/catkin_ws/install/ebot_description;/home/chandan/JdeRobotGSOC_2021/ROS2_challenge/catkin_ws/install/ebot_controller;/home/chandan/JdeRobotGSOC_2021/ROS2_challenge/catkin_ws/install/ROS2_is_Fun;/home/chandan/catkin_ws/devel;/opt/ros/melodic
[1.424s] -- This workspace overlays: /home/chandan/catkin_ws/devel;/opt/ros/melodic
[1.428s] -- Override CMake install command with custom implementation using symlinks instead of copying resources
[1.452s] -- Found PythonInterp: /usr/bin/python2 (found suitable version "2.7.17", minimum required is "2") 
[1.452s] -- Using PYTHON_EXECUTABLE: /usr/bin/python2
[1.453s] -- Using Debian Python package layout
[1.453s] -- Using empy: /usr/bin/empy
[1.707s] -- Using CATKIN_ENABLE_TESTING: ON
[1.708s] -- Call enable_testing()
[1.710s] -- Using CATKIN_TEST_RESULTS_DIR: /home/chandan/JdeRobotGSOC_2021/ROS2_challenge/catkin_ws/build/ebot_description/test_results
[1.745s] -- Found gtest sources under '/usr/src/googletest': gtests will be built
[1.745s] -- Found gmock sources under '/usr/src/googletest': gmock will be built
[1.769s] -- Found PythonInterp: /usr/bin/python2 (found version "2.7.17") 
[1.770s] -- Looking for pthread.h
[1.866s] -- Looking for pthread.h - found
[1.867s] -- Looking for pthread_create
[1.951s] -- Looking for pthread_create - not found
[1.951s] -- Looking for pthread_create in pthreads
[2.018s] -- Looking for pthread_create in pthreads - not found
[2.018s] -- Looking for pthread_create in pthread
[2.127s] -- Looking for pthread_create in pthread - found
[2.129s] -- Found Threads: TRUE  
[2.137s] -- Using Python nosetests: /usr/bin/nosetests-2.7
[2.218s] -- catkin 0.7.29
[2.219s] -- BUILD_SHARED_LIBS is on
[2.563s] -- Configuring done
[2.577s] -- Generating done
[2.580s] -- Build files have been written to: /home/chandan/JdeRobotGSOC_2021/ROS2_challenge/catkin_ws/build/ebot_description
[2.588s] Invoked command in '/home/chandan/JdeRobotGSOC_2021/ROS2_challenge/catkin_ws/build/ebot_description' returned '0': /usr/bin/cmake /home/chandan/JdeRobotGSOC_2021/ROS2_challenge/catkin_ws/src/ebot_description -DCATKIN_INSTALL_INTO_PREFIX_ROOT=0 -DCATKIN_SYMLINK_INSTALL=ON -DCMAKE_INSTALL_PREFIX=/home/chandan/JdeRobotGSOC_2021/ROS2_challenge/catkin_ws/install/ebot_description
[2.594s] Invoking command in '/home/chandan/JdeRobotGSOC_2021/ROS2_challenge/catkin_ws/build/ebot_description': /usr/bin/cmake --build /home/chandan/JdeRobotGSOC_2021/ROS2_challenge/catkin_ws/build/ebot_description -- -j12 -l12
[2.664s] Invoked command in '/home/chandan/JdeRobotGSOC_2021/ROS2_challenge/catkin_ws/build/ebot_description' returned '0': /usr/bin/cmake --build /home/chandan/JdeRobotGSOC_2021/ROS2_challenge/catkin_ws/build/ebot_description -- -j12 -l12
[2.709s] Invoking command in '/home/chandan/JdeRobotGSOC_2021/ROS2_challenge/catkin_ws/build/ebot_description': /usr/bin/cmake --build /home/chandan/JdeRobotGSOC_2021/ROS2_challenge/catkin_ws/build/ebot_description --target tests -- -j12 -l12
[2.785s] [35m[1mScanning dependencies of target tests[0m
[2.807s] Built target tests
[2.825s] Invoked command in '/home/chandan/JdeRobotGSOC_2021/ROS2_challenge/catkin_ws/build/ebot_description' returned '0': /usr/bin/cmake --build /home/chandan/JdeRobotGSOC_2021/ROS2_challenge/catkin_ws/build/ebot_description --target tests -- -j12 -l12
[2.890s] Invoking command in '/home/chandan/JdeRobotGSOC_2021/ROS2_challenge/catkin_ws/build/ebot_description': /usr/bin/cmake --build /home/chandan/JdeRobotGSOC_2021/ROS2_challenge/catkin_ws/build/ebot_description --target install -- -j12 -l12
[2.970s] [36mInstall the project...[0m
[2.985s] -- Install configuration: ""
[2.986s] -- Execute custom install script
[2.986s] -- Symlinking: /home/chandan/JdeRobotGSOC_2021/ROS2_challenge/catkin_ws/install/ebot_description/lib/pkgconfig/ebot_description.pc
[3.001s] -- Symlinking: /home/chandan/JdeRobotGSOC_2021/ROS2_challenge/catkin_ws/install/ebot_description/share/ebot_description/cmake/ebot_descriptionConfig.cmake
[3.019s] -- Symlinking: /home/chandan/JdeRobotGSOC_2021/ROS2_challenge/catkin_ws/install/ebot_description/share/ebot_description/cmake/ebot_descriptionConfig-version.cmake
[3.039s] -- Symlinking: /home/chandan/JdeRobotGSOC_2021/ROS2_challenge/catkin_ws/install/ebot_description/share/ebot_description/package.xml
[3.066s] Invoked command in '/home/chandan/JdeRobotGSOC_2021/ROS2_challenge/catkin_ws/build/ebot_description' returned '0': /usr/bin/cmake --build /home/chandan/JdeRobotGSOC_2021/ROS2_challenge/catkin_ws/build/ebot_description --target install -- -j12 -l12
