-- Using CATKIN_DEVEL_PREFIX: /home/chandan/JdeRobotGSOC_2021/ROS2_challenge/catkin_ws/build/ebot_controller/devel
-- Using CMAKE_PREFIX_PATH: /home/chandan/JdeRobotGSOC_2021/ROS2_challenge/catkin_ws/install/ROS2_is_Fun;/home/chandan/catkin_ws/devel;/opt/ros/melodic
-- This workspace overlays: /home/chandan/catkin_ws/devel;/opt/ros/melodic
-- Override CMake install command with custom implementation using symlinks instead of copying resources
-- Found PythonInterp: /usr/bin/python2 (found suitable version "2.7.17", minimum required is "2") 
-- Using PYTHON_EXECUTABLE: /usr/bin/python2
-- Using Debian Python package layout
-- Using empy: /usr/bin/empy
-- Using CATKIN_ENABLE_TESTING: ON
-- Call enable_testing()
-- Using CATKIN_TEST_RESULTS_DIR: /home/chandan/JdeRobotGSOC_2021/ROS2_challenge/catkin_ws/build/ebot_controller/test_results
-- Found gtest sources under '/usr/src/googletest': gtests will be built
-- Found gmock sources under '/usr/src/googletest': gmock will be built
-- Found PythonInterp: /usr/bin/python2 (found version "2.7.17") 
-- Using Python nosetests: /usr/bin/nosetests-2.7
-- catkin 0.7.29
-- BUILD_SHARED_LIBS is on
-- Using these message generators: gencpp;geneus;genlisp;gennodejs;genpy
-- Configuring done
-- Generating done
-- Build files have been written to: /home/chandan/JdeRobotGSOC_2021/ROS2_challenge/catkin_ws/build/ebot_controller
