[0.059s] Invoking command in '/home/chandan/JdeRobotGSOC_2021/ROS2_challenge/catkin_ws/build/ebot_controller': /usr/bin/cmake --build /home/chandan/JdeRobotGSOC_2021/ROS2_challenge/catkin_ws/build/ebot_controller -- -j12 -l12
[0.101s] -- Using CATKIN_DEVEL_PREFIX: /home/chandan/JdeRobotGSOC_2021/ROS2_challenge/catkin_ws/build/ebot_controller/devel
[0.101s] -- Using CMAKE_PREFIX_PATH: /home/chandan/JdeRobotGSOC_2021/ROS2_challenge/catkin_ws/install/ROS2_is_Fun;/home/chandan/catkin_ws/devel;/opt/ros/melodic
[0.101s] -- This workspace overlays: /home/chandan/catkin_ws/devel;/opt/ros/melodic
[0.104s] -- Override CMake install command with custom implementation using symlinks instead of copying resources
[0.123s] -- Found PythonInterp: /usr/bin/python2 (found suitable version "2.7.17", minimum required is "2") 
[0.124s] -- Using PYTHON_EXECUTABLE: /usr/bin/python2
[0.124s] -- Using Debian Python package layout
[0.124s] -- Using empy: /usr/bin/empy
[0.342s] -- Using CATKIN_ENABLE_TESTING: ON
[0.342s] -- Call enable_testing()
[0.344s] -- Using CATKIN_TEST_RESULTS_DIR: /home/chandan/JdeRobotGSOC_2021/ROS2_challenge/catkin_ws/build/ebot_controller/test_results
[0.381s] -- Found gtest sources under '/usr/src/googletest': gtests will be built
[0.381s] -- Found gmock sources under '/usr/src/googletest': gmock will be built
[0.402s] -- Found PythonInterp: /usr/bin/python2 (found version "2.7.17") 
[0.410s] -- Using Python nosetests: /usr/bin/nosetests-2.7
[0.466s] -- catkin 0.7.29
[0.466s] -- BUILD_SHARED_LIBS is on
[0.700s] -- Using these message generators: gencpp;geneus;genlisp;gennodejs;genpy
[0.955s] -- Configuring done
[0.989s] -- Generating done
[1.000s] -- Build files have been written to: /home/chandan/JdeRobotGSOC_2021/ROS2_challenge/catkin_ws/build/ebot_controller
