[0.028s] Invoking command in '/home/chandan/JdeRobotGSOC_2021/ROS2_challenge/catkin_ws/build/ros2_is_fun': /usr/bin/cmake /home/chandan/JdeRobotGSOC_2021/ROS2_challenge/catkin_ws/src/ros2_is_fun -DCATKIN_INSTALL_INTO_PREFIX_ROOT=0 -DCATKIN_SYMLINK_INSTALL=ON -DCMAKE_INSTALL_PREFIX=/home/chandan/JdeRobotGSOC_2021/ROS2_challenge/catkin_ws/install/ros2_is_fun
[0.180s] -- The C compiler identification is GNU 7.5.0
[0.311s] -- The CXX compiler identification is GNU 7.5.0
[0.318s] -- Check for working C compiler: /usr/lib/ccache/cc
[0.406s] -- Check for working C compiler: /usr/lib/ccache/cc -- works
[0.406s] -- Detecting C compiler ABI info
[0.505s] -- Detecting C compiler ABI info - done
[0.520s] -- Detecting C compile features
[0.795s] -- Detecting C compile features - done
[0.802s] -- Check for working CXX compiler: /usr/lib/ccache/c++
[0.918s] -- Check for working CXX compiler: /usr/lib/ccache/c++ -- works
[0.920s] -- Detecting CXX compiler ABI info
[1.045s] -- Detecting CXX compiler ABI info - done
[1.062s] -- Detecting CXX compile features
[1.577s] -- Detecting CXX compile features - done
[1.582s] -- Using CATKIN_DEVEL_PREFIX: /home/chandan/JdeRobotGSOC_2021/ROS2_challenge/catkin_ws/build/ros2_is_fun/devel
[1.582s] -- Using CMAKE_PREFIX_PATH: /home/chandan/JdeRobotGSOC_2021/ROS2_challenge/catkin_ws/devel;/home/chandan/catkin_ws/devel;/opt/ros/melodic
[1.582s] -- This workspace overlays: /home/chandan/catkin_ws/devel;/opt/ros/melodic
[1.585s] -- Override CMake install command with custom implementation using symlinks instead of copying resources
[1.607s] -- Found PythonInterp: /usr/bin/python2 (found suitable version "2.7.17", minimum required is "2") 
[1.607s] -- Using PYTHON_EXECUTABLE: /usr/bin/python2
[1.607s] -- Using Debian Python package layout
[1.608s] -- Using empy: /usr/bin/empy
[1.866s] -- Using CATKIN_ENABLE_TESTING: ON
[1.866s] -- Call enable_testing()
[1.869s] -- Using CATKIN_TEST_RESULTS_DIR: /home/chandan/JdeRobotGSOC_2021/ROS2_challenge/catkin_ws/build/ros2_is_fun/test_results
[1.907s] -- Found gtest sources under '/usr/src/googletest': gtests will be built
[1.907s] -- Found gmock sources under '/usr/src/googletest': gmock will be built
[1.928s] -- Found PythonInterp: /usr/bin/python2 (found version "2.7.17") 
[1.930s] -- Looking for pthread.h
[2.025s] -- Looking for pthread.h - found
[2.026s] -- Looking for pthread_create
[2.114s] -- Looking for pthread_create - not found
[2.114s] -- Looking for pthread_create in pthreads
[2.176s] -- Looking for pthread_create in pthreads - not found
[2.177s] -- Looking for pthread_create in pthread
[2.266s] -- Looking for pthread_create in pthread - found
[2.268s] -- Found Threads: TRUE  
[2.274s] -- Using Python nosetests: /usr/bin/nosetests-2.7
[2.336s] -- catkin 0.7.29
[2.337s] -- BUILD_SHARED_LIBS is on
[2.566s] -- Using these message generators: gencpp;geneus;genlisp;gennodejs;genpy
[2.866s] -- ros2_is_fun: 1 messages, 0 services
[3.082s] -- Configuring done
[3.107s] -- Generating done
[3.116s] -- Build files have been written to: /home/chandan/JdeRobotGSOC_2021/ROS2_challenge/catkin_ws/build/ros2_is_fun
[3.122s] Invoked command in '/home/chandan/JdeRobotGSOC_2021/ROS2_challenge/catkin_ws/build/ros2_is_fun' returned '0': /usr/bin/cmake /home/chandan/JdeRobotGSOC_2021/ROS2_challenge/catkin_ws/src/ros2_is_fun -DCATKIN_INSTALL_INTO_PREFIX_ROOT=0 -DCATKIN_SYMLINK_INSTALL=ON -DCMAKE_INSTALL_PREFIX=/home/chandan/JdeRobotGSOC_2021/ROS2_challenge/catkin_ws/install/ros2_is_fun
[3.126s] Invoking command in '/home/chandan/JdeRobotGSOC_2021/ROS2_challenge/catkin_ws/build/ros2_is_fun': /usr/bin/cmake --build /home/chandan/JdeRobotGSOC_2021/ROS2_challenge/catkin_ws/build/ros2_is_fun -- -j12 -l12
[3.195s] [35m[1mScanning dependencies of target std_msgs_generate_messages_eus[0m
[3.195s] [35m[1mScanning dependencies of target _ros2_is_fun_generate_messages_check_deps_my_message[0m
[3.196s] [35m[1mScanning dependencies of target std_msgs_generate_messages_cpp[0m
[3.198s] [35m[1mScanning dependencies of target std_msgs_generate_messages_nodejs[0m
[3.207s] [35m[1mScanning dependencies of target std_msgs_generate_messages_py[0m
[3.208s] [35m[1mScanning dependencies of target std_msgs_generate_messages_lisp[0m
[3.219s] [  0%] Built target std_msgs_generate_messages_nodejs
[3.219s] [  0%] Built target std_msgs_generate_messages_cpp
[3.225s] [  0%] Built target std_msgs_generate_messages_eus
[3.236s] [  0%] Built target std_msgs_generate_messages_lisp
[3.238s] [  0%] Built target std_msgs_generate_messages_py
[3.251s] [  0%] Built target _ros2_is_fun_generate_messages_check_deps_my_message
[3.268s] [35m[1mScanning dependencies of target ros2_is_fun_generate_messages_py[0m
[3.268s] [35m[1mScanning dependencies of target ros2_is_fun_generate_messages_eus[0m
[3.269s] [35m[1mScanning dependencies of target ros2_is_fun_generate_messages_cpp[0m
[3.273s] [35m[1mScanning dependencies of target ros2_is_fun_generate_messages_lisp[0m
[3.283s] [35m[1mScanning dependencies of target ros2_is_fun_generate_messages_nodejs[0m
[3.288s] [ 28%] [34m[1mGenerating C++ code from ros2_is_fun/my_message.msg[0m
[3.288s] [ 28%] [34m[1mGenerating Python from MSG ros2_is_fun/my_message[0m
[3.289s] [ 42%] [34m[1mGenerating EusLisp manifest code for ros2_is_fun[0m
[3.292s] [ 57%] [34m[1mGenerating EusLisp code from ros2_is_fun/my_message.msg[0m
[3.302s] [ 71%] [34m[1mGenerating Lisp code from ros2_is_fun/my_message.msg[0m
[3.307s] [ 85%] [34m[1mGenerating Javascript code from ros2_is_fun/my_message.msg[0m
[3.381s] [ 85%] Built target ros2_is_fun_generate_messages_lisp
[3.392s] [ 85%] Built target ros2_is_fun_generate_messages_nodejs
[3.557s] [100%] [34m[1mGenerating Python msg __init__.py for ros2_is_fun[0m
[3.558s] [100%] Built target ros2_is_fun_generate_messages_cpp
[3.749s] [100%] Built target ros2_is_fun_generate_messages_py
[4.823s] [100%] Built target ros2_is_fun_generate_messages_eus
[4.838s] [35m[1mScanning dependencies of target ros2_is_fun_generate_messages[0m
[4.856s] [100%] Built target ros2_is_fun_generate_messages
[4.877s] Invoked command in '/home/chandan/JdeRobotGSOC_2021/ROS2_challenge/catkin_ws/build/ros2_is_fun' returned '0': /usr/bin/cmake --build /home/chandan/JdeRobotGSOC_2021/ROS2_challenge/catkin_ws/build/ros2_is_fun -- -j12 -l12
[4.946s] Invoking command in '/home/chandan/JdeRobotGSOC_2021/ROS2_challenge/catkin_ws/build/ros2_is_fun': /usr/bin/cmake --build /home/chandan/JdeRobotGSOC_2021/ROS2_challenge/catkin_ws/build/ros2_is_fun --target tests -- -j12 -l12
[5.039s] [35m[1mScanning dependencies of target tests[0m
[5.055s] Built target tests
[5.070s] Invoked command in '/home/chandan/JdeRobotGSOC_2021/ROS2_challenge/catkin_ws/build/ros2_is_fun' returned '0': /usr/bin/cmake --build /home/chandan/JdeRobotGSOC_2021/ROS2_challenge/catkin_ws/build/ros2_is_fun --target tests -- -j12 -l12
[5.166s] Invoking command in '/home/chandan/JdeRobotGSOC_2021/ROS2_challenge/catkin_ws/build/ros2_is_fun': /usr/bin/cmake --build /home/chandan/JdeRobotGSOC_2021/ROS2_challenge/catkin_ws/build/ros2_is_fun --target install -- -j12 -l12
[5.254s] [  0%] Built target std_msgs_generate_messages_eus
[5.255s] [  0%] Built target std_msgs_generate_messages_lisp
[5.255s] [  0%] Built target std_msgs_generate_messages_cpp
[5.257s] [  0%] Built target std_msgs_generate_messages_nodejs
[5.260s] [  0%] Built target std_msgs_generate_messages_py
[5.293s] [  0%] Built target _ros2_is_fun_generate_messages_check_deps_my_message
[5.324s] [ 28%] Built target ros2_is_fun_generate_messages_eus
[5.324s] [ 42%] Built target ros2_is_fun_generate_messages_cpp
[5.327s] [ 57%] Built target ros2_is_fun_generate_messages_nodejs
[5.329s] [ 85%] Built target ros2_is_fun_generate_messages_py
[5.330s] [100%] Built target ros2_is_fun_generate_messages_lisp
[5.361s] [100%] Built target ros2_is_fun_generate_messages
[5.398s] [36mInstall the project...[0m
[5.413s] -- Install configuration: ""
[5.414s] -- Execute custom install script
[5.414s] -- Symlinking: /home/chandan/JdeRobotGSOC_2021/ROS2_challenge/catkin_ws/install/ros2_is_fun/share/ros2_is_fun/msg/my_message.msg
[5.433s] -- Symlinking: /home/chandan/JdeRobotGSOC_2021/ROS2_challenge/catkin_ws/install/ros2_is_fun/share/ros2_is_fun/cmake/ros2_is_fun-msg-paths.cmake
[5.451s] -- Symlinking: /home/chandan/JdeRobotGSOC_2021/ROS2_challenge/catkin_ws/install/ros2_is_fun/include/ros2_is_fun/my_message.h
[5.464s] -- Symlinking: /home/chandan/JdeRobotGSOC_2021/ROS2_challenge/catkin_ws/install/ros2_is_fun/share/roseus/ros/ros2_is_fun/manifest.l
[5.480s] -- Symlinking: /home/chandan/JdeRobotGSOC_2021/ROS2_challenge/catkin_ws/install/ros2_is_fun/share/roseus/ros/ros2_is_fun/msg/my_message.l
[5.497s] -- Symlinking: /home/chandan/JdeRobotGSOC_2021/ROS2_challenge/catkin_ws/install/ros2_is_fun/share/common-lisp/ros/ros2_is_fun/msg/_package.lisp
[5.512s] -- Symlinking: /home/chandan/JdeRobotGSOC_2021/ROS2_challenge/catkin_ws/install/ros2_is_fun/share/common-lisp/ros/ros2_is_fun/msg/_package_my_message.lisp
[5.525s] -- Symlinking: /home/chandan/JdeRobotGSOC_2021/ROS2_challenge/catkin_ws/install/ros2_is_fun/share/common-lisp/ros/ros2_is_fun/msg/my_message.lisp
[5.540s] -- Symlinking: /home/chandan/JdeRobotGSOC_2021/ROS2_challenge/catkin_ws/install/ros2_is_fun/share/common-lisp/ros/ros2_is_fun/msg/ros2_is_fun-msg.asd
[5.559s] -- Symlinking: /home/chandan/JdeRobotGSOC_2021/ROS2_challenge/catkin_ws/install/ros2_is_fun/share/gennodejs/ros/ros2_is_fun/_index.js
[5.576s] -- Symlinking: /home/chandan/JdeRobotGSOC_2021/ROS2_challenge/catkin_ws/install/ros2_is_fun/share/gennodejs/ros/ros2_is_fun/msg/_index.js
[5.590s] -- Symlinking: /home/chandan/JdeRobotGSOC_2021/ROS2_challenge/catkin_ws/install/ros2_is_fun/share/gennodejs/ros/ros2_is_fun/msg/my_message.js
[5.607s] -- Symlinking: /home/chandan/JdeRobotGSOC_2021/ROS2_challenge/catkin_ws/install/ros2_is_fun/lib/python2.7/dist-packages/ros2_is_fun/__init__.py
[5.624s] -- Symlinking: /home/chandan/JdeRobotGSOC_2021/ROS2_challenge/catkin_ws/install/ros2_is_fun/lib/python2.7/dist-packages/ros2_is_fun/msg/__init__.py
[5.636s] -- Symlinking: /home/chandan/JdeRobotGSOC_2021/ROS2_challenge/catkin_ws/install/ros2_is_fun/lib/python2.7/dist-packages/ros2_is_fun/msg/_my_message.py
[5.653s] -- Symlinking: /home/chandan/JdeRobotGSOC_2021/ROS2_challenge/catkin_ws/install/ros2_is_fun/lib/pkgconfig/ros2_is_fun.pc
[5.666s] -- Symlinking: /home/chandan/JdeRobotGSOC_2021/ROS2_challenge/catkin_ws/install/ros2_is_fun/share/ros2_is_fun/cmake/ros2_is_fun-msg-extras.cmake
[5.678s] -- Symlinking: /home/chandan/JdeRobotGSOC_2021/ROS2_challenge/catkin_ws/install/ros2_is_fun/share/ros2_is_fun/cmake/ros2_is_funConfig.cmake
[5.691s] -- Symlinking: /home/chandan/JdeRobotGSOC_2021/ROS2_challenge/catkin_ws/install/ros2_is_fun/share/ros2_is_fun/cmake/ros2_is_funConfig-version.cmake
[5.706s] -- Symlinking: /home/chandan/JdeRobotGSOC_2021/ROS2_challenge/catkin_ws/install/ros2_is_fun/share/ros2_is_fun/package.xml
[5.740s] Listing /home/chandan/JdeRobotGSOC_2021/ROS2_challenge/catkin_ws/build/ros2_is_fun/devel/lib/python2.7/dist-packages/ros2_is_fun ...
[5.740s] Compiling /home/chandan/JdeRobotGSOC_2021/ROS2_challenge/catkin_ws/build/ros2_is_fun/devel/lib/python2.7/dist-packages/ros2_is_fun/__init__.py ...
[5.740s] Listing /home/chandan/JdeRobotGSOC_2021/ROS2_challenge/catkin_ws/build/ros2_is_fun/devel/lib/python2.7/dist-packages/ros2_is_fun/msg ...
[5.740s] Compiling /home/chandan/JdeRobotGSOC_2021/ROS2_challenge/catkin_ws/build/ros2_is_fun/devel/lib/python2.7/dist-packages/ros2_is_fun/msg/__init__.py ...
[5.740s] Compiling /home/chandan/JdeRobotGSOC_2021/ROS2_challenge/catkin_ws/build/ros2_is_fun/devel/lib/python2.7/dist-packages/ros2_is_fun/msg/_my_message.py ...
[5.749s] Invoked command in '/home/chandan/JdeRobotGSOC_2021/ROS2_challenge/catkin_ws/build/ros2_is_fun' returned '0': /usr/bin/cmake --build /home/chandan/JdeRobotGSOC_2021/ROS2_challenge/catkin_ws/build/ros2_is_fun --target install -- -j12 -l12
