[0.033s] Invoking command in '/home/chandan/JdeRobotGSOC_2021/ROS2_challenge/catkin_ws/build/ebot_description': /usr/bin/cmake /home/chandan/JdeRobotGSOC_2021/ROS2_challenge/catkin_ws/src/ebot_description -DCATKIN_INSTALL_INTO_PREFIX_ROOT=0 -DCATKIN_SYMLINK_INSTALL=ON -DCMAKE_INSTALL_PREFIX=/home/chandan/JdeRobotGSOC_2021/ROS2_challenge/catkin_ws/install/ebot_description
[0.125s] -- The C compiler identification is GNU 7.5.0
[0.215s] -- The CXX compiler identification is GNU 7.5.0
[0.223s] -- Check for working C compiler: /usr/lib/ccache/cc
[0.328s] -- Check for working C compiler: /usr/lib/ccache/cc -- works
[0.330s] -- Detecting C compiler ABI info
[0.411s] -- Detecting C compiler ABI info - done
[0.427s] -- Detecting C compile features
[0.788s] -- Detecting C compile features - done
[0.795s] -- Check for working CXX compiler: /usr/lib/ccache/c++
[0.925s] -- Check for working CXX compiler: /usr/lib/ccache/c++ -- works
[0.926s] -- Detecting CXX compiler ABI info
[1.031s] -- Detecting CXX compiler ABI info - done
[1.047s] -- Detecting CXX compile features
[1.606s] -- Detecting CXX compile features - done
[1.611s] -- Using CATKIN_DEVEL_PREFIX: /home/chandan/JdeRobotGSOC_2021/ROS2_challenge/catkin_ws/build/ebot_description/devel
[1.611s] -- Using CMAKE_PREFIX_PATH: /home/chandan/JdeRobotGSOC_2021/ROS2_challenge/catkin_ws/install/ROS2_is_Fun;/home/chandan/catkin_ws/devel;/opt/ros/melodic
[1.611s] -- This workspace overlays: /home/chandan/JdeRobotGSOC_2021/ROS2_challenge/catkin_ws/install/ROS2_is_Fun;/home/chandan/catkin_ws/devel;/opt/ros/melodic
[1.614s] -- Override CMake install command with custom implementation using symlinks instead of copying resources
[1.633s] -- Found PythonInterp: /usr/bin/python2 (found suitable version "2.7.17", minimum required is "2") 
[1.633s] -- Using PYTHON_EXECUTABLE: /usr/bin/python2
[1.633s] -- Using Debian Python package layout
[1.633s] -- Using empy: /usr/bin/empy
[1.950s] -- Using CATKIN_ENABLE_TESTING: ON
[1.950s] -- Call enable_testing()
[1.955s] -- Using CATKIN_TEST_RESULTS_DIR: /home/chandan/JdeRobotGSOC_2021/ROS2_challenge/catkin_ws/build/ebot_description/test_results
[1.989s] -- Found gtest sources under '/usr/src/googletest': gtests will be built
[1.989s] -- Found gmock sources under '/usr/src/googletest': gmock will be built
[2.011s] -- Found PythonInterp: /usr/bin/python2 (found version "2.7.17") 
[2.012s] -- Looking for pthread.h
[2.138s] -- Looking for pthread.h - found
[2.138s] -- Looking for pthread_create
[2.255s] -- Looking for pthread_create - not found
[2.255s] -- Looking for pthread_create in pthreads
[2.334s] -- Looking for pthread_create in pthreads - not found
[2.334s] -- Looking for pthread_create in pthread
[2.426s] -- Looking for pthread_create in pthread - found
[2.428s] -- Found Threads: TRUE  
[2.433s] -- Using Python nosetests: /usr/bin/nosetests-2.7
[2.497s] -- catkin 0.7.29
[2.497s] -- BUILD_SHARED_LIBS is on
[2.833s] -- Configuring done
[2.850s] -- Generating done
[2.853s] -- Build files have been written to: /home/chandan/JdeRobotGSOC_2021/ROS2_challenge/catkin_ws/build/ebot_description
[2.859s] Invoked command in '/home/chandan/JdeRobotGSOC_2021/ROS2_challenge/catkin_ws/build/ebot_description' returned '0': /usr/bin/cmake /home/chandan/JdeRobotGSOC_2021/ROS2_challenge/catkin_ws/src/ebot_description -DCATKIN_INSTALL_INTO_PREFIX_ROOT=0 -DCATKIN_SYMLINK_INSTALL=ON -DCMAKE_INSTALL_PREFIX=/home/chandan/JdeRobotGSOC_2021/ROS2_challenge/catkin_ws/install/ebot_description
[2.863s] Invoking command in '/home/chandan/JdeRobotGSOC_2021/ROS2_challenge/catkin_ws/build/ebot_description': /usr/bin/cmake --build /home/chandan/JdeRobotGSOC_2021/ROS2_challenge/catkin_ws/build/ebot_description -- -j12 -l12
[2.922s] Invoked command in '/home/chandan/JdeRobotGSOC_2021/ROS2_challenge/catkin_ws/build/ebot_description' returned '0': /usr/bin/cmake --build /home/chandan/JdeRobotGSOC_2021/ROS2_challenge/catkin_ws/build/ebot_description -- -j12 -l12
[2.964s] Invoking command in '/home/chandan/JdeRobotGSOC_2021/ROS2_challenge/catkin_ws/build/ebot_description': /usr/bin/cmake --build /home/chandan/JdeRobotGSOC_2021/ROS2_challenge/catkin_ws/build/ebot_description --target tests -- -j12 -l12
[3.049s] [35m[1mScanning dependencies of target tests[0m
[3.058s] Built target tests
[3.080s] Invoked command in '/home/chandan/JdeRobotGSOC_2021/ROS2_challenge/catkin_ws/build/ebot_description' returned '0': /usr/bin/cmake --build /home/chandan/JdeRobotGSOC_2021/ROS2_challenge/catkin_ws/build/ebot_description --target tests -- -j12 -l12
[3.128s] Invoking command in '/home/chandan/JdeRobotGSOC_2021/ROS2_challenge/catkin_ws/build/ebot_description': /usr/bin/cmake --build /home/chandan/JdeRobotGSOC_2021/ROS2_challenge/catkin_ws/build/ebot_description --target install -- -j12 -l12
[3.207s] [36mInstall the project...[0m
[3.223s] -- Install configuration: ""
[3.223s] -- Execute custom install script
[3.224s] -- Symlinking: /home/chandan/JdeRobotGSOC_2021/ROS2_challenge/catkin_ws/install/ebot_description/lib/pkgconfig/ebot_description.pc
[3.245s] -- Symlinking: /home/chandan/JdeRobotGSOC_2021/ROS2_challenge/catkin_ws/install/ebot_description/share/ebot_description/cmake/ebot_descriptionConfig.cmake
[3.259s] -- Symlinking: /home/chandan/JdeRobotGSOC_2021/ROS2_challenge/catkin_ws/install/ebot_description/share/ebot_description/cmake/ebot_descriptionConfig-version.cmake
[3.272s] -- Symlinking: /home/chandan/JdeRobotGSOC_2021/ROS2_challenge/catkin_ws/install/ebot_description/share/ebot_description/package.xml
[3.299s] Invoked command in '/home/chandan/JdeRobotGSOC_2021/ROS2_challenge/catkin_ws/build/ebot_description' returned '0': /usr/bin/cmake --build /home/chandan/JdeRobotGSOC_2021/ROS2_challenge/catkin_ws/build/ebot_description --target install -- -j12 -l12
