[0.261s] DEBUG:colcon:Command line arguments: ['/usr/bin/colcon', 'build', '--symlink-install']
[0.262s] DEBUG:colcon:Parsed command line arguments: Namespace(ament_cmake_args=None, base_paths=['.'], build_base='build', catkin_cmake_args=None, catkin_skip_building_tests=False, cmake_args=None, cmake_clean_cache=False, cmake_clean_first=False, cmake_force_configure=False, cmake_target=None, cmake_target_skip_unavailable=False, continue_on_error=False, event_handlers=None, executor='parallel', ignore_user_meta=False, install_base='install', log_base=None, log_level=None, main=<bound method BuildVerb.main of <colcon_core.verb.build.BuildVerb object at 0x7f213e50cba8>>, merge_install=False, metas=['./colcon.meta'], packages_above=None, packages_above_and_dependencies=None, packages_above_depth=None, packages_end=None, packages_ignore=None, packages_ignore_regex=None, packages_select=None, packages_select_build_failed=False, packages_select_by_dep=None, packages_select_regex=None, packages_select_test_failures=False, packages_skip=None, packages_skip_build_finished=False, packages_skip_by_dep=None, packages_skip_regex=None, packages_skip_test_passed=False, packages_skip_up_to=None, packages_start=None, packages_up_to=None, packages_up_to_regex=None, parallel_workers=12, paths=None, symlink_install=True, test_result_base=None, verb_extension=<colcon_core.verb.build.BuildVerb object at 0x7f213e50cba8>, verb_name='build', verb_parser=<colcon_defaults.argument_parser.defaults.DefaultArgumentsDecorator object at 0x7f213e50ce10>)
[0.269s] Level 1:colcon.colcon_core.package_discovery:discover_packages(colcon_meta) check parameters
[0.269s] Level 1:colcon.colcon_core.package_discovery:discover_packages(recursive) check parameters
[0.269s] Level 1:colcon.colcon_core.package_discovery:discover_packages(ignore) check parameters
[0.269s] Level 1:colcon.colcon_core.package_discovery:discover_packages(path) check parameters
[0.269s] Level 1:colcon.colcon_core.package_discovery:discover_packages(colcon_meta) discover
[0.270s] Level 1:colcon.colcon_core.package_discovery:discover_packages(recursive) discover
[0.270s] INFO:colcon.colcon_core.package_discovery:Crawling recursively for packages in '/home/chandan/JdeRobotGSOC_2021/ROS2_challenge/catkin_ws'
[0.270s] Level 1:colcon.colcon_core.package_identification:_identify(.) by extensions ['ignore', 'ignore_ament_install']
[0.270s] Level 1:colcon.colcon_core.package_identification:_identify(.) by extension 'ignore'
[0.271s] Level 1:colcon.colcon_core.package_identification:_identify(.) by extension 'ignore_ament_install'
[0.271s] Level 1:colcon.colcon_core.package_identification:_identify(.) by extensions ['colcon_pkg']
[0.271s] Level 1:colcon.colcon_core.package_identification:_identify(.) by extension 'colcon_pkg'
[0.271s] Level 1:colcon.colcon_core.package_identification:_identify(.) by extensions ['colcon_meta']
[0.271s] Level 1:colcon.colcon_core.package_identification:_identify(.) by extension 'colcon_meta'
[0.271s] Level 1:colcon.colcon_core.package_identification:_identify(.) by extensions ['ros']
[0.271s] Level 1:colcon.colcon_core.package_identification:_identify(.) by extension 'ros'
[0.291s] Level 1:colcon.colcon_core.package_identification:_identify(.) by extensions ['cmake', 'python']
[0.291s] Level 1:colcon.colcon_core.package_identification:_identify(.) by extension 'cmake'
[0.291s] Level 1:colcon.colcon_core.package_identification:_identify(.) by extension 'python'
[0.291s] Level 1:colcon.colcon_core.package_identification:_identify(.) by extensions ['python_setup_py']
[0.291s] Level 1:colcon.colcon_core.package_identification:_identify(.) by extension 'python_setup_py'
[0.292s] Level 1:colcon.colcon_core.package_identification:_identify(build) by extensions ['ignore', 'ignore_ament_install']
[0.292s] Level 1:colcon.colcon_core.package_identification:_identify(build) by extension 'ignore'
[0.292s] Level 1:colcon.colcon_core.package_identification:_identify(build) ignored
[0.292s] Level 1:colcon.colcon_core.package_identification:_identify(install) by extensions ['ignore', 'ignore_ament_install']
[0.293s] Level 1:colcon.colcon_core.package_identification:_identify(install) by extension 'ignore'
[0.293s] Level 1:colcon.colcon_core.package_identification:_identify(install) ignored
[0.293s] Level 1:colcon.colcon_core.package_identification:_identify(log) by extensions ['ignore', 'ignore_ament_install']
[0.293s] Level 1:colcon.colcon_core.package_identification:_identify(log) by extension 'ignore'
[0.293s] Level 1:colcon.colcon_core.package_identification:_identify(log) ignored
[0.293s] Level 1:colcon.colcon_core.package_identification:_identify(src) by extensions ['ignore', 'ignore_ament_install']
[0.293s] Level 1:colcon.colcon_core.package_identification:_identify(src) by extension 'ignore'
[0.293s] Level 1:colcon.colcon_core.package_identification:_identify(src) by extension 'ignore_ament_install'
[0.293s] Level 1:colcon.colcon_core.package_identification:_identify(src) by extensions ['colcon_pkg']
[0.293s] Level 1:colcon.colcon_core.package_identification:_identify(src) by extension 'colcon_pkg'
[0.293s] Level 1:colcon.colcon_core.package_identification:_identify(src) by extensions ['colcon_meta']
[0.294s] Level 1:colcon.colcon_core.package_identification:_identify(src) by extension 'colcon_meta'
[0.294s] Level 1:colcon.colcon_core.package_identification:_identify(src) by extensions ['ros']
[0.294s] Level 1:colcon.colcon_core.package_identification:_identify(src) by extension 'ros'
[0.294s] Level 1:colcon.colcon_core.package_identification:_identify(src) by extensions ['cmake', 'python']
[0.294s] Level 1:colcon.colcon_core.package_identification:_identify(src) by extension 'cmake'
[0.294s] Level 1:colcon.colcon_core.package_identification:_identify(src) by extension 'python'
[0.294s] Level 1:colcon.colcon_core.package_identification:_identify(src) by extensions ['python_setup_py']
[0.294s] Level 1:colcon.colcon_core.package_identification:_identify(src) by extension 'python_setup_py'
[0.294s] Level 1:colcon.colcon_core.package_identification:_identify(src/ebot_controller) by extensions ['ignore', 'ignore_ament_install']
[0.294s] Level 1:colcon.colcon_core.package_identification:_identify(src/ebot_controller) by extension 'ignore'
[0.294s] Level 1:colcon.colcon_core.package_identification:_identify(src/ebot_controller) by extension 'ignore_ament_install'
[0.294s] Level 1:colcon.colcon_core.package_identification:_identify(src/ebot_controller) by extensions ['colcon_pkg']
[0.294s] Level 1:colcon.colcon_core.package_identification:_identify(src/ebot_controller) by extension 'colcon_pkg'
[0.294s] Level 1:colcon.colcon_core.package_identification:_identify(src/ebot_controller) by extensions ['colcon_meta']
[0.294s] Level 1:colcon.colcon_core.package_identification:_identify(src/ebot_controller) by extension 'colcon_meta'
[0.295s] Level 1:colcon.colcon_core.package_identification:_identify(src/ebot_controller) by extensions ['ros']
[0.295s] Level 1:colcon.colcon_core.package_identification:_identify(src/ebot_controller) by extension 'ros'
[0.298s] DEBUG:colcon.colcon_core.package_identification:Package 'src/ebot_controller' with type 'ros.catkin' and name 'ebot_controller'
[0.298s] Level 1:colcon.colcon_core.package_identification:_identify(src/ebot_description) by extensions ['ignore', 'ignore_ament_install']
[0.298s] Level 1:colcon.colcon_core.package_identification:_identify(src/ebot_description) by extension 'ignore'
[0.298s] Level 1:colcon.colcon_core.package_identification:_identify(src/ebot_description) by extension 'ignore_ament_install'
[0.299s] Level 1:colcon.colcon_core.package_identification:_identify(src/ebot_description) by extensions ['colcon_pkg']
[0.299s] Level 1:colcon.colcon_core.package_identification:_identify(src/ebot_description) by extension 'colcon_pkg'
[0.299s] Level 1:colcon.colcon_core.package_identification:_identify(src/ebot_description) by extensions ['colcon_meta']
[0.299s] Level 1:colcon.colcon_core.package_identification:_identify(src/ebot_description) by extension 'colcon_meta'
[0.299s] Level 1:colcon.colcon_core.package_identification:_identify(src/ebot_description) by extensions ['ros']
[0.299s] Level 1:colcon.colcon_core.package_identification:_identify(src/ebot_description) by extension 'ros'
[0.300s] DEBUG:colcon.colcon_core.package_identification:Package 'src/ebot_description' with type 'ros.catkin' and name 'ebot_description'
[0.300s] Level 1:colcon.colcon_core.package_identification:_identify(src/ros2_is_fun) by extensions ['ignore', 'ignore_ament_install']
[0.300s] Level 1:colcon.colcon_core.package_identification:_identify(src/ros2_is_fun) by extension 'ignore'
[0.300s] Level 1:colcon.colcon_core.package_identification:_identify(src/ros2_is_fun) by extension 'ignore_ament_install'
[0.300s] Level 1:colcon.colcon_core.package_identification:_identify(src/ros2_is_fun) by extensions ['colcon_pkg']
[0.300s] Level 1:colcon.colcon_core.package_identification:_identify(src/ros2_is_fun) by extension 'colcon_pkg'
[0.300s] Level 1:colcon.colcon_core.package_identification:_identify(src/ros2_is_fun) by extensions ['colcon_meta']
[0.300s] Level 1:colcon.colcon_core.package_identification:_identify(src/ros2_is_fun) by extension 'colcon_meta'
[0.300s] Level 1:colcon.colcon_core.package_identification:_identify(src/ros2_is_fun) by extensions ['ros']
[0.301s] Level 1:colcon.colcon_core.package_identification:_identify(src/ros2_is_fun) by extension 'ros'
[0.301s] DEBUG:colcon.colcon_core.package_identification:Package 'src/ros2_is_fun' with type 'ros.catkin' and name 'ros2_is_fun'
[0.301s] Level 1:colcon.colcon_core.package_discovery:discover_packages(recursive) using defaults
[0.302s] Level 1:colcon.colcon_core.package_discovery:discover_packages(ignore) discover
[0.302s] Level 1:colcon.colcon_core.package_discovery:discover_packages(ignore) using defaults
[0.302s] Level 1:colcon.colcon_core.package_discovery:discover_packages(path) discover
[0.302s] Level 1:colcon.colcon_core.package_discovery:discover_packages(path) using defaults
[0.338s] Level 5:colcon.colcon_core.verb:set package 'ebot_controller' build argument 'cmake_args' from command line to 'None'
[0.338s] Level 5:colcon.colcon_core.verb:set package 'ebot_controller' build argument 'cmake_target' from command line to 'None'
[0.338s] Level 5:colcon.colcon_core.verb:set package 'ebot_controller' build argument 'cmake_target_skip_unavailable' from command line to 'False'
[0.338s] Level 5:colcon.colcon_core.verb:set package 'ebot_controller' build argument 'cmake_clean_cache' from command line to 'False'
[0.338s] Level 5:colcon.colcon_core.verb:set package 'ebot_controller' build argument 'cmake_clean_first' from command line to 'False'
[0.338s] Level 5:colcon.colcon_core.verb:set package 'ebot_controller' build argument 'cmake_force_configure' from command line to 'False'
[0.338s] Level 5:colcon.colcon_core.verb:set package 'ebot_controller' build argument 'ament_cmake_args' from command line to 'None'
[0.338s] Level 5:colcon.colcon_core.verb:set package 'ebot_controller' build argument 'catkin_cmake_args' from command line to 'None'
[0.338s] Level 5:colcon.colcon_core.verb:set package 'ebot_controller' build argument 'catkin_skip_building_tests' from command line to 'False'
[0.339s] DEBUG:colcon.colcon_core.verb:Building package 'ebot_controller' with the following arguments: {'ament_cmake_args': None, 'build_base': '/home/chandan/JdeRobotGSOC_2021/ROS2_challenge/catkin_ws/build/ebot_controller', 'catkin_cmake_args': None, 'catkin_skip_building_tests': False, 'cmake_args': None, 'cmake_clean_cache': False, 'cmake_clean_first': False, 'cmake_force_configure': False, 'cmake_target': None, 'cmake_target_skip_unavailable': False, 'install_base': '/home/chandan/JdeRobotGSOC_2021/ROS2_challenge/catkin_ws/install/ebot_controller', 'merge_install': False, 'path': '/home/chandan/JdeRobotGSOC_2021/ROS2_challenge/catkin_ws/src/ebot_controller', 'symlink_install': True, 'test_result_base': None}
[0.344s] Level 5:colcon.colcon_core.verb:set package 'ebot_description' build argument 'cmake_args' from command line to 'None'
[0.345s] Level 5:colcon.colcon_core.verb:set package 'ebot_description' build argument 'cmake_target' from command line to 'None'
[0.345s] Level 5:colcon.colcon_core.verb:set package 'ebot_description' build argument 'cmake_target_skip_unavailable' from command line to 'False'
[0.345s] Level 5:colcon.colcon_core.verb:set package 'ebot_description' build argument 'cmake_clean_cache' from command line to 'False'
[0.345s] Level 5:colcon.colcon_core.verb:set package 'ebot_description' build argument 'cmake_clean_first' from command line to 'False'
[0.345s] Level 5:colcon.colcon_core.verb:set package 'ebot_description' build argument 'cmake_force_configure' from command line to 'False'
[0.345s] Level 5:colcon.colcon_core.verb:set package 'ebot_description' build argument 'ament_cmake_args' from command line to 'None'
[0.345s] Level 5:colcon.colcon_core.verb:set package 'ebot_description' build argument 'catkin_cmake_args' from command line to 'None'
[0.345s] Level 5:colcon.colcon_core.verb:set package 'ebot_description' build argument 'catkin_skip_building_tests' from command line to 'False'
[0.345s] DEBUG:colcon.colcon_core.verb:Building package 'ebot_description' with the following arguments: {'ament_cmake_args': None, 'build_base': '/home/chandan/JdeRobotGSOC_2021/ROS2_challenge/catkin_ws/build/ebot_description', 'catkin_cmake_args': None, 'catkin_skip_building_tests': False, 'cmake_args': None, 'cmake_clean_cache': False, 'cmake_clean_first': False, 'cmake_force_configure': False, 'cmake_target': None, 'cmake_target_skip_unavailable': False, 'install_base': '/home/chandan/JdeRobotGSOC_2021/ROS2_challenge/catkin_ws/install/ebot_description', 'merge_install': False, 'path': '/home/chandan/JdeRobotGSOC_2021/ROS2_challenge/catkin_ws/src/ebot_description', 'symlink_install': True, 'test_result_base': None}
[0.351s] Level 5:colcon.colcon_core.verb:set package 'ros2_is_fun' build argument 'cmake_args' from command line to 'None'
[0.351s] Level 5:colcon.colcon_core.verb:set package 'ros2_is_fun' build argument 'cmake_target' from command line to 'None'
[0.351s] Level 5:colcon.colcon_core.verb:set package 'ros2_is_fun' build argument 'cmake_target_skip_unavailable' from command line to 'False'
[0.351s] Level 5:colcon.colcon_core.verb:set package 'ros2_is_fun' build argument 'cmake_clean_cache' from command line to 'False'
[0.351s] Level 5:colcon.colcon_core.verb:set package 'ros2_is_fun' build argument 'cmake_clean_first' from command line to 'False'
[0.351s] Level 5:colcon.colcon_core.verb:set package 'ros2_is_fun' build argument 'cmake_force_configure' from command line to 'False'
[0.351s] Level 5:colcon.colcon_core.verb:set package 'ros2_is_fun' build argument 'ament_cmake_args' from command line to 'None'
[0.351s] Level 5:colcon.colcon_core.verb:set package 'ros2_is_fun' build argument 'catkin_cmake_args' from command line to 'None'
[0.351s] Level 5:colcon.colcon_core.verb:set package 'ros2_is_fun' build argument 'catkin_skip_building_tests' from command line to 'False'
[0.351s] DEBUG:colcon.colcon_core.verb:Building package 'ros2_is_fun' with the following arguments: {'ament_cmake_args': None, 'build_base': '/home/chandan/JdeRobotGSOC_2021/ROS2_challenge/catkin_ws/build/ros2_is_fun', 'catkin_cmake_args': None, 'catkin_skip_building_tests': False, 'cmake_args': None, 'cmake_clean_cache': False, 'cmake_clean_first': False, 'cmake_force_configure': False, 'cmake_target': None, 'cmake_target_skip_unavailable': False, 'install_base': '/home/chandan/JdeRobotGSOC_2021/ROS2_challenge/catkin_ws/install/ros2_is_fun', 'merge_install': False, 'path': '/home/chandan/JdeRobotGSOC_2021/ROS2_challenge/catkin_ws/src/ros2_is_fun', 'symlink_install': True, 'test_result_base': None}
[0.352s] INFO:colcon.colcon_core.executor:Executing jobs using 'parallel' executor
[0.355s] DEBUG:colcon.colcon_parallel_executor.executor.parallel:run_until_complete
[0.356s] INFO:colcon.colcon_ros.task.catkin.build:Building ROS package in '/home/chandan/JdeRobotGSOC_2021/ROS2_challenge/catkin_ws/src/ebot_controller' with build type 'catkin'
[0.356s] INFO:colcon.colcon_cmake.task.cmake.build:Building CMake package in '/home/chandan/JdeRobotGSOC_2021/ROS2_challenge/catkin_ws/src/ebot_controller'
[0.376s] INFO:colcon.colcon_core.plugin_system:Skipping extension 'colcon_core.shell.bat': Not used on non-Windows systems
[0.377s] INFO:colcon.colcon_core.shell:Skip shell extension 'powershell' for command environment: Not usable outside of PowerShell
[0.377s] DEBUG:colcon.colcon_core.shell:Skip shell extension 'dsv' for command environment
[0.380s] WARNING:colcon.colcon_ros.prefix_path.catkin:The path '/home/chandan/JdeRobotGSOC_2021/ROS2_challenge/catkin_ws/install/ROS2_is_Fun' in the environment variable CMAKE_PREFIX_PATH doesn't exist
[0.381s] DEBUG:colcon.colcon_core.shell:Ignoring prefix path '/home/chandan/catkin_ws/devel'
[0.381s] DEBUG:colcon.colcon_core.shell:Ignoring prefix path '/opt/ros/melodic'
[0.385s] INFO:colcon.colcon_ros.task.catkin.build:Building ROS package in '/home/chandan/JdeRobotGSOC_2021/ROS2_challenge/catkin_ws/src/ebot_description' with build type 'catkin'
[0.385s] INFO:colcon.colcon_cmake.task.cmake.build:Building CMake package in '/home/chandan/JdeRobotGSOC_2021/ROS2_challenge/catkin_ws/src/ebot_description'
[0.387s] INFO:colcon.colcon_core.shell:Skip shell extension 'powershell' for command environment: Not usable outside of PowerShell
[0.388s] DEBUG:colcon.colcon_core.shell:Skip shell extension 'dsv' for command environment
[0.393s] DEBUG:colcon.colcon_core.shell:Ignoring prefix path '/home/chandan/catkin_ws/devel'
[0.393s] DEBUG:colcon.colcon_core.shell:Ignoring prefix path '/opt/ros/melodic'
[0.396s] INFO:colcon.colcon_ros.task.catkin.build:Building ROS package in '/home/chandan/JdeRobotGSOC_2021/ROS2_challenge/catkin_ws/src/ros2_is_fun' with build type 'catkin'
[0.397s] INFO:colcon.colcon_cmake.task.cmake.build:Building CMake package in '/home/chandan/JdeRobotGSOC_2021/ROS2_challenge/catkin_ws/src/ros2_is_fun'
[0.398s] INFO:colcon.colcon_core.shell:Skip shell extension 'powershell' for command environment: Not usable outside of PowerShell
[0.398s] DEBUG:colcon.colcon_core.shell:Skip shell extension 'dsv' for command environment
[0.401s] DEBUG:colcon.colcon_core.shell:Ignoring prefix path '/home/chandan/catkin_ws/devel'
[0.401s] DEBUG:colcon.colcon_core.shell:Ignoring prefix path '/opt/ros/melodic'
[0.417s] DEBUG:colcon.colcon_core.event_handler.log_command:Invoking command in '/home/chandan/JdeRobotGSOC_2021/ROS2_challenge/catkin_ws/build/ebot_controller': /usr/bin/cmake --build /home/chandan/JdeRobotGSOC_2021/ROS2_challenge/catkin_ws/build/ebot_controller -- -j12 -l12
[0.425s] DEBUG:colcon.colcon_core.event_handler.log_command:Invoking command in '/home/chandan/JdeRobotGSOC_2021/ROS2_challenge/catkin_ws/build/ebot_description': /usr/bin/cmake --build /home/chandan/JdeRobotGSOC_2021/ROS2_challenge/catkin_ws/build/ebot_description -- -j12 -l12
[0.434s] DEBUG:colcon.colcon_core.event_handler.log_command:Invoking command in '/home/chandan/JdeRobotGSOC_2021/ROS2_challenge/catkin_ws/build/ros2_is_fun': /usr/bin/cmake /home/chandan/JdeRobotGSOC_2021/ROS2_challenge/catkin_ws/src/ros2_is_fun -DCATKIN_INSTALL_INTO_PREFIX_ROOT=0 -DCATKIN_SYMLINK_INSTALL=ON -DCMAKE_INSTALL_PREFIX=/home/chandan/JdeRobotGSOC_2021/ROS2_challenge/catkin_ws/install/ros2_is_fun
[0.486s] DEBUG:colcon.colcon_core.event_handler.log_command:Invoked command in '/home/chandan/JdeRobotGSOC_2021/ROS2_challenge/catkin_ws/build/ebot_description' returned '0': /usr/bin/cmake --build /home/chandan/JdeRobotGSOC_2021/ROS2_challenge/catkin_ws/build/ebot_description -- -j12 -l12
[0.533s] DEBUG:colcon.colcon_core.event_handler.log_command:Invoking command in '/home/chandan/JdeRobotGSOC_2021/ROS2_challenge/catkin_ws/build/ebot_description': /usr/bin/cmake --build /home/chandan/JdeRobotGSOC_2021/ROS2_challenge/catkin_ws/build/ebot_description --target tests -- -j12 -l12
[0.657s] DEBUG:colcon.colcon_core.event_handler.log_command:Invoked command in '/home/chandan/JdeRobotGSOC_2021/ROS2_challenge/catkin_ws/build/ebot_description' returned '0': /usr/bin/cmake --build /home/chandan/JdeRobotGSOC_2021/ROS2_challenge/catkin_ws/build/ebot_description --target tests -- -j12 -l12
[0.715s] DEBUG:colcon.colcon_core.event_handler.log_command:Invoking command in '/home/chandan/JdeRobotGSOC_2021/ROS2_challenge/catkin_ws/build/ebot_description': /usr/bin/cmake --build /home/chandan/JdeRobotGSOC_2021/ROS2_challenge/catkin_ws/build/ebot_description --target install -- -j12 -l12
[0.877s] DEBUG:colcon.colcon_core.event_handler.log_command:Invoked command in '/home/chandan/JdeRobotGSOC_2021/ROS2_challenge/catkin_ws/build/ebot_description' returned '0': /usr/bin/cmake --build /home/chandan/JdeRobotGSOC_2021/ROS2_challenge/catkin_ws/build/ebot_description --target install -- -j12 -l12
[0.926s] Level 1:colcon.colcon_core.shell:create_environment_hook('ebot_description', 'ros_package_path')
[0.928s] INFO:colcon.colcon_core.shell:Creating environment hook '/home/chandan/JdeRobotGSOC_2021/ROS2_challenge/catkin_ws/install/ebot_description/share/ebot_description/hook/ros_package_path.ps1'
[0.930s] INFO:colcon.colcon_core.shell:Creating environment descriptor '/home/chandan/JdeRobotGSOC_2021/ROS2_challenge/catkin_ws/install/ebot_description/share/ebot_description/hook/ros_package_path.dsv'
[0.931s] INFO:colcon.colcon_core.shell:Creating environment hook '/home/chandan/JdeRobotGSOC_2021/ROS2_challenge/catkin_ws/install/ebot_description/share/ebot_description/hook/ros_package_path.sh'
[0.932s] Level 1:colcon.colcon_ros.task.catkin:checking '/home/chandan/JdeRobotGSOC_2021/ROS2_challenge/catkin_ws/install/ebot_description/lib/python2.7/dist-packages'
[0.932s] Level 1:colcon.colcon_core.shell:create_environment_hook('ebot_description', 'pkg_config_path')
[0.934s] INFO:colcon.colcon_core.shell:Creating environment hook '/home/chandan/JdeRobotGSOC_2021/ROS2_challenge/catkin_ws/install/ebot_description/share/ebot_description/hook/pkg_config_path.ps1'
[0.935s] INFO:colcon.colcon_core.shell:Creating environment descriptor '/home/chandan/JdeRobotGSOC_2021/ROS2_challenge/catkin_ws/install/ebot_description/share/ebot_description/hook/pkg_config_path.dsv'
[0.935s] INFO:colcon.colcon_core.shell:Creating environment hook '/home/chandan/JdeRobotGSOC_2021/ROS2_challenge/catkin_ws/install/ebot_description/share/ebot_description/hook/pkg_config_path.sh'
[0.942s] Level 1:colcon.colcon_core.shell:create_environment_hook('ebot_description', 'pkg_config_path_multiarch')
[0.944s] INFO:colcon.colcon_core.shell:Creating environment hook '/home/chandan/JdeRobotGSOC_2021/ROS2_challenge/catkin_ws/install/ebot_description/share/ebot_description/hook/pkg_config_path_multiarch.ps1'
[0.945s] INFO:colcon.colcon_core.shell:Creating environment descriptor '/home/chandan/JdeRobotGSOC_2021/ROS2_challenge/catkin_ws/install/ebot_description/share/ebot_description/hook/pkg_config_path_multiarch.dsv'
[0.946s] INFO:colcon.colcon_core.shell:Creating environment hook '/home/chandan/JdeRobotGSOC_2021/ROS2_challenge/catkin_ws/install/ebot_description/share/ebot_description/hook/pkg_config_path_multiarch.sh'
[0.948s] Level 1:colcon.colcon_core.environment:create_environment_scripts_only(ebot_description)
[0.953s] Level 1:colcon.colcon_core.environment:checking '/home/chandan/JdeRobotGSOC_2021/ROS2_challenge/catkin_ws/install/ebot_description' for CMake module files
[0.954s] Level 1:colcon.colcon_core.environment:checking '/home/chandan/JdeRobotGSOC_2021/ROS2_challenge/catkin_ws/install/ebot_description' for CMake config files
[0.954s] Level 1:colcon.colcon_core.shell:create_environment_hook('ebot_description', 'cmake_prefix_path')
[0.955s] INFO:colcon.colcon_core.shell:Creating environment hook '/home/chandan/JdeRobotGSOC_2021/ROS2_challenge/catkin_ws/install/ebot_description/share/ebot_description/hook/cmake_prefix_path.ps1'
[0.956s] INFO:colcon.colcon_core.shell:Creating environment descriptor '/home/chandan/JdeRobotGSOC_2021/ROS2_challenge/catkin_ws/install/ebot_description/share/ebot_description/hook/cmake_prefix_path.dsv'
[0.957s] INFO:colcon.colcon_core.shell:Creating environment hook '/home/chandan/JdeRobotGSOC_2021/ROS2_challenge/catkin_ws/install/ebot_description/share/ebot_description/hook/cmake_prefix_path.sh'
[0.959s] Level 1:colcon.colcon_core.environment:checking '/home/chandan/JdeRobotGSOC_2021/ROS2_challenge/catkin_ws/install/ebot_description/lib'
[0.960s] Level 1:colcon.colcon_core.environment:checking '/home/chandan/JdeRobotGSOC_2021/ROS2_challenge/catkin_ws/install/ebot_description/bin'
[0.961s] Level 1:colcon.colcon_core.environment:checking '/home/chandan/JdeRobotGSOC_2021/ROS2_challenge/catkin_ws/install/ebot_description/lib/pkgconfig/ebot_description.pc'
[0.961s] Level 1:colcon.colcon_core.shell:create_environment_hook('ebot_description', 'pkg_config')
[0.963s] INFO:colcon.colcon_core.shell:Creating environment hook '/home/chandan/JdeRobotGSOC_2021/ROS2_challenge/catkin_ws/install/ebot_description/share/ebot_description/hook/pkg_config.ps1'
[0.964s] INFO:colcon.colcon_core.shell:Creating environment descriptor '/home/chandan/JdeRobotGSOC_2021/ROS2_challenge/catkin_ws/install/ebot_description/share/ebot_description/hook/pkg_config.dsv'
[0.965s] INFO:colcon.colcon_core.shell:Creating environment hook '/home/chandan/JdeRobotGSOC_2021/ROS2_challenge/catkin_ws/install/ebot_description/share/ebot_description/hook/pkg_config.sh'
[0.965s] Level 1:colcon.colcon_core.environment:checking '/home/chandan/JdeRobotGSOC_2021/ROS2_challenge/catkin_ws/install/ebot_description/lib/python3.6/site-packages'
[0.967s] INFO:colcon.colcon_core.shell:Creating package script '/home/chandan/JdeRobotGSOC_2021/ROS2_challenge/catkin_ws/install/ebot_description/share/ebot_description/package.ps1'
[0.970s] INFO:colcon.colcon_core.shell:Creating package descriptor '/home/chandan/JdeRobotGSOC_2021/ROS2_challenge/catkin_ws/install/ebot_description/share/ebot_description/package.dsv'
[0.971s] INFO:colcon.colcon_core.shell:Creating package script '/home/chandan/JdeRobotGSOC_2021/ROS2_challenge/catkin_ws/install/ebot_description/share/ebot_description/package.sh'
[0.973s] INFO:colcon.colcon_core.shell:Creating package script '/home/chandan/JdeRobotGSOC_2021/ROS2_challenge/catkin_ws/install/ebot_description/share/ebot_description/package.bash'
[0.975s] INFO:colcon.colcon_core.shell:Creating package script '/home/chandan/JdeRobotGSOC_2021/ROS2_challenge/catkin_ws/install/ebot_description/share/ebot_description/package.zsh'
[0.977s] Level 1:colcon.colcon_core.environment:create_file_with_runtime_dependencies(/home/chandan/JdeRobotGSOC_2021/ROS2_challenge/catkin_ws/install/ebot_description/share/colcon-core/packages/ebot_description)
[1.082s] DEBUG:colcon.colcon_core.event_handler.log_command:Invoked command in '/home/chandan/JdeRobotGSOC_2021/ROS2_challenge/catkin_ws/build/ros2_is_fun' returned '1': /usr/bin/cmake /home/chandan/JdeRobotGSOC_2021/ROS2_challenge/catkin_ws/src/ros2_is_fun -DCATKIN_INSTALL_INTO_PREFIX_ROOT=0 -DCATKIN_SYMLINK_INSTALL=ON -DCMAKE_INSTALL_PREFIX=/home/chandan/JdeRobotGSOC_2021/ROS2_challenge/catkin_ws/install/ros2_is_fun
[1.102s] Level 1:colcon.colcon_core.environment:create_environment_scripts_only(ros2_is_fun)
[1.105s] Level 1:colcon.colcon_core.environment:checking '/home/chandan/JdeRobotGSOC_2021/ROS2_challenge/catkin_ws/install/ros2_is_fun' for CMake module files
[1.105s] Level 1:colcon.colcon_core.environment:checking '/home/chandan/JdeRobotGSOC_2021/ROS2_challenge/catkin_ws/install/ros2_is_fun' for CMake config files
[1.107s] Level 1:colcon.colcon_core.environment:checking '/home/chandan/JdeRobotGSOC_2021/ROS2_challenge/catkin_ws/install/ros2_is_fun/bin'
[1.107s] Level 1:colcon.colcon_core.environment:checking '/home/chandan/JdeRobotGSOC_2021/ROS2_challenge/catkin_ws/install/ros2_is_fun/lib/pkgconfig/ros2_is_fun.pc'
[1.107s] Level 1:colcon.colcon_core.environment:checking '/home/chandan/JdeRobotGSOC_2021/ROS2_challenge/catkin_ws/install/ros2_is_fun/lib/python3.6/site-packages'
[1.108s] INFO:colcon.colcon_core.shell:Creating package script '/home/chandan/JdeRobotGSOC_2021/ROS2_challenge/catkin_ws/install/ros2_is_fun/share/ros2_is_fun/package.ps1'
[1.109s] INFO:colcon.colcon_core.shell:Creating package descriptor '/home/chandan/JdeRobotGSOC_2021/ROS2_challenge/catkin_ws/install/ros2_is_fun/share/ros2_is_fun/package.dsv'
[1.110s] INFO:colcon.colcon_core.shell:Creating package script '/home/chandan/JdeRobotGSOC_2021/ROS2_challenge/catkin_ws/install/ros2_is_fun/share/ros2_is_fun/package.sh'
[1.110s] INFO:colcon.colcon_core.shell:Creating package script '/home/chandan/JdeRobotGSOC_2021/ROS2_challenge/catkin_ws/install/ros2_is_fun/share/ros2_is_fun/package.bash'
[1.111s] INFO:colcon.colcon_core.shell:Creating package script '/home/chandan/JdeRobotGSOC_2021/ROS2_challenge/catkin_ws/install/ros2_is_fun/share/ros2_is_fun/package.zsh'
[1.111s] Level 1:colcon.colcon_core.environment:create_file_with_runtime_dependencies(/home/chandan/JdeRobotGSOC_2021/ROS2_challenge/catkin_ws/install/ros2_is_fun/share/colcon-core/packages/ros2_is_fun)
[1.402s] DEBUG:colcon.colcon_parallel_executor.executor.parallel:closing loop
[1.403s] DEBUG:colcon.colcon_parallel_executor.executor.parallel:loop closed
[1.404s] DEBUG:colcon.colcon_parallel_executor.executor.parallel:run_until_complete finished with '1'
[1.404s] DEBUG:colcon.colcon_core.event_reactor:joining thread
[1.414s] INFO:colcon.colcon_core.plugin_system:Skipping extension 'colcon_notification.desktop_notification.terminal_notifier': Not used on non-Darwin systems
[1.414s] INFO:colcon.colcon_core.plugin_system:Skipping extension 'colcon_notification.desktop_notification.win32': Not used on non-Windows systems
[1.414s] INFO:colcon.colcon_notification.desktop_notification:Sending desktop notification using 'notify2'
[1.420s] DEBUG:colcon.colcon_core.event_reactor:joined thread
[1.421s] INFO:colcon.colcon_core.shell:Creating prefix script '/home/chandan/JdeRobotGSOC_2021/ROS2_challenge/catkin_ws/install/local_setup.ps1'
[1.424s] INFO:colcon.colcon_core.shell:Creating prefix util module '/home/chandan/JdeRobotGSOC_2021/ROS2_challenge/catkin_ws/install/_local_setup_util_ps1.py'
[1.427s] INFO:colcon.colcon_core.shell:Creating prefix chain script '/home/chandan/JdeRobotGSOC_2021/ROS2_challenge/catkin_ws/install/setup.ps1'
[1.433s] INFO:colcon.colcon_core.shell:Creating prefix script '/home/chandan/JdeRobotGSOC_2021/ROS2_challenge/catkin_ws/install/local_setup.sh'
[1.434s] INFO:colcon.colcon_core.shell:Creating prefix util module '/home/chandan/JdeRobotGSOC_2021/ROS2_challenge/catkin_ws/install/_local_setup_util_sh.py'
[1.435s] INFO:colcon.colcon_core.shell:Creating prefix chain script '/home/chandan/JdeRobotGSOC_2021/ROS2_challenge/catkin_ws/install/setup.sh'
[1.439s] INFO:colcon.colcon_core.shell:Creating prefix script '/home/chandan/JdeRobotGSOC_2021/ROS2_challenge/catkin_ws/install/local_setup.bash'
[1.440s] INFO:colcon.colcon_core.shell:Creating prefix chain script '/home/chandan/JdeRobotGSOC_2021/ROS2_challenge/catkin_ws/install/setup.bash'
[1.444s] INFO:colcon.colcon_core.shell:Creating prefix script '/home/chandan/JdeRobotGSOC_2021/ROS2_challenge/catkin_ws/install/local_setup.zsh'
[1.445s] INFO:colcon.colcon_core.shell:Creating prefix chain script '/home/chandan/JdeRobotGSOC_2021/ROS2_challenge/catkin_ws/install/setup.zsh'
