[0.254s] DEBUG:colcon:Command line arguments: ['/usr/bin/colcon', 'build', '--symlink-install']
[0.255s] DEBUG:colcon:Parsed command line arguments: Namespace(ament_cmake_args=None, base_paths=['.'], build_base='build', catkin_cmake_args=None, catkin_skip_building_tests=False, cmake_args=None, cmake_clean_cache=False, cmake_clean_first=False, cmake_force_configure=False, cmake_target=None, cmake_target_skip_unavailable=False, continue_on_error=False, event_handlers=None, executor='parallel', ignore_user_meta=False, install_base='install', log_base=None, log_level=None, main=<bound method BuildVerb.main of <colcon_core.verb.build.BuildVerb object at 0x7f1ce3281c18>>, merge_install=False, metas=['./colcon.meta'], packages_above=None, packages_above_and_dependencies=None, packages_above_depth=None, packages_end=None, packages_ignore=None, packages_ignore_regex=None, packages_select=None, packages_select_build_failed=False, packages_select_by_dep=None, packages_select_regex=None, packages_select_test_failures=False, packages_skip=None, packages_skip_build_finished=False, packages_skip_by_dep=None, packages_skip_regex=None, packages_skip_test_passed=False, packages_skip_up_to=None, packages_start=None, packages_up_to=None, packages_up_to_regex=None, parallel_workers=12, paths=None, symlink_install=True, test_result_base=None, verb_extension=<colcon_core.verb.build.BuildVerb object at 0x7f1ce3281c18>, verb_name='build', verb_parser=<colcon_defaults.argument_parser.defaults.DefaultArgumentsDecorator object at 0x7f1ce3281e80>)
[0.263s] Level 1:colcon.colcon_core.package_discovery:discover_packages(colcon_meta) check parameters
[0.264s] Level 1:colcon.colcon_core.package_discovery:discover_packages(recursive) check parameters
[0.264s] Level 1:colcon.colcon_core.package_discovery:discover_packages(ignore) check parameters
[0.264s] Level 1:colcon.colcon_core.package_discovery:discover_packages(path) check parameters
[0.264s] Level 1:colcon.colcon_core.package_discovery:discover_packages(colcon_meta) discover
[0.264s] Level 1:colcon.colcon_core.package_discovery:discover_packages(recursive) discover
[0.264s] INFO:colcon.colcon_core.package_discovery:Crawling recursively for packages in '/home/chandan/JdeRobotGSOC_2021/ROS2_challenge/catkin_ws'
[0.264s] Level 1:colcon.colcon_core.package_identification:_identify(.) by extensions ['ignore', 'ignore_ament_install']
[0.265s] Level 1:colcon.colcon_core.package_identification:_identify(.) by extension 'ignore'
[0.265s] Level 1:colcon.colcon_core.package_identification:_identify(.) by extension 'ignore_ament_install'
[0.265s] Level 1:colcon.colcon_core.package_identification:_identify(.) by extensions ['colcon_pkg']
[0.265s] Level 1:colcon.colcon_core.package_identification:_identify(.) by extension 'colcon_pkg'
[0.265s] Level 1:colcon.colcon_core.package_identification:_identify(.) by extensions ['colcon_meta']
[0.265s] Level 1:colcon.colcon_core.package_identification:_identify(.) by extension 'colcon_meta'
[0.265s] Level 1:colcon.colcon_core.package_identification:_identify(.) by extensions ['ros']
[0.265s] Level 1:colcon.colcon_core.package_identification:_identify(.) by extension 'ros'
[0.282s] Level 1:colcon.colcon_core.package_identification:_identify(.) by extensions ['cmake', 'python']
[0.282s] Level 1:colcon.colcon_core.package_identification:_identify(.) by extension 'cmake'
[0.283s] Level 1:colcon.colcon_core.package_identification:_identify(.) by extension 'python'
[0.283s] Level 1:colcon.colcon_core.package_identification:_identify(.) by extensions ['python_setup_py']
[0.283s] Level 1:colcon.colcon_core.package_identification:_identify(.) by extension 'python_setup_py'
[0.283s] Level 1:colcon.colcon_core.package_identification:_identify(build) by extensions ['ignore', 'ignore_ament_install']
[0.283s] Level 1:colcon.colcon_core.package_identification:_identify(build) by extension 'ignore'
[0.283s] Level 1:colcon.colcon_core.package_identification:_identify(build) ignored
[0.284s] Level 1:colcon.colcon_core.package_identification:_identify(install) by extensions ['ignore', 'ignore_ament_install']
[0.284s] Level 1:colcon.colcon_core.package_identification:_identify(install) by extension 'ignore'
[0.284s] Level 1:colcon.colcon_core.package_identification:_identify(install) ignored
[0.284s] Level 1:colcon.colcon_core.package_identification:_identify(log) by extensions ['ignore', 'ignore_ament_install']
[0.284s] Level 1:colcon.colcon_core.package_identification:_identify(log) by extension 'ignore'
[0.284s] Level 1:colcon.colcon_core.package_identification:_identify(log) ignored
[0.284s] Level 1:colcon.colcon_core.package_identification:_identify(src) by extensions ['ignore', 'ignore_ament_install']
[0.284s] Level 1:colcon.colcon_core.package_identification:_identify(src) by extension 'ignore'
[0.284s] Level 1:colcon.colcon_core.package_identification:_identify(src) by extension 'ignore_ament_install'
[0.285s] Level 1:colcon.colcon_core.package_identification:_identify(src) by extensions ['colcon_pkg']
[0.285s] Level 1:colcon.colcon_core.package_identification:_identify(src) by extension 'colcon_pkg'
[0.285s] Level 1:colcon.colcon_core.package_identification:_identify(src) by extensions ['colcon_meta']
[0.285s] Level 1:colcon.colcon_core.package_identification:_identify(src) by extension 'colcon_meta'
[0.285s] Level 1:colcon.colcon_core.package_identification:_identify(src) by extensions ['ros']
[0.285s] Level 1:colcon.colcon_core.package_identification:_identify(src) by extension 'ros'
[0.285s] Level 1:colcon.colcon_core.package_identification:_identify(src) by extensions ['cmake', 'python']
[0.285s] Level 1:colcon.colcon_core.package_identification:_identify(src) by extension 'cmake'
[0.285s] Level 1:colcon.colcon_core.package_identification:_identify(src) by extension 'python'
[0.285s] Level 1:colcon.colcon_core.package_identification:_identify(src) by extensions ['python_setup_py']
[0.285s] Level 1:colcon.colcon_core.package_identification:_identify(src) by extension 'python_setup_py'
[0.286s] Level 1:colcon.colcon_core.package_identification:_identify(src/ebot_controller) by extensions ['ignore', 'ignore_ament_install']
[0.286s] Level 1:colcon.colcon_core.package_identification:_identify(src/ebot_controller) by extension 'ignore'
[0.286s] Level 1:colcon.colcon_core.package_identification:_identify(src/ebot_controller) by extension 'ignore_ament_install'
[0.286s] Level 1:colcon.colcon_core.package_identification:_identify(src/ebot_controller) by extensions ['colcon_pkg']
[0.286s] Level 1:colcon.colcon_core.package_identification:_identify(src/ebot_controller) by extension 'colcon_pkg'
[0.286s] Level 1:colcon.colcon_core.package_identification:_identify(src/ebot_controller) by extensions ['colcon_meta']
[0.286s] Level 1:colcon.colcon_core.package_identification:_identify(src/ebot_controller) by extension 'colcon_meta'
[0.286s] Level 1:colcon.colcon_core.package_identification:_identify(src/ebot_controller) by extensions ['ros']
[0.286s] Level 1:colcon.colcon_core.package_identification:_identify(src/ebot_controller) by extension 'ros'
[0.290s] DEBUG:colcon.colcon_core.package_identification:Package 'src/ebot_controller' with type 'ros.catkin' and name 'ebot_controller'
[0.290s] Level 1:colcon.colcon_core.package_identification:_identify(src/ebot_description) by extensions ['ignore', 'ignore_ament_install']
[0.290s] Level 1:colcon.colcon_core.package_identification:_identify(src/ebot_description) by extension 'ignore'
[0.291s] Level 1:colcon.colcon_core.package_identification:_identify(src/ebot_description) by extension 'ignore_ament_install'
[0.291s] Level 1:colcon.colcon_core.package_identification:_identify(src/ebot_description) by extensions ['colcon_pkg']
[0.291s] Level 1:colcon.colcon_core.package_identification:_identify(src/ebot_description) by extension 'colcon_pkg'
[0.291s] Level 1:colcon.colcon_core.package_identification:_identify(src/ebot_description) by extensions ['colcon_meta']
[0.291s] Level 1:colcon.colcon_core.package_identification:_identify(src/ebot_description) by extension 'colcon_meta'
[0.291s] Level 1:colcon.colcon_core.package_identification:_identify(src/ebot_description) by extensions ['ros']
[0.291s] Level 1:colcon.colcon_core.package_identification:_identify(src/ebot_description) by extension 'ros'
[0.292s] DEBUG:colcon.colcon_core.package_identification:Package 'src/ebot_description' with type 'ros.catkin' and name 'ebot_description'
[0.292s] Level 1:colcon.colcon_core.package_identification:_identify(src/ros2_is_fun) by extensions ['ignore', 'ignore_ament_install']
[0.292s] Level 1:colcon.colcon_core.package_identification:_identify(src/ros2_is_fun) by extension 'ignore'
[0.292s] Level 1:colcon.colcon_core.package_identification:_identify(src/ros2_is_fun) by extension 'ignore_ament_install'
[0.292s] Level 1:colcon.colcon_core.package_identification:_identify(src/ros2_is_fun) by extensions ['colcon_pkg']
[0.293s] Level 1:colcon.colcon_core.package_identification:_identify(src/ros2_is_fun) by extension 'colcon_pkg'
[0.293s] Level 1:colcon.colcon_core.package_identification:_identify(src/ros2_is_fun) by extensions ['colcon_meta']
[0.293s] Level 1:colcon.colcon_core.package_identification:_identify(src/ros2_is_fun) by extension 'colcon_meta'
[0.293s] Level 1:colcon.colcon_core.package_identification:_identify(src/ros2_is_fun) by extensions ['ros']
[0.293s] Level 1:colcon.colcon_core.package_identification:_identify(src/ros2_is_fun) by extension 'ros'
[0.294s] DEBUG:colcon.colcon_core.package_identification:Package 'src/ros2_is_fun' with type 'ros.catkin' and name 'basics'
[0.294s] Level 1:colcon.colcon_core.package_discovery:discover_packages(recursive) using defaults
[0.294s] Level 1:colcon.colcon_core.package_discovery:discover_packages(ignore) discover
[0.294s] Level 1:colcon.colcon_core.package_discovery:discover_packages(ignore) using defaults
[0.294s] Level 1:colcon.colcon_core.package_discovery:discover_packages(path) discover
[0.295s] Level 1:colcon.colcon_core.package_discovery:discover_packages(path) using defaults
[0.329s] Level 5:colcon.colcon_core.verb:set package 'basics' build argument 'cmake_args' from command line to 'None'
[0.329s] Level 5:colcon.colcon_core.verb:set package 'basics' build argument 'cmake_target' from command line to 'None'
[0.329s] Level 5:colcon.colcon_core.verb:set package 'basics' build argument 'cmake_target_skip_unavailable' from command line to 'False'
[0.329s] Level 5:colcon.colcon_core.verb:set package 'basics' build argument 'cmake_clean_cache' from command line to 'False'
[0.329s] Level 5:colcon.colcon_core.verb:set package 'basics' build argument 'cmake_clean_first' from command line to 'False'
[0.329s] Level 5:colcon.colcon_core.verb:set package 'basics' build argument 'cmake_force_configure' from command line to 'False'
[0.329s] Level 5:colcon.colcon_core.verb:set package 'basics' build argument 'ament_cmake_args' from command line to 'None'
[0.329s] Level 5:colcon.colcon_core.verb:set package 'basics' build argument 'catkin_cmake_args' from command line to 'None'
[0.329s] Level 5:colcon.colcon_core.verb:set package 'basics' build argument 'catkin_skip_building_tests' from command line to 'False'
[0.329s] DEBUG:colcon.colcon_core.verb:Building package 'basics' with the following arguments: {'ament_cmake_args': None, 'build_base': '/home/chandan/JdeRobotGSOC_2021/ROS2_challenge/catkin_ws/build/basics', 'catkin_cmake_args': None, 'catkin_skip_building_tests': False, 'cmake_args': None, 'cmake_clean_cache': False, 'cmake_clean_first': False, 'cmake_force_configure': False, 'cmake_target': None, 'cmake_target_skip_unavailable': False, 'install_base': '/home/chandan/JdeRobotGSOC_2021/ROS2_challenge/catkin_ws/install/basics', 'merge_install': False, 'path': '/home/chandan/JdeRobotGSOC_2021/ROS2_challenge/catkin_ws/src/ros2_is_fun', 'symlink_install': True, 'test_result_base': None}
[0.334s] Level 5:colcon.colcon_core.verb:set package 'ebot_controller' build argument 'cmake_args' from command line to 'None'
[0.334s] Level 5:colcon.colcon_core.verb:set package 'ebot_controller' build argument 'cmake_target' from command line to 'None'
[0.335s] Level 5:colcon.colcon_core.verb:set package 'ebot_controller' build argument 'cmake_target_skip_unavailable' from command line to 'False'
[0.335s] Level 5:colcon.colcon_core.verb:set package 'ebot_controller' build argument 'cmake_clean_cache' from command line to 'False'
[0.335s] Level 5:colcon.colcon_core.verb:set package 'ebot_controller' build argument 'cmake_clean_first' from command line to 'False'
[0.335s] Level 5:colcon.colcon_core.verb:set package 'ebot_controller' build argument 'cmake_force_configure' from command line to 'False'
[0.335s] Level 5:colcon.colcon_core.verb:set package 'ebot_controller' build argument 'ament_cmake_args' from command line to 'None'
[0.335s] Level 5:colcon.colcon_core.verb:set package 'ebot_controller' build argument 'catkin_cmake_args' from command line to 'None'
[0.335s] Level 5:colcon.colcon_core.verb:set package 'ebot_controller' build argument 'catkin_skip_building_tests' from command line to 'False'
[0.335s] DEBUG:colcon.colcon_core.verb:Building package 'ebot_controller' with the following arguments: {'ament_cmake_args': None, 'build_base': '/home/chandan/JdeRobotGSOC_2021/ROS2_challenge/catkin_ws/build/ebot_controller', 'catkin_cmake_args': None, 'catkin_skip_building_tests': False, 'cmake_args': None, 'cmake_clean_cache': False, 'cmake_clean_first': False, 'cmake_force_configure': False, 'cmake_target': None, 'cmake_target_skip_unavailable': False, 'install_base': '/home/chandan/JdeRobotGSOC_2021/ROS2_challenge/catkin_ws/install/ebot_controller', 'merge_install': False, 'path': '/home/chandan/JdeRobotGSOC_2021/ROS2_challenge/catkin_ws/src/ebot_controller', 'symlink_install': True, 'test_result_base': None}
[0.341s] Level 5:colcon.colcon_core.verb:set package 'ebot_description' build argument 'cmake_args' from command line to 'None'
[0.342s] Level 5:colcon.colcon_core.verb:set package 'ebot_description' build argument 'cmake_target' from command line to 'None'
[0.342s] Level 5:colcon.colcon_core.verb:set package 'ebot_description' build argument 'cmake_target_skip_unavailable' from command line to 'False'
[0.342s] Level 5:colcon.colcon_core.verb:set package 'ebot_description' build argument 'cmake_clean_cache' from command line to 'False'
[0.342s] Level 5:colcon.colcon_core.verb:set package 'ebot_description' build argument 'cmake_clean_first' from command line to 'False'
[0.342s] Level 5:colcon.colcon_core.verb:set package 'ebot_description' build argument 'cmake_force_configure' from command line to 'False'
[0.342s] Level 5:colcon.colcon_core.verb:set package 'ebot_description' build argument 'ament_cmake_args' from command line to 'None'
[0.342s] Level 5:colcon.colcon_core.verb:set package 'ebot_description' build argument 'catkin_cmake_args' from command line to 'None'
[0.342s] Level 5:colcon.colcon_core.verb:set package 'ebot_description' build argument 'catkin_skip_building_tests' from command line to 'False'
[0.342s] DEBUG:colcon.colcon_core.verb:Building package 'ebot_description' with the following arguments: {'ament_cmake_args': None, 'build_base': '/home/chandan/JdeRobotGSOC_2021/ROS2_challenge/catkin_ws/build/ebot_description', 'catkin_cmake_args': None, 'catkin_skip_building_tests': False, 'cmake_args': None, 'cmake_clean_cache': False, 'cmake_clean_first': False, 'cmake_force_configure': False, 'cmake_target': None, 'cmake_target_skip_unavailable': False, 'install_base': '/home/chandan/JdeRobotGSOC_2021/ROS2_challenge/catkin_ws/install/ebot_description', 'merge_install': False, 'path': '/home/chandan/JdeRobotGSOC_2021/ROS2_challenge/catkin_ws/src/ebot_description', 'symlink_install': True, 'test_result_base': None}
[0.343s] INFO:colcon.colcon_core.executor:Executing jobs using 'parallel' executor
[0.346s] DEBUG:colcon.colcon_parallel_executor.executor.parallel:run_until_complete
[0.347s] INFO:colcon.colcon_ros.task.catkin.build:Building ROS package in '/home/chandan/JdeRobotGSOC_2021/ROS2_challenge/catkin_ws/src/ros2_is_fun' with build type 'catkin'
[0.347s] INFO:colcon.colcon_cmake.task.cmake.build:Building CMake package in '/home/chandan/JdeRobotGSOC_2021/ROS2_challenge/catkin_ws/src/ros2_is_fun'
[0.364s] INFO:colcon.colcon_core.plugin_system:Skipping extension 'colcon_core.shell.bat': Not used on non-Windows systems
[0.365s] INFO:colcon.colcon_core.shell:Skip shell extension 'powershell' for command environment: Not usable outside of PowerShell
[0.365s] DEBUG:colcon.colcon_core.shell:Skip shell extension 'dsv' for command environment
[0.370s] DEBUG:colcon.colcon_core.shell:Ignoring prefix path '/home/chandan/catkin_ws/devel'
[0.370s] DEBUG:colcon.colcon_core.shell:Ignoring prefix path '/opt/ros/melodic'
[0.374s] INFO:colcon.colcon_ros.task.catkin.build:Building ROS package in '/home/chandan/JdeRobotGSOC_2021/ROS2_challenge/catkin_ws/src/ebot_controller' with build type 'catkin'
[0.374s] INFO:colcon.colcon_cmake.task.cmake.build:Building CMake package in '/home/chandan/JdeRobotGSOC_2021/ROS2_challenge/catkin_ws/src/ebot_controller'
[0.377s] INFO:colcon.colcon_core.shell:Skip shell extension 'powershell' for command environment: Not usable outside of PowerShell
[0.378s] DEBUG:colcon.colcon_core.shell:Skip shell extension 'dsv' for command environment
[0.382s] DEBUG:colcon.colcon_core.shell:Ignoring prefix path '/home/chandan/catkin_ws/devel'
[0.382s] DEBUG:colcon.colcon_core.shell:Ignoring prefix path '/opt/ros/melodic'
[0.385s] INFO:colcon.colcon_ros.task.catkin.build:Building ROS package in '/home/chandan/JdeRobotGSOC_2021/ROS2_challenge/catkin_ws/src/ebot_description' with build type 'catkin'
[0.386s] INFO:colcon.colcon_cmake.task.cmake.build:Building CMake package in '/home/chandan/JdeRobotGSOC_2021/ROS2_challenge/catkin_ws/src/ebot_description'
[0.387s] INFO:colcon.colcon_core.shell:Skip shell extension 'powershell' for command environment: Not usable outside of PowerShell
[0.387s] DEBUG:colcon.colcon_core.shell:Skip shell extension 'dsv' for command environment
[0.390s] DEBUG:colcon.colcon_core.shell:Ignoring prefix path '/home/chandan/catkin_ws/devel'
[0.390s] DEBUG:colcon.colcon_core.shell:Ignoring prefix path '/opt/ros/melodic'
[0.405s] DEBUG:colcon.colcon_core.event_handler.log_command:Invoking command in '/home/chandan/JdeRobotGSOC_2021/ROS2_challenge/catkin_ws/build/basics': /usr/bin/cmake --build /home/chandan/JdeRobotGSOC_2021/ROS2_challenge/catkin_ws/build/basics -- -j12 -l12
[0.414s] DEBUG:colcon.colcon_core.event_handler.log_command:Invoking command in '/home/chandan/JdeRobotGSOC_2021/ROS2_challenge/catkin_ws/build/ebot_controller': /usr/bin/cmake /home/chandan/JdeRobotGSOC_2021/ROS2_challenge/catkin_ws/src/ebot_controller -DCATKIN_INSTALL_INTO_PREFIX_ROOT=0 -DCATKIN_SYMLINK_INSTALL=ON -DCMAKE_INSTALL_PREFIX=/home/chandan/JdeRobotGSOC_2021/ROS2_challenge/catkin_ws/install/ebot_controller
[0.418s] DEBUG:colcon.colcon_core.event_handler.log_command:Invoking command in '/home/chandan/JdeRobotGSOC_2021/ROS2_challenge/catkin_ws/build/ebot_description': /usr/bin/cmake /home/chandan/JdeRobotGSOC_2021/ROS2_challenge/catkin_ws/src/ebot_description -DCATKIN_INSTALL_INTO_PREFIX_ROOT=0 -DCATKIN_SYMLINK_INSTALL=ON -DCMAKE_INSTALL_PREFIX=/home/chandan/JdeRobotGSOC_2021/ROS2_challenge/catkin_ws/install/ebot_description
[0.467s] DEBUG:colcon.colcon_core.event_handler.log_command:Invoked command in '/home/chandan/JdeRobotGSOC_2021/ROS2_challenge/catkin_ws/build/basics' returned '0': /usr/bin/cmake --build /home/chandan/JdeRobotGSOC_2021/ROS2_challenge/catkin_ws/build/basics -- -j12 -l12
[0.508s] DEBUG:colcon.colcon_core.event_handler.log_command:Invoking command in '/home/chandan/JdeRobotGSOC_2021/ROS2_challenge/catkin_ws/build/basics': /usr/bin/cmake --build /home/chandan/JdeRobotGSOC_2021/ROS2_challenge/catkin_ws/build/basics --target tests -- -j12 -l12
[0.620s] DEBUG:colcon.colcon_core.event_handler.log_command:Invoked command in '/home/chandan/JdeRobotGSOC_2021/ROS2_challenge/catkin_ws/build/basics' returned '0': /usr/bin/cmake --build /home/chandan/JdeRobotGSOC_2021/ROS2_challenge/catkin_ws/build/basics --target tests -- -j12 -l12
[0.678s] DEBUG:colcon.colcon_core.event_handler.log_command:Invoking command in '/home/chandan/JdeRobotGSOC_2021/ROS2_challenge/catkin_ws/build/basics': /usr/bin/cmake --build /home/chandan/JdeRobotGSOC_2021/ROS2_challenge/catkin_ws/build/basics --target install -- -j12 -l12
[0.775s] DEBUG:colcon.colcon_core.event_handler.log_command:Invoked command in '/home/chandan/JdeRobotGSOC_2021/ROS2_challenge/catkin_ws/build/basics' returned '0': /usr/bin/cmake --build /home/chandan/JdeRobotGSOC_2021/ROS2_challenge/catkin_ws/build/basics --target install -- -j12 -l12
[0.816s] Level 1:colcon.colcon_core.shell:create_environment_hook('basics', 'ros_package_path')
[0.818s] INFO:colcon.colcon_core.shell:Creating environment hook '/home/chandan/JdeRobotGSOC_2021/ROS2_challenge/catkin_ws/install/basics/share/basics/hook/ros_package_path.ps1'
[0.820s] INFO:colcon.colcon_core.shell:Creating environment descriptor '/home/chandan/JdeRobotGSOC_2021/ROS2_challenge/catkin_ws/install/basics/share/basics/hook/ros_package_path.dsv'
[0.821s] INFO:colcon.colcon_core.shell:Creating environment hook '/home/chandan/JdeRobotGSOC_2021/ROS2_challenge/catkin_ws/install/basics/share/basics/hook/ros_package_path.sh'
[0.823s] Level 1:colcon.colcon_ros.task.catkin:checking '/home/chandan/JdeRobotGSOC_2021/ROS2_challenge/catkin_ws/install/basics/lib/python2.7/dist-packages'
[0.823s] Level 1:colcon.colcon_core.shell:create_environment_hook('basics', 'pkg_config_path')
[0.825s] INFO:colcon.colcon_core.shell:Creating environment hook '/home/chandan/JdeRobotGSOC_2021/ROS2_challenge/catkin_ws/install/basics/share/basics/hook/pkg_config_path.ps1'
[0.825s] INFO:colcon.colcon_core.shell:Creating environment descriptor '/home/chandan/JdeRobotGSOC_2021/ROS2_challenge/catkin_ws/install/basics/share/basics/hook/pkg_config_path.dsv'
[0.826s] INFO:colcon.colcon_core.shell:Creating environment hook '/home/chandan/JdeRobotGSOC_2021/ROS2_challenge/catkin_ws/install/basics/share/basics/hook/pkg_config_path.sh'
[0.832s] Level 1:colcon.colcon_core.shell:create_environment_hook('basics', 'pkg_config_path_multiarch')
[0.834s] INFO:colcon.colcon_core.shell:Creating environment hook '/home/chandan/JdeRobotGSOC_2021/ROS2_challenge/catkin_ws/install/basics/share/basics/hook/pkg_config_path_multiarch.ps1'
[0.836s] INFO:colcon.colcon_core.shell:Creating environment descriptor '/home/chandan/JdeRobotGSOC_2021/ROS2_challenge/catkin_ws/install/basics/share/basics/hook/pkg_config_path_multiarch.dsv'
[0.837s] INFO:colcon.colcon_core.shell:Creating environment hook '/home/chandan/JdeRobotGSOC_2021/ROS2_challenge/catkin_ws/install/basics/share/basics/hook/pkg_config_path_multiarch.sh'
[0.840s] Level 1:colcon.colcon_core.environment:create_environment_scripts_only(basics)
[0.845s] Level 1:colcon.colcon_core.environment:checking '/home/chandan/JdeRobotGSOC_2021/ROS2_challenge/catkin_ws/install/basics' for CMake module files
[0.846s] Level 1:colcon.colcon_core.environment:checking '/home/chandan/JdeRobotGSOC_2021/ROS2_challenge/catkin_ws/install/basics' for CMake config files
[0.847s] Level 1:colcon.colcon_core.shell:create_environment_hook('basics', 'cmake_prefix_path')
[0.848s] INFO:colcon.colcon_core.shell:Creating environment hook '/home/chandan/JdeRobotGSOC_2021/ROS2_challenge/catkin_ws/install/basics/share/basics/hook/cmake_prefix_path.ps1'
[0.849s] INFO:colcon.colcon_core.shell:Creating environment descriptor '/home/chandan/JdeRobotGSOC_2021/ROS2_challenge/catkin_ws/install/basics/share/basics/hook/cmake_prefix_path.dsv'
[0.849s] INFO:colcon.colcon_core.shell:Creating environment hook '/home/chandan/JdeRobotGSOC_2021/ROS2_challenge/catkin_ws/install/basics/share/basics/hook/cmake_prefix_path.sh'
[0.851s] Level 1:colcon.colcon_core.environment:checking '/home/chandan/JdeRobotGSOC_2021/ROS2_challenge/catkin_ws/install/basics/lib'
[0.851s] Level 1:colcon.colcon_core.environment:checking '/home/chandan/JdeRobotGSOC_2021/ROS2_challenge/catkin_ws/install/basics/bin'
[0.851s] Level 1:colcon.colcon_core.environment:checking '/home/chandan/JdeRobotGSOC_2021/ROS2_challenge/catkin_ws/install/basics/lib/pkgconfig/basics.pc'
[0.851s] Level 1:colcon.colcon_core.shell:create_environment_hook('basics', 'pkg_config')
[0.852s] INFO:colcon.colcon_core.shell:Creating environment hook '/home/chandan/JdeRobotGSOC_2021/ROS2_challenge/catkin_ws/install/basics/share/basics/hook/pkg_config.ps1'
[0.853s] INFO:colcon.colcon_core.shell:Creating environment descriptor '/home/chandan/JdeRobotGSOC_2021/ROS2_challenge/catkin_ws/install/basics/share/basics/hook/pkg_config.dsv'
[0.853s] INFO:colcon.colcon_core.shell:Creating environment hook '/home/chandan/JdeRobotGSOC_2021/ROS2_challenge/catkin_ws/install/basics/share/basics/hook/pkg_config.sh'
[0.854s] Level 1:colcon.colcon_core.environment:checking '/home/chandan/JdeRobotGSOC_2021/ROS2_challenge/catkin_ws/install/basics/lib/python3.6/site-packages'
[0.855s] INFO:colcon.colcon_core.shell:Creating package script '/home/chandan/JdeRobotGSOC_2021/ROS2_challenge/catkin_ws/install/basics/share/basics/package.ps1'
[0.857s] INFO:colcon.colcon_core.shell:Creating package descriptor '/home/chandan/JdeRobotGSOC_2021/ROS2_challenge/catkin_ws/install/basics/share/basics/package.dsv'
[0.859s] INFO:colcon.colcon_core.shell:Creating package script '/home/chandan/JdeRobotGSOC_2021/ROS2_challenge/catkin_ws/install/basics/share/basics/package.sh'
[0.860s] INFO:colcon.colcon_core.shell:Creating package script '/home/chandan/JdeRobotGSOC_2021/ROS2_challenge/catkin_ws/install/basics/share/basics/package.bash'
[0.861s] INFO:colcon.colcon_core.shell:Creating package script '/home/chandan/JdeRobotGSOC_2021/ROS2_challenge/catkin_ws/install/basics/share/basics/package.zsh'
[0.862s] Level 1:colcon.colcon_core.environment:create_file_with_runtime_dependencies(/home/chandan/JdeRobotGSOC_2021/ROS2_challenge/catkin_ws/install/basics/share/colcon-core/packages/basics)
[3.244s] DEBUG:colcon.colcon_core.event_handler.log_command:Invoked command in '/home/chandan/JdeRobotGSOC_2021/ROS2_challenge/catkin_ws/build/ebot_description' returned '0': /usr/bin/cmake /home/chandan/JdeRobotGSOC_2021/ROS2_challenge/catkin_ws/src/ebot_description -DCATKIN_INSTALL_INTO_PREFIX_ROOT=0 -DCATKIN_SYMLINK_INSTALL=ON -DCMAKE_INSTALL_PREFIX=/home/chandan/JdeRobotGSOC_2021/ROS2_challenge/catkin_ws/install/ebot_description
[3.249s] DEBUG:colcon.colcon_core.event_handler.log_command:Invoking command in '/home/chandan/JdeRobotGSOC_2021/ROS2_challenge/catkin_ws/build/ebot_description': /usr/bin/cmake --build /home/chandan/JdeRobotGSOC_2021/ROS2_challenge/catkin_ws/build/ebot_description -- -j12 -l12
[3.308s] DEBUG:colcon.colcon_core.event_handler.log_command:Invoked command in '/home/chandan/JdeRobotGSOC_2021/ROS2_challenge/catkin_ws/build/ebot_description' returned '0': /usr/bin/cmake --build /home/chandan/JdeRobotGSOC_2021/ROS2_challenge/catkin_ws/build/ebot_description -- -j12 -l12
[3.349s] DEBUG:colcon.colcon_core.event_handler.log_command:Invoking command in '/home/chandan/JdeRobotGSOC_2021/ROS2_challenge/catkin_ws/build/ebot_description': /usr/bin/cmake --build /home/chandan/JdeRobotGSOC_2021/ROS2_challenge/catkin_ws/build/ebot_description --target tests -- -j12 -l12
[3.431s] DEBUG:colcon.colcon_core.event_handler.log_command:Invoked command in '/home/chandan/JdeRobotGSOC_2021/ROS2_challenge/catkin_ws/build/ebot_controller' returned '0': /usr/bin/cmake /home/chandan/JdeRobotGSOC_2021/ROS2_challenge/catkin_ws/src/ebot_controller -DCATKIN_INSTALL_INTO_PREFIX_ROOT=0 -DCATKIN_SYMLINK_INSTALL=ON -DCMAKE_INSTALL_PREFIX=/home/chandan/JdeRobotGSOC_2021/ROS2_challenge/catkin_ws/install/ebot_controller
[3.434s] DEBUG:colcon.colcon_core.event_handler.log_command:Invoking command in '/home/chandan/JdeRobotGSOC_2021/ROS2_challenge/catkin_ws/build/ebot_controller': /usr/bin/cmake --build /home/chandan/JdeRobotGSOC_2021/ROS2_challenge/catkin_ws/build/ebot_controller -- -j12 -l12
[3.466s] DEBUG:colcon.colcon_core.event_handler.log_command:Invoked command in '/home/chandan/JdeRobotGSOC_2021/ROS2_challenge/catkin_ws/build/ebot_description' returned '0': /usr/bin/cmake --build /home/chandan/JdeRobotGSOC_2021/ROS2_challenge/catkin_ws/build/ebot_description --target tests -- -j12 -l12
[3.504s] DEBUG:colcon.colcon_core.event_handler.log_command:Invoked command in '/home/chandan/JdeRobotGSOC_2021/ROS2_challenge/catkin_ws/build/ebot_controller' returned '0': /usr/bin/cmake --build /home/chandan/JdeRobotGSOC_2021/ROS2_challenge/catkin_ws/build/ebot_controller -- -j12 -l12
[3.513s] DEBUG:colcon.colcon_core.event_handler.log_command:Invoking command in '/home/chandan/JdeRobotGSOC_2021/ROS2_challenge/catkin_ws/build/ebot_description': /usr/bin/cmake --build /home/chandan/JdeRobotGSOC_2021/ROS2_challenge/catkin_ws/build/ebot_description --target install -- -j12 -l12
[3.566s] DEBUG:colcon.colcon_core.event_handler.log_command:Invoking command in '/home/chandan/JdeRobotGSOC_2021/ROS2_challenge/catkin_ws/build/ebot_controller': /usr/bin/cmake --build /home/chandan/JdeRobotGSOC_2021/ROS2_challenge/catkin_ws/build/ebot_controller --target tests -- -j12 -l12
[3.685s] DEBUG:colcon.colcon_core.event_handler.log_command:Invoked command in '/home/chandan/JdeRobotGSOC_2021/ROS2_challenge/catkin_ws/build/ebot_description' returned '0': /usr/bin/cmake --build /home/chandan/JdeRobotGSOC_2021/ROS2_challenge/catkin_ws/build/ebot_description --target install -- -j12 -l12
[3.695s] DEBUG:colcon.colcon_core.event_handler.log_command:Invoked command in '/home/chandan/JdeRobotGSOC_2021/ROS2_challenge/catkin_ws/build/ebot_controller' returned '0': /usr/bin/cmake --build /home/chandan/JdeRobotGSOC_2021/ROS2_challenge/catkin_ws/build/ebot_controller --target tests -- -j12 -l12
[3.724s] Level 1:colcon.colcon_core.shell:create_environment_hook('ebot_description', 'ros_package_path')
[3.726s] INFO:colcon.colcon_core.shell:Creating environment hook '/home/chandan/JdeRobotGSOC_2021/ROS2_challenge/catkin_ws/install/ebot_description/share/ebot_description/hook/ros_package_path.ps1'
[3.728s] INFO:colcon.colcon_core.shell:Creating environment descriptor '/home/chandan/JdeRobotGSOC_2021/ROS2_challenge/catkin_ws/install/ebot_description/share/ebot_description/hook/ros_package_path.dsv'
[3.728s] INFO:colcon.colcon_core.shell:Creating environment hook '/home/chandan/JdeRobotGSOC_2021/ROS2_challenge/catkin_ws/install/ebot_description/share/ebot_description/hook/ros_package_path.sh'
[3.730s] Level 1:colcon.colcon_ros.task.catkin:checking '/home/chandan/JdeRobotGSOC_2021/ROS2_challenge/catkin_ws/install/ebot_description/lib/python2.7/dist-packages'
[3.730s] Level 1:colcon.colcon_core.shell:create_environment_hook('ebot_description', 'pkg_config_path')
[3.732s] INFO:colcon.colcon_core.shell:Creating environment hook '/home/chandan/JdeRobotGSOC_2021/ROS2_challenge/catkin_ws/install/ebot_description/share/ebot_description/hook/pkg_config_path.ps1'
[3.733s] INFO:colcon.colcon_core.shell:Creating environment descriptor '/home/chandan/JdeRobotGSOC_2021/ROS2_challenge/catkin_ws/install/ebot_description/share/ebot_description/hook/pkg_config_path.dsv'
[3.733s] INFO:colcon.colcon_core.shell:Creating environment hook '/home/chandan/JdeRobotGSOC_2021/ROS2_challenge/catkin_ws/install/ebot_description/share/ebot_description/hook/pkg_config_path.sh'
[3.734s] Level 1:colcon.colcon_core.shell:create_environment_hook('ebot_description', 'pkg_config_path_multiarch')
[3.736s] INFO:colcon.colcon_core.shell:Creating environment hook '/home/chandan/JdeRobotGSOC_2021/ROS2_challenge/catkin_ws/install/ebot_description/share/ebot_description/hook/pkg_config_path_multiarch.ps1'
[3.737s] INFO:colcon.colcon_core.shell:Creating environment descriptor '/home/chandan/JdeRobotGSOC_2021/ROS2_challenge/catkin_ws/install/ebot_description/share/ebot_description/hook/pkg_config_path_multiarch.dsv'
[3.737s] INFO:colcon.colcon_core.shell:Creating environment hook '/home/chandan/JdeRobotGSOC_2021/ROS2_challenge/catkin_ws/install/ebot_description/share/ebot_description/hook/pkg_config_path_multiarch.sh'
[3.740s] Level 1:colcon.colcon_core.environment:create_environment_scripts_only(ebot_description)
[3.742s] Level 1:colcon.colcon_core.environment:checking '/home/chandan/JdeRobotGSOC_2021/ROS2_challenge/catkin_ws/install/ebot_description' for CMake module files
[3.743s] Level 1:colcon.colcon_core.environment:checking '/home/chandan/JdeRobotGSOC_2021/ROS2_challenge/catkin_ws/install/ebot_description' for CMake config files
[3.744s] Level 1:colcon.colcon_core.shell:create_environment_hook('ebot_description', 'cmake_prefix_path')
[3.746s] INFO:colcon.colcon_core.shell:Creating environment hook '/home/chandan/JdeRobotGSOC_2021/ROS2_challenge/catkin_ws/install/ebot_description/share/ebot_description/hook/cmake_prefix_path.ps1'
[3.747s] INFO:colcon.colcon_core.shell:Creating environment descriptor '/home/chandan/JdeRobotGSOC_2021/ROS2_challenge/catkin_ws/install/ebot_description/share/ebot_description/hook/cmake_prefix_path.dsv'
[3.748s] INFO:colcon.colcon_core.shell:Creating environment hook '/home/chandan/JdeRobotGSOC_2021/ROS2_challenge/catkin_ws/install/ebot_description/share/ebot_description/hook/cmake_prefix_path.sh'
[3.749s] Level 1:colcon.colcon_core.environment:checking '/home/chandan/JdeRobotGSOC_2021/ROS2_challenge/catkin_ws/install/ebot_description/lib'
[3.750s] Level 1:colcon.colcon_core.environment:checking '/home/chandan/JdeRobotGSOC_2021/ROS2_challenge/catkin_ws/install/ebot_description/bin'
[3.750s] Level 1:colcon.colcon_core.environment:checking '/home/chandan/JdeRobotGSOC_2021/ROS2_challenge/catkin_ws/install/ebot_description/lib/pkgconfig/ebot_description.pc'
[3.750s] Level 1:colcon.colcon_core.shell:create_environment_hook('ebot_description', 'pkg_config')
[3.751s] INFO:colcon.colcon_core.shell:Creating environment hook '/home/chandan/JdeRobotGSOC_2021/ROS2_challenge/catkin_ws/install/ebot_description/share/ebot_description/hook/pkg_config.ps1'
[3.752s] INFO:colcon.colcon_core.shell:Creating environment descriptor '/home/chandan/JdeRobotGSOC_2021/ROS2_challenge/catkin_ws/install/ebot_description/share/ebot_description/hook/pkg_config.dsv'
[3.752s] INFO:colcon.colcon_core.shell:Creating environment hook '/home/chandan/JdeRobotGSOC_2021/ROS2_challenge/catkin_ws/install/ebot_description/share/ebot_description/hook/pkg_config.sh'
[3.753s] Level 1:colcon.colcon_core.environment:checking '/home/chandan/JdeRobotGSOC_2021/ROS2_challenge/catkin_ws/install/ebot_description/lib/python3.6/site-packages'
[3.755s] INFO:colcon.colcon_core.shell:Creating package script '/home/chandan/JdeRobotGSOC_2021/ROS2_challenge/catkin_ws/install/ebot_description/share/ebot_description/package.ps1'
[3.757s] INFO:colcon.colcon_core.shell:Creating package descriptor '/home/chandan/JdeRobotGSOC_2021/ROS2_challenge/catkin_ws/install/ebot_description/share/ebot_description/package.dsv'
[3.758s] INFO:colcon.colcon_core.shell:Creating package script '/home/chandan/JdeRobotGSOC_2021/ROS2_challenge/catkin_ws/install/ebot_description/share/ebot_description/package.sh'
[3.759s] INFO:colcon.colcon_core.shell:Creating package script '/home/chandan/JdeRobotGSOC_2021/ROS2_challenge/catkin_ws/install/ebot_description/share/ebot_description/package.bash'
[3.759s] INFO:colcon.colcon_core.shell:Creating package script '/home/chandan/JdeRobotGSOC_2021/ROS2_challenge/catkin_ws/install/ebot_description/share/ebot_description/package.zsh'
[3.760s] Level 1:colcon.colcon_core.environment:create_file_with_runtime_dependencies(/home/chandan/JdeRobotGSOC_2021/ROS2_challenge/catkin_ws/install/ebot_description/share/colcon-core/packages/ebot_description)
[3.767s] DEBUG:colcon.colcon_core.event_handler.log_command:Invoking command in '/home/chandan/JdeRobotGSOC_2021/ROS2_challenge/catkin_ws/build/ebot_controller': /usr/bin/cmake --build /home/chandan/JdeRobotGSOC_2021/ROS2_challenge/catkin_ws/build/ebot_controller --target install -- -j12 -l12
[3.939s] DEBUG:colcon.colcon_core.event_handler.log_command:Invoked command in '/home/chandan/JdeRobotGSOC_2021/ROS2_challenge/catkin_ws/build/ebot_controller' returned '0': /usr/bin/cmake --build /home/chandan/JdeRobotGSOC_2021/ROS2_challenge/catkin_ws/build/ebot_controller --target install -- -j12 -l12
[4.000s] Level 1:colcon.colcon_core.shell:create_environment_hook('ebot_controller', 'ros_package_path')
[4.002s] INFO:colcon.colcon_core.shell:Creating environment hook '/home/chandan/JdeRobotGSOC_2021/ROS2_challenge/catkin_ws/install/ebot_controller/share/ebot_controller/hook/ros_package_path.ps1'
[4.003s] INFO:colcon.colcon_core.shell:Creating environment descriptor '/home/chandan/JdeRobotGSOC_2021/ROS2_challenge/catkin_ws/install/ebot_controller/share/ebot_controller/hook/ros_package_path.dsv'
[4.003s] INFO:colcon.colcon_core.shell:Creating environment hook '/home/chandan/JdeRobotGSOC_2021/ROS2_challenge/catkin_ws/install/ebot_controller/share/ebot_controller/hook/ros_package_path.sh'
[4.004s] Level 1:colcon.colcon_ros.task.catkin:checking '/home/chandan/JdeRobotGSOC_2021/ROS2_challenge/catkin_ws/install/ebot_controller/lib/python2.7/dist-packages'
[4.005s] Level 1:colcon.colcon_core.shell:create_environment_hook('ebot_controller', 'pkg_config_path')
[4.006s] INFO:colcon.colcon_core.shell:Creating environment hook '/home/chandan/JdeRobotGSOC_2021/ROS2_challenge/catkin_ws/install/ebot_controller/share/ebot_controller/hook/pkg_config_path.ps1'
[4.007s] INFO:colcon.colcon_core.shell:Creating environment descriptor '/home/chandan/JdeRobotGSOC_2021/ROS2_challenge/catkin_ws/install/ebot_controller/share/ebot_controller/hook/pkg_config_path.dsv'
[4.008s] INFO:colcon.colcon_core.shell:Creating environment hook '/home/chandan/JdeRobotGSOC_2021/ROS2_challenge/catkin_ws/install/ebot_controller/share/ebot_controller/hook/pkg_config_path.sh'
[4.008s] Level 1:colcon.colcon_core.shell:create_environment_hook('ebot_controller', 'pkg_config_path_multiarch')
[4.010s] INFO:colcon.colcon_core.shell:Creating environment hook '/home/chandan/JdeRobotGSOC_2021/ROS2_challenge/catkin_ws/install/ebot_controller/share/ebot_controller/hook/pkg_config_path_multiarch.ps1'
[4.010s] INFO:colcon.colcon_core.shell:Creating environment descriptor '/home/chandan/JdeRobotGSOC_2021/ROS2_challenge/catkin_ws/install/ebot_controller/share/ebot_controller/hook/pkg_config_path_multiarch.dsv'
[4.011s] INFO:colcon.colcon_core.shell:Creating environment hook '/home/chandan/JdeRobotGSOC_2021/ROS2_challenge/catkin_ws/install/ebot_controller/share/ebot_controller/hook/pkg_config_path_multiarch.sh'
[4.013s] Level 1:colcon.colcon_core.environment:create_environment_scripts_only(ebot_controller)
[4.014s] Level 1:colcon.colcon_core.environment:checking '/home/chandan/JdeRobotGSOC_2021/ROS2_challenge/catkin_ws/install/ebot_controller' for CMake module files
[4.015s] Level 1:colcon.colcon_core.environment:checking '/home/chandan/JdeRobotGSOC_2021/ROS2_challenge/catkin_ws/install/ebot_controller' for CMake config files
[4.015s] Level 1:colcon.colcon_core.shell:create_environment_hook('ebot_controller', 'cmake_prefix_path')
[4.016s] INFO:colcon.colcon_core.shell:Creating environment hook '/home/chandan/JdeRobotGSOC_2021/ROS2_challenge/catkin_ws/install/ebot_controller/share/ebot_controller/hook/cmake_prefix_path.ps1'
[4.017s] INFO:colcon.colcon_core.shell:Creating environment descriptor '/home/chandan/JdeRobotGSOC_2021/ROS2_challenge/catkin_ws/install/ebot_controller/share/ebot_controller/hook/cmake_prefix_path.dsv'
[4.017s] INFO:colcon.colcon_core.shell:Creating environment hook '/home/chandan/JdeRobotGSOC_2021/ROS2_challenge/catkin_ws/install/ebot_controller/share/ebot_controller/hook/cmake_prefix_path.sh'
[4.019s] Level 1:colcon.colcon_core.environment:checking '/home/chandan/JdeRobotGSOC_2021/ROS2_challenge/catkin_ws/install/ebot_controller/lib'
[4.019s] Level 1:colcon.colcon_core.environment:checking '/home/chandan/JdeRobotGSOC_2021/ROS2_challenge/catkin_ws/install/ebot_controller/bin'
[4.019s] Level 1:colcon.colcon_core.environment:checking '/home/chandan/JdeRobotGSOC_2021/ROS2_challenge/catkin_ws/install/ebot_controller/lib/pkgconfig/ebot_controller.pc'
[4.020s] Level 1:colcon.colcon_core.shell:create_environment_hook('ebot_controller', 'pkg_config')
[4.021s] INFO:colcon.colcon_core.shell:Creating environment hook '/home/chandan/JdeRobotGSOC_2021/ROS2_challenge/catkin_ws/install/ebot_controller/share/ebot_controller/hook/pkg_config.ps1'
[4.022s] INFO:colcon.colcon_core.shell:Creating environment descriptor '/home/chandan/JdeRobotGSOC_2021/ROS2_challenge/catkin_ws/install/ebot_controller/share/ebot_controller/hook/pkg_config.dsv'
[4.022s] INFO:colcon.colcon_core.shell:Creating environment hook '/home/chandan/JdeRobotGSOC_2021/ROS2_challenge/catkin_ws/install/ebot_controller/share/ebot_controller/hook/pkg_config.sh'
[4.023s] Level 1:colcon.colcon_core.environment:checking '/home/chandan/JdeRobotGSOC_2021/ROS2_challenge/catkin_ws/install/ebot_controller/lib/python3.6/site-packages'
[4.024s] INFO:colcon.colcon_core.shell:Creating package script '/home/chandan/JdeRobotGSOC_2021/ROS2_challenge/catkin_ws/install/ebot_controller/share/ebot_controller/package.ps1'
[4.026s] INFO:colcon.colcon_core.shell:Creating package descriptor '/home/chandan/JdeRobotGSOC_2021/ROS2_challenge/catkin_ws/install/ebot_controller/share/ebot_controller/package.dsv'
[4.027s] INFO:colcon.colcon_core.shell:Creating package script '/home/chandan/JdeRobotGSOC_2021/ROS2_challenge/catkin_ws/install/ebot_controller/share/ebot_controller/package.sh'
[4.027s] INFO:colcon.colcon_core.shell:Creating package script '/home/chandan/JdeRobotGSOC_2021/ROS2_challenge/catkin_ws/install/ebot_controller/share/ebot_controller/package.bash'
[4.028s] INFO:colcon.colcon_core.shell:Creating package script '/home/chandan/JdeRobotGSOC_2021/ROS2_challenge/catkin_ws/install/ebot_controller/share/ebot_controller/package.zsh'
[4.028s] Level 1:colcon.colcon_core.environment:create_file_with_runtime_dependencies(/home/chandan/JdeRobotGSOC_2021/ROS2_challenge/catkin_ws/install/ebot_controller/share/colcon-core/packages/ebot_controller)
[4.029s] DEBUG:colcon.colcon_parallel_executor.executor.parallel:closing loop
[4.030s] DEBUG:colcon.colcon_parallel_executor.executor.parallel:loop closed
[4.032s] DEBUG:colcon.colcon_parallel_executor.executor.parallel:run_until_complete finished with '0'
[4.032s] DEBUG:colcon.colcon_core.event_reactor:joining thread
[4.042s] INFO:colcon.colcon_core.plugin_system:Skipping extension 'colcon_notification.desktop_notification.terminal_notifier': Not used on non-Darwin systems
[4.042s] INFO:colcon.colcon_core.plugin_system:Skipping extension 'colcon_notification.desktop_notification.win32': Not used on non-Windows systems
[4.042s] INFO:colcon.colcon_notification.desktop_notification:Sending desktop notification using 'notify2'
[4.046s] DEBUG:colcon.colcon_core.event_reactor:joined thread
[4.049s] INFO:colcon.colcon_core.shell:Creating prefix script '/home/chandan/JdeRobotGSOC_2021/ROS2_challenge/catkin_ws/install/local_setup.ps1'
[4.051s] INFO:colcon.colcon_core.shell:Creating prefix util module '/home/chandan/JdeRobotGSOC_2021/ROS2_challenge/catkin_ws/install/_local_setup_util_ps1.py'
[4.055s] INFO:colcon.colcon_core.shell:Creating prefix chain script '/home/chandan/JdeRobotGSOC_2021/ROS2_challenge/catkin_ws/install/setup.ps1'
[4.060s] INFO:colcon.colcon_core.shell:Creating prefix script '/home/chandan/JdeRobotGSOC_2021/ROS2_challenge/catkin_ws/install/local_setup.sh'
[4.062s] INFO:colcon.colcon_core.shell:Creating prefix util module '/home/chandan/JdeRobotGSOC_2021/ROS2_challenge/catkin_ws/install/_local_setup_util_sh.py'
[4.063s] INFO:colcon.colcon_core.shell:Creating prefix chain script '/home/chandan/JdeRobotGSOC_2021/ROS2_challenge/catkin_ws/install/setup.sh'
[4.069s] INFO:colcon.colcon_core.shell:Creating prefix script '/home/chandan/JdeRobotGSOC_2021/ROS2_challenge/catkin_ws/install/local_setup.bash'
[4.070s] INFO:colcon.colcon_core.shell:Creating prefix chain script '/home/chandan/JdeRobotGSOC_2021/ROS2_challenge/catkin_ws/install/setup.bash'
[4.075s] INFO:colcon.colcon_core.shell:Creating prefix script '/home/chandan/JdeRobotGSOC_2021/ROS2_challenge/catkin_ws/install/local_setup.zsh'
[4.076s] INFO:colcon.colcon_core.shell:Creating prefix chain script '/home/chandan/JdeRobotGSOC_2021/ROS2_challenge/catkin_ws/install/setup.zsh'
