[0.256s] DEBUG:colcon:Command line arguments: ['/usr/bin/colcon', 'build', '--symlink-install']
[0.256s] DEBUG:colcon:Parsed command line arguments: Namespace(ament_cmake_args=None, base_paths=['.'], build_base='build', catkin_cmake_args=None, catkin_skip_building_tests=False, cmake_args=None, cmake_clean_cache=False, cmake_clean_first=False, cmake_force_configure=False, cmake_target=None, cmake_target_skip_unavailable=False, continue_on_error=False, event_handlers=None, executor='parallel', ignore_user_meta=False, install_base='install', log_base=None, log_level=None, main=<bound method BuildVerb.main of <colcon_core.verb.build.BuildVerb object at 0x7f64c596cc18>>, merge_install=False, metas=['./colcon.meta'], packages_above=None, packages_above_and_dependencies=None, packages_above_depth=None, packages_end=None, packages_ignore=None, packages_ignore_regex=None, packages_select=None, packages_select_build_failed=False, packages_select_by_dep=None, packages_select_regex=None, packages_select_test_failures=False, packages_skip=None, packages_skip_build_finished=False, packages_skip_by_dep=None, packages_skip_regex=None, packages_skip_test_passed=False, packages_skip_up_to=None, packages_start=None, packages_up_to=None, packages_up_to_regex=None, parallel_workers=12, paths=None, symlink_install=True, test_result_base=None, verb_extension=<colcon_core.verb.build.BuildVerb object at 0x7f64c596cc18>, verb_name='build', verb_parser=<colcon_defaults.argument_parser.defaults.DefaultArgumentsDecorator object at 0x7f64c596ce80>)
[0.263s] Level 1:colcon.colcon_core.package_discovery:discover_packages(colcon_meta) check parameters
[0.264s] Level 1:colcon.colcon_core.package_discovery:discover_packages(recursive) check parameters
[0.264s] Level 1:colcon.colcon_core.package_discovery:discover_packages(ignore) check parameters
[0.264s] Level 1:colcon.colcon_core.package_discovery:discover_packages(path) check parameters
[0.264s] Level 1:colcon.colcon_core.package_discovery:discover_packages(colcon_meta) discover
[0.264s] Level 1:colcon.colcon_core.package_discovery:discover_packages(recursive) discover
[0.264s] INFO:colcon.colcon_core.package_discovery:Crawling recursively for packages in '/home/chandan/JdeRobotGSOC_2021/ROS2_challenge/catkin_ws'
[0.264s] Level 1:colcon.colcon_core.package_identification:_identify(.) by extensions ['ignore', 'ignore_ament_install']
[0.265s] Level 1:colcon.colcon_core.package_identification:_identify(.) by extension 'ignore'
[0.265s] Level 1:colcon.colcon_core.package_identification:_identify(.) by extension 'ignore_ament_install'
[0.265s] Level 1:colcon.colcon_core.package_identification:_identify(.) by extensions ['colcon_pkg']
[0.265s] Level 1:colcon.colcon_core.package_identification:_identify(.) by extension 'colcon_pkg'
[0.265s] Level 1:colcon.colcon_core.package_identification:_identify(.) by extensions ['colcon_meta']
[0.265s] Level 1:colcon.colcon_core.package_identification:_identify(.) by extension 'colcon_meta'
[0.265s] Level 1:colcon.colcon_core.package_identification:_identify(.) by extensions ['ros']
[0.265s] Level 1:colcon.colcon_core.package_identification:_identify(.) by extension 'ros'
[0.282s] Level 1:colcon.colcon_core.package_identification:_identify(.) by extensions ['cmake', 'python']
[0.282s] Level 1:colcon.colcon_core.package_identification:_identify(.) by extension 'cmake'
[0.282s] Level 1:colcon.colcon_core.package_identification:_identify(.) by extension 'python'
[0.282s] Level 1:colcon.colcon_core.package_identification:_identify(.) by extensions ['python_setup_py']
[0.282s] Level 1:colcon.colcon_core.package_identification:_identify(.) by extension 'python_setup_py'
[0.283s] Level 1:colcon.colcon_core.package_identification:_identify(build) by extensions ['ignore', 'ignore_ament_install']
[0.283s] Level 1:colcon.colcon_core.package_identification:_identify(build) by extension 'ignore'
[0.283s] Level 1:colcon.colcon_core.package_identification:_identify(build) ignored
[0.284s] Level 1:colcon.colcon_core.package_identification:_identify(install) by extensions ['ignore', 'ignore_ament_install']
[0.284s] Level 1:colcon.colcon_core.package_identification:_identify(install) by extension 'ignore'
[0.284s] Level 1:colcon.colcon_core.package_identification:_identify(install) ignored
[0.284s] Level 1:colcon.colcon_core.package_identification:_identify(log) by extensions ['ignore', 'ignore_ament_install']
[0.284s] Level 1:colcon.colcon_core.package_identification:_identify(log) by extension 'ignore'
[0.284s] Level 1:colcon.colcon_core.package_identification:_identify(log) ignored
[0.284s] Level 1:colcon.colcon_core.package_identification:_identify(src) by extensions ['ignore', 'ignore_ament_install']
[0.285s] Level 1:colcon.colcon_core.package_identification:_identify(src) by extension 'ignore'
[0.285s] Level 1:colcon.colcon_core.package_identification:_identify(src) by extension 'ignore_ament_install'
[0.285s] Level 1:colcon.colcon_core.package_identification:_identify(src) by extensions ['colcon_pkg']
[0.285s] Level 1:colcon.colcon_core.package_identification:_identify(src) by extension 'colcon_pkg'
[0.285s] Level 1:colcon.colcon_core.package_identification:_identify(src) by extensions ['colcon_meta']
[0.285s] Level 1:colcon.colcon_core.package_identification:_identify(src) by extension 'colcon_meta'
[0.285s] Level 1:colcon.colcon_core.package_identification:_identify(src) by extensions ['ros']
[0.285s] Level 1:colcon.colcon_core.package_identification:_identify(src) by extension 'ros'
[0.285s] Level 1:colcon.colcon_core.package_identification:_identify(src) by extensions ['cmake', 'python']
[0.285s] Level 1:colcon.colcon_core.package_identification:_identify(src) by extension 'cmake'
[0.285s] Level 1:colcon.colcon_core.package_identification:_identify(src) by extension 'python'
[0.285s] Level 1:colcon.colcon_core.package_identification:_identify(src) by extensions ['python_setup_py']
[0.285s] Level 1:colcon.colcon_core.package_identification:_identify(src) by extension 'python_setup_py'
[0.285s] Level 1:colcon.colcon_core.package_identification:_identify(src/ebot_controller) by extensions ['ignore', 'ignore_ament_install']
[0.286s] Level 1:colcon.colcon_core.package_identification:_identify(src/ebot_controller) by extension 'ignore'
[0.286s] Level 1:colcon.colcon_core.package_identification:_identify(src/ebot_controller) by extension 'ignore_ament_install'
[0.286s] Level 1:colcon.colcon_core.package_identification:_identify(src/ebot_controller) by extensions ['colcon_pkg']
[0.286s] Level 1:colcon.colcon_core.package_identification:_identify(src/ebot_controller) by extension 'colcon_pkg'
[0.286s] Level 1:colcon.colcon_core.package_identification:_identify(src/ebot_controller) by extensions ['colcon_meta']
[0.286s] Level 1:colcon.colcon_core.package_identification:_identify(src/ebot_controller) by extension 'colcon_meta'
[0.286s] Level 1:colcon.colcon_core.package_identification:_identify(src/ebot_controller) by extensions ['ros']
[0.286s] Level 1:colcon.colcon_core.package_identification:_identify(src/ebot_controller) by extension 'ros'
[0.290s] DEBUG:colcon.colcon_core.package_identification:Package 'src/ebot_controller' with type 'ros.catkin' and name 'ebot_controller'
[0.290s] Level 1:colcon.colcon_core.package_identification:_identify(src/ebot_description) by extensions ['ignore', 'ignore_ament_install']
[0.290s] Level 1:colcon.colcon_core.package_identification:_identify(src/ebot_description) by extension 'ignore'
[0.290s] Level 1:colcon.colcon_core.package_identification:_identify(src/ebot_description) by extension 'ignore_ament_install'
[0.290s] Level 1:colcon.colcon_core.package_identification:_identify(src/ebot_description) by extensions ['colcon_pkg']
[0.290s] Level 1:colcon.colcon_core.package_identification:_identify(src/ebot_description) by extension 'colcon_pkg'
[0.290s] Level 1:colcon.colcon_core.package_identification:_identify(src/ebot_description) by extensions ['colcon_meta']
[0.290s] Level 1:colcon.colcon_core.package_identification:_identify(src/ebot_description) by extension 'colcon_meta'
[0.290s] Level 1:colcon.colcon_core.package_identification:_identify(src/ebot_description) by extensions ['ros']
[0.290s] Level 1:colcon.colcon_core.package_identification:_identify(src/ebot_description) by extension 'ros'
[0.291s] DEBUG:colcon.colcon_core.package_identification:Package 'src/ebot_description' with type 'ros.catkin' and name 'ebot_description'
[0.292s] Level 1:colcon.colcon_core.package_identification:_identify(src/ros2_is_fun) by extensions ['ignore', 'ignore_ament_install']
[0.292s] Level 1:colcon.colcon_core.package_identification:_identify(src/ros2_is_fun) by extension 'ignore'
[0.292s] Level 1:colcon.colcon_core.package_identification:_identify(src/ros2_is_fun) by extension 'ignore_ament_install'
[0.292s] Level 1:colcon.colcon_core.package_identification:_identify(src/ros2_is_fun) by extensions ['colcon_pkg']
[0.292s] Level 1:colcon.colcon_core.package_identification:_identify(src/ros2_is_fun) by extension 'colcon_pkg'
[0.292s] Level 1:colcon.colcon_core.package_identification:_identify(src/ros2_is_fun) by extensions ['colcon_meta']
[0.292s] Level 1:colcon.colcon_core.package_identification:_identify(src/ros2_is_fun) by extension 'colcon_meta'
[0.292s] Level 1:colcon.colcon_core.package_identification:_identify(src/ros2_is_fun) by extensions ['ros']
[0.292s] Level 1:colcon.colcon_core.package_identification:_identify(src/ros2_is_fun) by extension 'ros'
[0.293s] DEBUG:colcon.colcon_core.package_identification:Package 'src/ros2_is_fun' with type 'ros.catkin' and name 'ros2_is_fun'
[0.293s] Level 1:colcon.colcon_core.package_discovery:discover_packages(recursive) using defaults
[0.294s] Level 1:colcon.colcon_core.package_discovery:discover_packages(ignore) discover
[0.294s] Level 1:colcon.colcon_core.package_discovery:discover_packages(ignore) using defaults
[0.294s] Level 1:colcon.colcon_core.package_discovery:discover_packages(path) discover
[0.294s] Level 1:colcon.colcon_core.package_discovery:discover_packages(path) using defaults
[0.329s] Level 5:colcon.colcon_core.verb:set package 'ebot_controller' build argument 'cmake_args' from command line to 'None'
[0.329s] Level 5:colcon.colcon_core.verb:set package 'ebot_controller' build argument 'cmake_target' from command line to 'None'
[0.329s] Level 5:colcon.colcon_core.verb:set package 'ebot_controller' build argument 'cmake_target_skip_unavailable' from command line to 'False'
[0.329s] Level 5:colcon.colcon_core.verb:set package 'ebot_controller' build argument 'cmake_clean_cache' from command line to 'False'
[0.329s] Level 5:colcon.colcon_core.verb:set package 'ebot_controller' build argument 'cmake_clean_first' from command line to 'False'
[0.329s] Level 5:colcon.colcon_core.verb:set package 'ebot_controller' build argument 'cmake_force_configure' from command line to 'False'
[0.329s] Level 5:colcon.colcon_core.verb:set package 'ebot_controller' build argument 'ament_cmake_args' from command line to 'None'
[0.329s] Level 5:colcon.colcon_core.verb:set package 'ebot_controller' build argument 'catkin_cmake_args' from command line to 'None'
[0.329s] Level 5:colcon.colcon_core.verb:set package 'ebot_controller' build argument 'catkin_skip_building_tests' from command line to 'False'
[0.329s] DEBUG:colcon.colcon_core.verb:Building package 'ebot_controller' with the following arguments: {'ament_cmake_args': None, 'build_base': '/home/chandan/JdeRobotGSOC_2021/ROS2_challenge/catkin_ws/build/ebot_controller', 'catkin_cmake_args': None, 'catkin_skip_building_tests': False, 'cmake_args': None, 'cmake_clean_cache': False, 'cmake_clean_first': False, 'cmake_force_configure': False, 'cmake_target': None, 'cmake_target_skip_unavailable': False, 'install_base': '/home/chandan/JdeRobotGSOC_2021/ROS2_challenge/catkin_ws/install/ebot_controller', 'merge_install': False, 'path': '/home/chandan/JdeRobotGSOC_2021/ROS2_challenge/catkin_ws/src/ebot_controller', 'symlink_install': True, 'test_result_base': None}
[0.335s] Level 5:colcon.colcon_core.verb:set package 'ebot_description' build argument 'cmake_args' from command line to 'None'
[0.335s] Level 5:colcon.colcon_core.verb:set package 'ebot_description' build argument 'cmake_target' from command line to 'None'
[0.335s] Level 5:colcon.colcon_core.verb:set package 'ebot_description' build argument 'cmake_target_skip_unavailable' from command line to 'False'
[0.335s] Level 5:colcon.colcon_core.verb:set package 'ebot_description' build argument 'cmake_clean_cache' from command line to 'False'
[0.335s] Level 5:colcon.colcon_core.verb:set package 'ebot_description' build argument 'cmake_clean_first' from command line to 'False'
[0.335s] Level 5:colcon.colcon_core.verb:set package 'ebot_description' build argument 'cmake_force_configure' from command line to 'False'
[0.335s] Level 5:colcon.colcon_core.verb:set package 'ebot_description' build argument 'ament_cmake_args' from command line to 'None'
[0.335s] Level 5:colcon.colcon_core.verb:set package 'ebot_description' build argument 'catkin_cmake_args' from command line to 'None'
[0.335s] Level 5:colcon.colcon_core.verb:set package 'ebot_description' build argument 'catkin_skip_building_tests' from command line to 'False'
[0.335s] DEBUG:colcon.colcon_core.verb:Building package 'ebot_description' with the following arguments: {'ament_cmake_args': None, 'build_base': '/home/chandan/JdeRobotGSOC_2021/ROS2_challenge/catkin_ws/build/ebot_description', 'catkin_cmake_args': None, 'catkin_skip_building_tests': False, 'cmake_args': None, 'cmake_clean_cache': False, 'cmake_clean_first': False, 'cmake_force_configure': False, 'cmake_target': None, 'cmake_target_skip_unavailable': False, 'install_base': '/home/chandan/JdeRobotGSOC_2021/ROS2_challenge/catkin_ws/install/ebot_description', 'merge_install': False, 'path': '/home/chandan/JdeRobotGSOC_2021/ROS2_challenge/catkin_ws/src/ebot_description', 'symlink_install': True, 'test_result_base': None}
[0.341s] Level 5:colcon.colcon_core.verb:set package 'ros2_is_fun' build argument 'cmake_args' from command line to 'None'
[0.341s] Level 5:colcon.colcon_core.verb:set package 'ros2_is_fun' build argument 'cmake_target' from command line to 'None'
[0.341s] Level 5:colcon.colcon_core.verb:set package 'ros2_is_fun' build argument 'cmake_target_skip_unavailable' from command line to 'False'
[0.341s] Level 5:colcon.colcon_core.verb:set package 'ros2_is_fun' build argument 'cmake_clean_cache' from command line to 'False'
[0.341s] Level 5:colcon.colcon_core.verb:set package 'ros2_is_fun' build argument 'cmake_clean_first' from command line to 'False'
[0.341s] Level 5:colcon.colcon_core.verb:set package 'ros2_is_fun' build argument 'cmake_force_configure' from command line to 'False'
[0.341s] Level 5:colcon.colcon_core.verb:set package 'ros2_is_fun' build argument 'ament_cmake_args' from command line to 'None'
[0.341s] Level 5:colcon.colcon_core.verb:set package 'ros2_is_fun' build argument 'catkin_cmake_args' from command line to 'None'
[0.341s] Level 5:colcon.colcon_core.verb:set package 'ros2_is_fun' build argument 'catkin_skip_building_tests' from command line to 'False'
[0.341s] DEBUG:colcon.colcon_core.verb:Building package 'ros2_is_fun' with the following arguments: {'ament_cmake_args': None, 'build_base': '/home/chandan/JdeRobotGSOC_2021/ROS2_challenge/catkin_ws/build/ros2_is_fun', 'catkin_cmake_args': None, 'catkin_skip_building_tests': False, 'cmake_args': None, 'cmake_clean_cache': False, 'cmake_clean_first': False, 'cmake_force_configure': False, 'cmake_target': None, 'cmake_target_skip_unavailable': False, 'install_base': '/home/chandan/JdeRobotGSOC_2021/ROS2_challenge/catkin_ws/install/ros2_is_fun', 'merge_install': False, 'path': '/home/chandan/JdeRobotGSOC_2021/ROS2_challenge/catkin_ws/src/ros2_is_fun', 'symlink_install': True, 'test_result_base': None}
[0.342s] INFO:colcon.colcon_core.executor:Executing jobs using 'parallel' executor
[0.345s] DEBUG:colcon.colcon_parallel_executor.executor.parallel:run_until_complete
[0.346s] INFO:colcon.colcon_ros.task.catkin.build:Building ROS package in '/home/chandan/JdeRobotGSOC_2021/ROS2_challenge/catkin_ws/src/ebot_controller' with build type 'catkin'
[0.346s] INFO:colcon.colcon_cmake.task.cmake.build:Building CMake package in '/home/chandan/JdeRobotGSOC_2021/ROS2_challenge/catkin_ws/src/ebot_controller'
[0.364s] INFO:colcon.colcon_core.plugin_system:Skipping extension 'colcon_core.shell.bat': Not used on non-Windows systems
[0.364s] INFO:colcon.colcon_core.shell:Skip shell extension 'powershell' for command environment: Not usable outside of PowerShell
[0.364s] DEBUG:colcon.colcon_core.shell:Skip shell extension 'dsv' for command environment
[0.368s] WARNING:colcon.colcon_ros.prefix_path.catkin:The path '/home/chandan/JdeRobotGSOC_2021/ROS2_challenge/catkin_ws/install/ROS2_is_Fun' in the environment variable CMAKE_PREFIX_PATH doesn't exist
[0.369s] DEBUG:colcon.colcon_core.shell:Ignoring prefix path '/home/chandan/catkin_ws/devel'
[0.369s] DEBUG:colcon.colcon_core.shell:Ignoring prefix path '/opt/ros/melodic'
[0.372s] INFO:colcon.colcon_ros.task.catkin.build:Building ROS package in '/home/chandan/JdeRobotGSOC_2021/ROS2_challenge/catkin_ws/src/ebot_description' with build type 'catkin'
[0.373s] INFO:colcon.colcon_cmake.task.cmake.build:Building CMake package in '/home/chandan/JdeRobotGSOC_2021/ROS2_challenge/catkin_ws/src/ebot_description'
[0.374s] INFO:colcon.colcon_core.shell:Skip shell extension 'powershell' for command environment: Not usable outside of PowerShell
[0.374s] DEBUG:colcon.colcon_core.shell:Skip shell extension 'dsv' for command environment
[0.378s] DEBUG:colcon.colcon_core.shell:Ignoring prefix path '/home/chandan/catkin_ws/devel'
[0.378s] DEBUG:colcon.colcon_core.shell:Ignoring prefix path '/opt/ros/melodic'
[0.381s] INFO:colcon.colcon_ros.task.catkin.build:Building ROS package in '/home/chandan/JdeRobotGSOC_2021/ROS2_challenge/catkin_ws/src/ros2_is_fun' with build type 'catkin'
[0.382s] INFO:colcon.colcon_cmake.task.cmake.build:Building CMake package in '/home/chandan/JdeRobotGSOC_2021/ROS2_challenge/catkin_ws/src/ros2_is_fun'
[0.383s] INFO:colcon.colcon_core.shell:Skip shell extension 'powershell' for command environment: Not usable outside of PowerShell
[0.384s] DEBUG:colcon.colcon_core.shell:Skip shell extension 'dsv' for command environment
[0.387s] DEBUG:colcon.colcon_core.shell:Ignoring prefix path '/home/chandan/catkin_ws/devel'
[0.387s] DEBUG:colcon.colcon_core.shell:Ignoring prefix path '/opt/ros/melodic'
[0.401s] DEBUG:colcon.colcon_core.event_handler.log_command:Invoking command in '/home/chandan/JdeRobotGSOC_2021/ROS2_challenge/catkin_ws/build/ebot_controller': /usr/bin/cmake --build /home/chandan/JdeRobotGSOC_2021/ROS2_challenge/catkin_ws/build/ebot_controller -- -j12 -l12
[0.408s] DEBUG:colcon.colcon_core.event_handler.log_command:Invoking command in '/home/chandan/JdeRobotGSOC_2021/ROS2_challenge/catkin_ws/build/ebot_description': /usr/bin/cmake --build /home/chandan/JdeRobotGSOC_2021/ROS2_challenge/catkin_ws/build/ebot_description -- -j12 -l12
[0.418s] DEBUG:colcon.colcon_core.event_handler.log_command:Invoking command in '/home/chandan/JdeRobotGSOC_2021/ROS2_challenge/catkin_ws/build/ros2_is_fun': /usr/bin/cmake /home/chandan/JdeRobotGSOC_2021/ROS2_challenge/catkin_ws/src/ros2_is_fun -DCATKIN_INSTALL_INTO_PREFIX_ROOT=0 -DCATKIN_SYMLINK_INSTALL=ON -DCMAKE_INSTALL_PREFIX=/home/chandan/JdeRobotGSOC_2021/ROS2_challenge/catkin_ws/install/ros2_is_fun
[0.463s] DEBUG:colcon.colcon_core.event_handler.log_command:Invoked command in '/home/chandan/JdeRobotGSOC_2021/ROS2_challenge/catkin_ws/build/ebot_controller' returned '0': /usr/bin/cmake --build /home/chandan/JdeRobotGSOC_2021/ROS2_challenge/catkin_ws/build/ebot_controller -- -j12 -l12
[0.470s] DEBUG:colcon.colcon_core.event_handler.log_command:Invoked command in '/home/chandan/JdeRobotGSOC_2021/ROS2_challenge/catkin_ws/build/ebot_description' returned '0': /usr/bin/cmake --build /home/chandan/JdeRobotGSOC_2021/ROS2_challenge/catkin_ws/build/ebot_description -- -j12 -l12
[0.518s] DEBUG:colcon.colcon_core.event_handler.log_command:Invoking command in '/home/chandan/JdeRobotGSOC_2021/ROS2_challenge/catkin_ws/build/ebot_description': /usr/bin/cmake --build /home/chandan/JdeRobotGSOC_2021/ROS2_challenge/catkin_ws/build/ebot_description --target tests -- -j12 -l12
[0.529s] DEBUG:colcon.colcon_core.event_handler.log_command:Invoking command in '/home/chandan/JdeRobotGSOC_2021/ROS2_challenge/catkin_ws/build/ebot_controller': /usr/bin/cmake --build /home/chandan/JdeRobotGSOC_2021/ROS2_challenge/catkin_ws/build/ebot_controller --target tests -- -j12 -l12
[0.632s] DEBUG:colcon.colcon_core.event_handler.log_command:Invoked command in '/home/chandan/JdeRobotGSOC_2021/ROS2_challenge/catkin_ws/build/ebot_description' returned '0': /usr/bin/cmake --build /home/chandan/JdeRobotGSOC_2021/ROS2_challenge/catkin_ws/build/ebot_description --target tests -- -j12 -l12
[0.641s] DEBUG:colcon.colcon_core.event_handler.log_command:Invoked command in '/home/chandan/JdeRobotGSOC_2021/ROS2_challenge/catkin_ws/build/ebot_controller' returned '0': /usr/bin/cmake --build /home/chandan/JdeRobotGSOC_2021/ROS2_challenge/catkin_ws/build/ebot_controller --target tests -- -j12 -l12
[0.699s] DEBUG:colcon.colcon_core.event_handler.log_command:Invoking command in '/home/chandan/JdeRobotGSOC_2021/ROS2_challenge/catkin_ws/build/ebot_description': /usr/bin/cmake --build /home/chandan/JdeRobotGSOC_2021/ROS2_challenge/catkin_ws/build/ebot_description --target install -- -j12 -l12
[0.706s] DEBUG:colcon.colcon_core.event_handler.log_command:Invoking command in '/home/chandan/JdeRobotGSOC_2021/ROS2_challenge/catkin_ws/build/ebot_controller': /usr/bin/cmake --build /home/chandan/JdeRobotGSOC_2021/ROS2_challenge/catkin_ws/build/ebot_controller --target install -- -j12 -l12
[0.791s] DEBUG:colcon.colcon_core.event_handler.log_command:Invoked command in '/home/chandan/JdeRobotGSOC_2021/ROS2_challenge/catkin_ws/build/ebot_description' returned '0': /usr/bin/cmake --build /home/chandan/JdeRobotGSOC_2021/ROS2_challenge/catkin_ws/build/ebot_description --target install -- -j12 -l12
[0.832s] Level 1:colcon.colcon_core.shell:create_environment_hook('ebot_description', 'ros_package_path')
[0.833s] INFO:colcon.colcon_core.shell:Creating environment hook '/home/chandan/JdeRobotGSOC_2021/ROS2_challenge/catkin_ws/install/ebot_description/share/ebot_description/hook/ros_package_path.ps1'
[0.835s] INFO:colcon.colcon_core.shell:Creating environment descriptor '/home/chandan/JdeRobotGSOC_2021/ROS2_challenge/catkin_ws/install/ebot_description/share/ebot_description/hook/ros_package_path.dsv'
[0.836s] INFO:colcon.colcon_core.shell:Creating environment hook '/home/chandan/JdeRobotGSOC_2021/ROS2_challenge/catkin_ws/install/ebot_description/share/ebot_description/hook/ros_package_path.sh'
[0.838s] Level 1:colcon.colcon_ros.task.catkin:checking '/home/chandan/JdeRobotGSOC_2021/ROS2_challenge/catkin_ws/install/ebot_description/lib/python2.7/dist-packages'
[0.838s] Level 1:colcon.colcon_core.shell:create_environment_hook('ebot_description', 'pkg_config_path')
[0.839s] INFO:colcon.colcon_core.shell:Creating environment hook '/home/chandan/JdeRobotGSOC_2021/ROS2_challenge/catkin_ws/install/ebot_description/share/ebot_description/hook/pkg_config_path.ps1'
[0.840s] INFO:colcon.colcon_core.shell:Creating environment descriptor '/home/chandan/JdeRobotGSOC_2021/ROS2_challenge/catkin_ws/install/ebot_description/share/ebot_description/hook/pkg_config_path.dsv'
[0.841s] INFO:colcon.colcon_core.shell:Creating environment hook '/home/chandan/JdeRobotGSOC_2021/ROS2_challenge/catkin_ws/install/ebot_description/share/ebot_description/hook/pkg_config_path.sh'
[0.847s] Level 1:colcon.colcon_core.shell:create_environment_hook('ebot_description', 'pkg_config_path_multiarch')
[0.848s] INFO:colcon.colcon_core.shell:Creating environment hook '/home/chandan/JdeRobotGSOC_2021/ROS2_challenge/catkin_ws/install/ebot_description/share/ebot_description/hook/pkg_config_path_multiarch.ps1'
[0.850s] INFO:colcon.colcon_core.shell:Creating environment descriptor '/home/chandan/JdeRobotGSOC_2021/ROS2_challenge/catkin_ws/install/ebot_description/share/ebot_description/hook/pkg_config_path_multiarch.dsv'
[0.850s] INFO:colcon.colcon_core.shell:Creating environment hook '/home/chandan/JdeRobotGSOC_2021/ROS2_challenge/catkin_ws/install/ebot_description/share/ebot_description/hook/pkg_config_path_multiarch.sh'
[0.853s] Level 1:colcon.colcon_core.environment:create_environment_scripts_only(ebot_description)
[0.861s] Level 1:colcon.colcon_core.environment:checking '/home/chandan/JdeRobotGSOC_2021/ROS2_challenge/catkin_ws/install/ebot_description' for CMake module files
[0.862s] Level 1:colcon.colcon_core.environment:checking '/home/chandan/JdeRobotGSOC_2021/ROS2_challenge/catkin_ws/install/ebot_description' for CMake config files
[0.863s] Level 1:colcon.colcon_core.shell:create_environment_hook('ebot_description', 'cmake_prefix_path')
[0.864s] INFO:colcon.colcon_core.shell:Creating environment hook '/home/chandan/JdeRobotGSOC_2021/ROS2_challenge/catkin_ws/install/ebot_description/share/ebot_description/hook/cmake_prefix_path.ps1'
[0.865s] INFO:colcon.colcon_core.shell:Creating environment descriptor '/home/chandan/JdeRobotGSOC_2021/ROS2_challenge/catkin_ws/install/ebot_description/share/ebot_description/hook/cmake_prefix_path.dsv'
[0.866s] INFO:colcon.colcon_core.shell:Creating environment hook '/home/chandan/JdeRobotGSOC_2021/ROS2_challenge/catkin_ws/install/ebot_description/share/ebot_description/hook/cmake_prefix_path.sh'
[0.868s] Level 1:colcon.colcon_core.environment:checking '/home/chandan/JdeRobotGSOC_2021/ROS2_challenge/catkin_ws/install/ebot_description/lib'
[0.869s] Level 1:colcon.colcon_core.environment:checking '/home/chandan/JdeRobotGSOC_2021/ROS2_challenge/catkin_ws/install/ebot_description/bin'
[0.869s] Level 1:colcon.colcon_core.environment:checking '/home/chandan/JdeRobotGSOC_2021/ROS2_challenge/catkin_ws/install/ebot_description/lib/pkgconfig/ebot_description.pc'
[0.869s] Level 1:colcon.colcon_core.shell:create_environment_hook('ebot_description', 'pkg_config')
[0.870s] INFO:colcon.colcon_core.shell:Creating environment hook '/home/chandan/JdeRobotGSOC_2021/ROS2_challenge/catkin_ws/install/ebot_description/share/ebot_description/hook/pkg_config.ps1'
[0.871s] INFO:colcon.colcon_core.shell:Creating environment descriptor '/home/chandan/JdeRobotGSOC_2021/ROS2_challenge/catkin_ws/install/ebot_description/share/ebot_description/hook/pkg_config.dsv'
[0.872s] INFO:colcon.colcon_core.shell:Creating environment hook '/home/chandan/JdeRobotGSOC_2021/ROS2_challenge/catkin_ws/install/ebot_description/share/ebot_description/hook/pkg_config.sh'
[0.873s] Level 1:colcon.colcon_core.environment:checking '/home/chandan/JdeRobotGSOC_2021/ROS2_challenge/catkin_ws/install/ebot_description/lib/python3.6/site-packages'
[0.875s] INFO:colcon.colcon_core.shell:Creating package script '/home/chandan/JdeRobotGSOC_2021/ROS2_challenge/catkin_ws/install/ebot_description/share/ebot_description/package.ps1'
[0.878s] INFO:colcon.colcon_core.shell:Creating package descriptor '/home/chandan/JdeRobotGSOC_2021/ROS2_challenge/catkin_ws/install/ebot_description/share/ebot_description/package.dsv'
[0.879s] INFO:colcon.colcon_core.shell:Creating package script '/home/chandan/JdeRobotGSOC_2021/ROS2_challenge/catkin_ws/install/ebot_description/share/ebot_description/package.sh'
[0.881s] INFO:colcon.colcon_core.shell:Creating package script '/home/chandan/JdeRobotGSOC_2021/ROS2_challenge/catkin_ws/install/ebot_description/share/ebot_description/package.bash'
[0.883s] INFO:colcon.colcon_core.shell:Creating package script '/home/chandan/JdeRobotGSOC_2021/ROS2_challenge/catkin_ws/install/ebot_description/share/ebot_description/package.zsh'
[0.885s] Level 1:colcon.colcon_core.environment:create_file_with_runtime_dependencies(/home/chandan/JdeRobotGSOC_2021/ROS2_challenge/catkin_ws/install/ebot_description/share/colcon-core/packages/ebot_description)
[0.888s] DEBUG:colcon.colcon_core.event_handler.log_command:Invoked command in '/home/chandan/JdeRobotGSOC_2021/ROS2_challenge/catkin_ws/build/ebot_controller' returned '0': /usr/bin/cmake --build /home/chandan/JdeRobotGSOC_2021/ROS2_challenge/catkin_ws/build/ebot_controller --target install -- -j12 -l12
[0.948s] Level 1:colcon.colcon_core.shell:create_environment_hook('ebot_controller', 'ros_package_path')
[0.949s] INFO:colcon.colcon_core.shell:Creating environment hook '/home/chandan/JdeRobotGSOC_2021/ROS2_challenge/catkin_ws/install/ebot_controller/share/ebot_controller/hook/ros_package_path.ps1'
[0.950s] INFO:colcon.colcon_core.shell:Creating environment descriptor '/home/chandan/JdeRobotGSOC_2021/ROS2_challenge/catkin_ws/install/ebot_controller/share/ebot_controller/hook/ros_package_path.dsv'
[0.951s] INFO:colcon.colcon_core.shell:Creating environment hook '/home/chandan/JdeRobotGSOC_2021/ROS2_challenge/catkin_ws/install/ebot_controller/share/ebot_controller/hook/ros_package_path.sh'
[0.952s] Level 1:colcon.colcon_ros.task.catkin:checking '/home/chandan/JdeRobotGSOC_2021/ROS2_challenge/catkin_ws/install/ebot_controller/lib/python2.7/dist-packages'
[0.952s] Level 1:colcon.colcon_core.shell:create_environment_hook('ebot_controller', 'pkg_config_path')
[0.954s] INFO:colcon.colcon_core.shell:Creating environment hook '/home/chandan/JdeRobotGSOC_2021/ROS2_challenge/catkin_ws/install/ebot_controller/share/ebot_controller/hook/pkg_config_path.ps1'
[0.954s] INFO:colcon.colcon_core.shell:Creating environment descriptor '/home/chandan/JdeRobotGSOC_2021/ROS2_challenge/catkin_ws/install/ebot_controller/share/ebot_controller/hook/pkg_config_path.dsv'
[0.956s] INFO:colcon.colcon_core.shell:Creating environment hook '/home/chandan/JdeRobotGSOC_2021/ROS2_challenge/catkin_ws/install/ebot_controller/share/ebot_controller/hook/pkg_config_path.sh'
[0.957s] Level 1:colcon.colcon_core.shell:create_environment_hook('ebot_controller', 'pkg_config_path_multiarch')
[0.958s] INFO:colcon.colcon_core.shell:Creating environment hook '/home/chandan/JdeRobotGSOC_2021/ROS2_challenge/catkin_ws/install/ebot_controller/share/ebot_controller/hook/pkg_config_path_multiarch.ps1'
[0.958s] INFO:colcon.colcon_core.shell:Creating environment descriptor '/home/chandan/JdeRobotGSOC_2021/ROS2_challenge/catkin_ws/install/ebot_controller/share/ebot_controller/hook/pkg_config_path_multiarch.dsv'
[0.959s] INFO:colcon.colcon_core.shell:Creating environment hook '/home/chandan/JdeRobotGSOC_2021/ROS2_challenge/catkin_ws/install/ebot_controller/share/ebot_controller/hook/pkg_config_path_multiarch.sh'
[0.961s] Level 1:colcon.colcon_core.environment:create_environment_scripts_only(ebot_controller)
[0.963s] Level 1:colcon.colcon_core.environment:checking '/home/chandan/JdeRobotGSOC_2021/ROS2_challenge/catkin_ws/install/ebot_controller' for CMake module files
[0.963s] Level 1:colcon.colcon_core.environment:checking '/home/chandan/JdeRobotGSOC_2021/ROS2_challenge/catkin_ws/install/ebot_controller' for CMake config files
[0.963s] Level 1:colcon.colcon_core.shell:create_environment_hook('ebot_controller', 'cmake_prefix_path')
[0.964s] INFO:colcon.colcon_core.shell:Creating environment hook '/home/chandan/JdeRobotGSOC_2021/ROS2_challenge/catkin_ws/install/ebot_controller/share/ebot_controller/hook/cmake_prefix_path.ps1'
[0.965s] INFO:colcon.colcon_core.shell:Creating environment descriptor '/home/chandan/JdeRobotGSOC_2021/ROS2_challenge/catkin_ws/install/ebot_controller/share/ebot_controller/hook/cmake_prefix_path.dsv'
[0.966s] INFO:colcon.colcon_core.shell:Creating environment hook '/home/chandan/JdeRobotGSOC_2021/ROS2_challenge/catkin_ws/install/ebot_controller/share/ebot_controller/hook/cmake_prefix_path.sh'
[0.967s] Level 1:colcon.colcon_core.environment:checking '/home/chandan/JdeRobotGSOC_2021/ROS2_challenge/catkin_ws/install/ebot_controller/lib'
[0.967s] Level 1:colcon.colcon_core.environment:checking '/home/chandan/JdeRobotGSOC_2021/ROS2_challenge/catkin_ws/install/ebot_controller/bin'
[0.967s] Level 1:colcon.colcon_core.environment:checking '/home/chandan/JdeRobotGSOC_2021/ROS2_challenge/catkin_ws/install/ebot_controller/lib/pkgconfig/ebot_controller.pc'
[0.967s] Level 1:colcon.colcon_core.shell:create_environment_hook('ebot_controller', 'pkg_config')
[0.968s] INFO:colcon.colcon_core.shell:Creating environment hook '/home/chandan/JdeRobotGSOC_2021/ROS2_challenge/catkin_ws/install/ebot_controller/share/ebot_controller/hook/pkg_config.ps1'
[0.969s] INFO:colcon.colcon_core.shell:Creating environment descriptor '/home/chandan/JdeRobotGSOC_2021/ROS2_challenge/catkin_ws/install/ebot_controller/share/ebot_controller/hook/pkg_config.dsv'
[0.969s] INFO:colcon.colcon_core.shell:Creating environment hook '/home/chandan/JdeRobotGSOC_2021/ROS2_challenge/catkin_ws/install/ebot_controller/share/ebot_controller/hook/pkg_config.sh'
[0.970s] Level 1:colcon.colcon_core.environment:checking '/home/chandan/JdeRobotGSOC_2021/ROS2_challenge/catkin_ws/install/ebot_controller/lib/python3.6/site-packages'
[0.971s] INFO:colcon.colcon_core.shell:Creating package script '/home/chandan/JdeRobotGSOC_2021/ROS2_challenge/catkin_ws/install/ebot_controller/share/ebot_controller/package.ps1'
[0.972s] INFO:colcon.colcon_core.shell:Creating package descriptor '/home/chandan/JdeRobotGSOC_2021/ROS2_challenge/catkin_ws/install/ebot_controller/share/ebot_controller/package.dsv'
[0.973s] INFO:colcon.colcon_core.shell:Creating package script '/home/chandan/JdeRobotGSOC_2021/ROS2_challenge/catkin_ws/install/ebot_controller/share/ebot_controller/package.sh'
[0.973s] INFO:colcon.colcon_core.shell:Creating package script '/home/chandan/JdeRobotGSOC_2021/ROS2_challenge/catkin_ws/install/ebot_controller/share/ebot_controller/package.bash'
[0.974s] INFO:colcon.colcon_core.shell:Creating package script '/home/chandan/JdeRobotGSOC_2021/ROS2_challenge/catkin_ws/install/ebot_controller/share/ebot_controller/package.zsh'
[0.974s] Level 1:colcon.colcon_core.environment:create_file_with_runtime_dependencies(/home/chandan/JdeRobotGSOC_2021/ROS2_challenge/catkin_ws/install/ebot_controller/share/colcon-core/packages/ebot_controller)
[1.028s] DEBUG:colcon.colcon_core.event_handler.log_command:Invoked command in '/home/chandan/JdeRobotGSOC_2021/ROS2_challenge/catkin_ws/build/ros2_is_fun' returned '1': /usr/bin/cmake /home/chandan/JdeRobotGSOC_2021/ROS2_challenge/catkin_ws/src/ros2_is_fun -DCATKIN_INSTALL_INTO_PREFIX_ROOT=0 -DCATKIN_SYMLINK_INSTALL=ON -DCMAKE_INSTALL_PREFIX=/home/chandan/JdeRobotGSOC_2021/ROS2_challenge/catkin_ws/install/ros2_is_fun
[1.049s] Level 1:colcon.colcon_core.environment:create_environment_scripts_only(ros2_is_fun)
[1.051s] Level 1:colcon.colcon_core.environment:checking '/home/chandan/JdeRobotGSOC_2021/ROS2_challenge/catkin_ws/install/ros2_is_fun' for CMake module files
[1.052s] Level 1:colcon.colcon_core.environment:checking '/home/chandan/JdeRobotGSOC_2021/ROS2_challenge/catkin_ws/install/ros2_is_fun' for CMake config files
[1.053s] Level 1:colcon.colcon_core.environment:checking '/home/chandan/JdeRobotGSOC_2021/ROS2_challenge/catkin_ws/install/ros2_is_fun/bin'
[1.053s] Level 1:colcon.colcon_core.environment:checking '/home/chandan/JdeRobotGSOC_2021/ROS2_challenge/catkin_ws/install/ros2_is_fun/lib/pkgconfig/ros2_is_fun.pc'
[1.054s] Level 1:colcon.colcon_core.environment:checking '/home/chandan/JdeRobotGSOC_2021/ROS2_challenge/catkin_ws/install/ros2_is_fun/lib/python3.6/site-packages'
[1.055s] INFO:colcon.colcon_core.shell:Creating package script '/home/chandan/JdeRobotGSOC_2021/ROS2_challenge/catkin_ws/install/ros2_is_fun/share/ros2_is_fun/package.ps1'
[1.056s] INFO:colcon.colcon_core.shell:Creating package descriptor '/home/chandan/JdeRobotGSOC_2021/ROS2_challenge/catkin_ws/install/ros2_is_fun/share/ros2_is_fun/package.dsv'
[1.056s] INFO:colcon.colcon_core.shell:Creating package script '/home/chandan/JdeRobotGSOC_2021/ROS2_challenge/catkin_ws/install/ros2_is_fun/share/ros2_is_fun/package.sh'
[1.057s] INFO:colcon.colcon_core.shell:Creating package script '/home/chandan/JdeRobotGSOC_2021/ROS2_challenge/catkin_ws/install/ros2_is_fun/share/ros2_is_fun/package.bash'
[1.057s] INFO:colcon.colcon_core.shell:Creating package script '/home/chandan/JdeRobotGSOC_2021/ROS2_challenge/catkin_ws/install/ros2_is_fun/share/ros2_is_fun/package.zsh'
[1.057s] Level 1:colcon.colcon_core.environment:create_file_with_runtime_dependencies(/home/chandan/JdeRobotGSOC_2021/ROS2_challenge/catkin_ws/install/ros2_is_fun/share/colcon-core/packages/ros2_is_fun)
[1.068s] DEBUG:colcon.colcon_parallel_executor.executor.parallel:closing loop
[1.069s] DEBUG:colcon.colcon_parallel_executor.executor.parallel:loop closed
[1.070s] DEBUG:colcon.colcon_parallel_executor.executor.parallel:run_until_complete finished with '1'
[1.070s] DEBUG:colcon.colcon_core.event_reactor:joining thread
[1.080s] INFO:colcon.colcon_core.plugin_system:Skipping extension 'colcon_notification.desktop_notification.terminal_notifier': Not used on non-Darwin systems
[1.081s] INFO:colcon.colcon_core.plugin_system:Skipping extension 'colcon_notification.desktop_notification.win32': Not used on non-Windows systems
[1.081s] INFO:colcon.colcon_notification.desktop_notification:Sending desktop notification using 'notify2'
[1.084s] DEBUG:colcon.colcon_core.event_reactor:joined thread
[1.086s] INFO:colcon.colcon_core.shell:Creating prefix script '/home/chandan/JdeRobotGSOC_2021/ROS2_challenge/catkin_ws/install/local_setup.ps1'
[1.087s] INFO:colcon.colcon_core.shell:Creating prefix util module '/home/chandan/JdeRobotGSOC_2021/ROS2_challenge/catkin_ws/install/_local_setup_util_ps1.py'
[1.090s] INFO:colcon.colcon_core.shell:Creating prefix chain script '/home/chandan/JdeRobotGSOC_2021/ROS2_challenge/catkin_ws/install/setup.ps1'
[1.094s] INFO:colcon.colcon_core.shell:Creating prefix script '/home/chandan/JdeRobotGSOC_2021/ROS2_challenge/catkin_ws/install/local_setup.sh'
[1.095s] INFO:colcon.colcon_core.shell:Creating prefix util module '/home/chandan/JdeRobotGSOC_2021/ROS2_challenge/catkin_ws/install/_local_setup_util_sh.py'
[1.096s] INFO:colcon.colcon_core.shell:Creating prefix chain script '/home/chandan/JdeRobotGSOC_2021/ROS2_challenge/catkin_ws/install/setup.sh'
[1.100s] INFO:colcon.colcon_core.shell:Creating prefix script '/home/chandan/JdeRobotGSOC_2021/ROS2_challenge/catkin_ws/install/local_setup.bash'
[1.100s] INFO:colcon.colcon_core.shell:Creating prefix chain script '/home/chandan/JdeRobotGSOC_2021/ROS2_challenge/catkin_ws/install/setup.bash'
[1.104s] INFO:colcon.colcon_core.shell:Creating prefix script '/home/chandan/JdeRobotGSOC_2021/ROS2_challenge/catkin_ws/install/local_setup.zsh'
[1.105s] INFO:colcon.colcon_core.shell:Creating prefix chain script '/home/chandan/JdeRobotGSOC_2021/ROS2_challenge/catkin_ws/install/setup.zsh'
