[0.246s] DEBUG:colcon:Command line arguments: ['/usr/bin/colcon', 'build', '--symlink-install']
[0.247s] DEBUG:colcon:Parsed command line arguments: Namespace(ament_cmake_args=None, base_paths=['.'], build_base='build', catkin_cmake_args=None, catkin_skip_building_tests=False, cmake_args=None, cmake_clean_cache=False, cmake_clean_first=False, cmake_force_configure=False, cmake_target=None, cmake_target_skip_unavailable=False, continue_on_error=False, event_handlers=None, executor='parallel', ignore_user_meta=False, install_base='install', log_base=None, log_level=None, main=<bound method BuildVerb.main of <colcon_core.verb.build.BuildVerb object at 0x7f43deb98c18>>, merge_install=False, metas=['./colcon.meta'], packages_above=None, packages_above_and_dependencies=None, packages_above_depth=None, packages_end=None, packages_ignore=None, packages_ignore_regex=None, packages_select=None, packages_select_build_failed=False, packages_select_by_dep=None, packages_select_regex=None, packages_select_test_failures=False, packages_skip=None, packages_skip_build_finished=False, packages_skip_by_dep=None, packages_skip_regex=None, packages_skip_test_passed=False, packages_skip_up_to=None, packages_start=None, packages_up_to=None, packages_up_to_regex=None, parallel_workers=12, paths=None, symlink_install=True, test_result_base=None, verb_extension=<colcon_core.verb.build.BuildVerb object at 0x7f43deb98c18>, verb_name='build', verb_parser=<colcon_defaults.argument_parser.defaults.DefaultArgumentsDecorator object at 0x7f43deb98e80>)
[0.255s] Level 1:colcon.colcon_core.package_discovery:discover_packages(colcon_meta) check parameters
[0.255s] Level 1:colcon.colcon_core.package_discovery:discover_packages(recursive) check parameters
[0.255s] Level 1:colcon.colcon_core.package_discovery:discover_packages(ignore) check parameters
[0.255s] Level 1:colcon.colcon_core.package_discovery:discover_packages(path) check parameters
[0.255s] Level 1:colcon.colcon_core.package_discovery:discover_packages(colcon_meta) discover
[0.256s] Level 1:colcon.colcon_core.package_discovery:discover_packages(recursive) discover
[0.256s] INFO:colcon.colcon_core.package_discovery:Crawling recursively for packages in '/home/chandan/JdeRobotGSOC_2021/ROS2_challenge/catkin_ws'
[0.256s] Level 1:colcon.colcon_core.package_identification:_identify(.) by extensions ['ignore', 'ignore_ament_install']
[0.256s] Level 1:colcon.colcon_core.package_identification:_identify(.) by extension 'ignore'
[0.256s] Level 1:colcon.colcon_core.package_identification:_identify(.) by extension 'ignore_ament_install'
[0.256s] Level 1:colcon.colcon_core.package_identification:_identify(.) by extensions ['colcon_pkg']
[0.256s] Level 1:colcon.colcon_core.package_identification:_identify(.) by extension 'colcon_pkg'
[0.256s] Level 1:colcon.colcon_core.package_identification:_identify(.) by extensions ['colcon_meta']
[0.256s] Level 1:colcon.colcon_core.package_identification:_identify(.) by extension 'colcon_meta'
[0.256s] Level 1:colcon.colcon_core.package_identification:_identify(.) by extensions ['ros']
[0.256s] Level 1:colcon.colcon_core.package_identification:_identify(.) by extension 'ros'
[0.273s] Level 1:colcon.colcon_core.package_identification:_identify(.) by extensions ['cmake', 'python']
[0.273s] Level 1:colcon.colcon_core.package_identification:_identify(.) by extension 'cmake'
[0.274s] Level 1:colcon.colcon_core.package_identification:_identify(.) by extension 'python'
[0.274s] Level 1:colcon.colcon_core.package_identification:_identify(.) by extensions ['python_setup_py']
[0.274s] Level 1:colcon.colcon_core.package_identification:_identify(.) by extension 'python_setup_py'
[0.274s] Level 1:colcon.colcon_core.package_identification:_identify(build) by extensions ['ignore', 'ignore_ament_install']
[0.274s] Level 1:colcon.colcon_core.package_identification:_identify(build) by extension 'ignore'
[0.274s] Level 1:colcon.colcon_core.package_identification:_identify(build) ignored
[0.275s] Level 1:colcon.colcon_core.package_identification:_identify(install) by extensions ['ignore', 'ignore_ament_install']
[0.275s] Level 1:colcon.colcon_core.package_identification:_identify(install) by extension 'ignore'
[0.275s] Level 1:colcon.colcon_core.package_identification:_identify(install) ignored
[0.275s] Level 1:colcon.colcon_core.package_identification:_identify(log) by extensions ['ignore', 'ignore_ament_install']
[0.276s] Level 1:colcon.colcon_core.package_identification:_identify(log) by extension 'ignore'
[0.276s] Level 1:colcon.colcon_core.package_identification:_identify(log) ignored
[0.276s] Level 1:colcon.colcon_core.package_identification:_identify(src) by extensions ['ignore', 'ignore_ament_install']
[0.276s] Level 1:colcon.colcon_core.package_identification:_identify(src) by extension 'ignore'
[0.276s] Level 1:colcon.colcon_core.package_identification:_identify(src) by extension 'ignore_ament_install'
[0.276s] Level 1:colcon.colcon_core.package_identification:_identify(src) by extensions ['colcon_pkg']
[0.276s] Level 1:colcon.colcon_core.package_identification:_identify(src) by extension 'colcon_pkg'
[0.276s] Level 1:colcon.colcon_core.package_identification:_identify(src) by extensions ['colcon_meta']
[0.277s] Level 1:colcon.colcon_core.package_identification:_identify(src) by extension 'colcon_meta'
[0.277s] Level 1:colcon.colcon_core.package_identification:_identify(src) by extensions ['ros']
[0.277s] Level 1:colcon.colcon_core.package_identification:_identify(src) by extension 'ros'
[0.277s] Level 1:colcon.colcon_core.package_identification:_identify(src) by extensions ['cmake', 'python']
[0.277s] Level 1:colcon.colcon_core.package_identification:_identify(src) by extension 'cmake'
[0.277s] Level 1:colcon.colcon_core.package_identification:_identify(src) by extension 'python'
[0.277s] Level 1:colcon.colcon_core.package_identification:_identify(src) by extensions ['python_setup_py']
[0.277s] Level 1:colcon.colcon_core.package_identification:_identify(src) by extension 'python_setup_py'
[0.277s] Level 1:colcon.colcon_core.package_identification:_identify(src/ebot_controller) by extensions ['ignore', 'ignore_ament_install']
[0.277s] Level 1:colcon.colcon_core.package_identification:_identify(src/ebot_controller) by extension 'ignore'
[0.277s] Level 1:colcon.colcon_core.package_identification:_identify(src/ebot_controller) by extension 'ignore_ament_install'
[0.277s] Level 1:colcon.colcon_core.package_identification:_identify(src/ebot_controller) by extensions ['colcon_pkg']
[0.277s] Level 1:colcon.colcon_core.package_identification:_identify(src/ebot_controller) by extension 'colcon_pkg'
[0.277s] Level 1:colcon.colcon_core.package_identification:_identify(src/ebot_controller) by extensions ['colcon_meta']
[0.278s] Level 1:colcon.colcon_core.package_identification:_identify(src/ebot_controller) by extension 'colcon_meta'
[0.278s] Level 1:colcon.colcon_core.package_identification:_identify(src/ebot_controller) by extensions ['ros']
[0.278s] Level 1:colcon.colcon_core.package_identification:_identify(src/ebot_controller) by extension 'ros'
[0.281s] DEBUG:colcon.colcon_core.package_identification:Package 'src/ebot_controller' with type 'ros.catkin' and name 'ebot_controller'
[0.281s] Level 1:colcon.colcon_core.package_identification:_identify(src/ebot_description) by extensions ['ignore', 'ignore_ament_install']
[0.282s] Level 1:colcon.colcon_core.package_identification:_identify(src/ebot_description) by extension 'ignore'
[0.282s] Level 1:colcon.colcon_core.package_identification:_identify(src/ebot_description) by extension 'ignore_ament_install'
[0.282s] Level 1:colcon.colcon_core.package_identification:_identify(src/ebot_description) by extensions ['colcon_pkg']
[0.282s] Level 1:colcon.colcon_core.package_identification:_identify(src/ebot_description) by extension 'colcon_pkg'
[0.282s] Level 1:colcon.colcon_core.package_identification:_identify(src/ebot_description) by extensions ['colcon_meta']
[0.282s] Level 1:colcon.colcon_core.package_identification:_identify(src/ebot_description) by extension 'colcon_meta'
[0.282s] Level 1:colcon.colcon_core.package_identification:_identify(src/ebot_description) by extensions ['ros']
[0.282s] Level 1:colcon.colcon_core.package_identification:_identify(src/ebot_description) by extension 'ros'
[0.283s] DEBUG:colcon.colcon_core.package_identification:Package 'src/ebot_description' with type 'ros.catkin' and name 'ebot_description'
[0.283s] Level 1:colcon.colcon_core.package_identification:_identify(src/ros2_is_fun) by extensions ['ignore', 'ignore_ament_install']
[0.283s] Level 1:colcon.colcon_core.package_identification:_identify(src/ros2_is_fun) by extension 'ignore'
[0.284s] Level 1:colcon.colcon_core.package_identification:_identify(src/ros2_is_fun) by extension 'ignore_ament_install'
[0.284s] Level 1:colcon.colcon_core.package_identification:_identify(src/ros2_is_fun) by extensions ['colcon_pkg']
[0.284s] Level 1:colcon.colcon_core.package_identification:_identify(src/ros2_is_fun) by extension 'colcon_pkg'
[0.284s] Level 1:colcon.colcon_core.package_identification:_identify(src/ros2_is_fun) by extensions ['colcon_meta']
[0.284s] Level 1:colcon.colcon_core.package_identification:_identify(src/ros2_is_fun) by extension 'colcon_meta'
[0.284s] Level 1:colcon.colcon_core.package_identification:_identify(src/ros2_is_fun) by extensions ['ros']
[0.284s] Level 1:colcon.colcon_core.package_identification:_identify(src/ros2_is_fun) by extension 'ros'
[0.285s] DEBUG:colcon.colcon_core.package_identification:Package 'src/ros2_is_fun' with type 'ros.catkin' and name 'ros2_is_fun'
[0.285s] Level 1:colcon.colcon_core.package_discovery:discover_packages(recursive) using defaults
[0.285s] Level 1:colcon.colcon_core.package_discovery:discover_packages(ignore) discover
[0.285s] Level 1:colcon.colcon_core.package_discovery:discover_packages(ignore) using defaults
[0.285s] Level 1:colcon.colcon_core.package_discovery:discover_packages(path) discover
[0.285s] Level 1:colcon.colcon_core.package_discovery:discover_packages(path) using defaults
[0.319s] Level 5:colcon.colcon_core.verb:set package 'ebot_controller' build argument 'cmake_args' from command line to 'None'
[0.320s] Level 5:colcon.colcon_core.verb:set package 'ebot_controller' build argument 'cmake_target' from command line to 'None'
[0.320s] Level 5:colcon.colcon_core.verb:set package 'ebot_controller' build argument 'cmake_target_skip_unavailable' from command line to 'False'
[0.320s] Level 5:colcon.colcon_core.verb:set package 'ebot_controller' build argument 'cmake_clean_cache' from command line to 'False'
[0.320s] Level 5:colcon.colcon_core.verb:set package 'ebot_controller' build argument 'cmake_clean_first' from command line to 'False'
[0.320s] Level 5:colcon.colcon_core.verb:set package 'ebot_controller' build argument 'cmake_force_configure' from command line to 'False'
[0.320s] Level 5:colcon.colcon_core.verb:set package 'ebot_controller' build argument 'ament_cmake_args' from command line to 'None'
[0.320s] Level 5:colcon.colcon_core.verb:set package 'ebot_controller' build argument 'catkin_cmake_args' from command line to 'None'
[0.320s] Level 5:colcon.colcon_core.verb:set package 'ebot_controller' build argument 'catkin_skip_building_tests' from command line to 'False'
[0.320s] DEBUG:colcon.colcon_core.verb:Building package 'ebot_controller' with the following arguments: {'ament_cmake_args': None, 'build_base': '/home/chandan/JdeRobotGSOC_2021/ROS2_challenge/catkin_ws/build/ebot_controller', 'catkin_cmake_args': None, 'catkin_skip_building_tests': False, 'cmake_args': None, 'cmake_clean_cache': False, 'cmake_clean_first': False, 'cmake_force_configure': False, 'cmake_target': None, 'cmake_target_skip_unavailable': False, 'install_base': '/home/chandan/JdeRobotGSOC_2021/ROS2_challenge/catkin_ws/install/ebot_controller', 'merge_install': False, 'path': '/home/chandan/JdeRobotGSOC_2021/ROS2_challenge/catkin_ws/src/ebot_controller', 'symlink_install': True, 'test_result_base': None}
[0.325s] Level 5:colcon.colcon_core.verb:set package 'ebot_description' build argument 'cmake_args' from command line to 'None'
[0.325s] Level 5:colcon.colcon_core.verb:set package 'ebot_description' build argument 'cmake_target' from command line to 'None'
[0.325s] Level 5:colcon.colcon_core.verb:set package 'ebot_description' build argument 'cmake_target_skip_unavailable' from command line to 'False'
[0.326s] Level 5:colcon.colcon_core.verb:set package 'ebot_description' build argument 'cmake_clean_cache' from command line to 'False'
[0.326s] Level 5:colcon.colcon_core.verb:set package 'ebot_description' build argument 'cmake_clean_first' from command line to 'False'
[0.326s] Level 5:colcon.colcon_core.verb:set package 'ebot_description' build argument 'cmake_force_configure' from command line to 'False'
[0.326s] Level 5:colcon.colcon_core.verb:set package 'ebot_description' build argument 'ament_cmake_args' from command line to 'None'
[0.326s] Level 5:colcon.colcon_core.verb:set package 'ebot_description' build argument 'catkin_cmake_args' from command line to 'None'
[0.326s] Level 5:colcon.colcon_core.verb:set package 'ebot_description' build argument 'catkin_skip_building_tests' from command line to 'False'
[0.326s] DEBUG:colcon.colcon_core.verb:Building package 'ebot_description' with the following arguments: {'ament_cmake_args': None, 'build_base': '/home/chandan/JdeRobotGSOC_2021/ROS2_challenge/catkin_ws/build/ebot_description', 'catkin_cmake_args': None, 'catkin_skip_building_tests': False, 'cmake_args': None, 'cmake_clean_cache': False, 'cmake_clean_first': False, 'cmake_force_configure': False, 'cmake_target': None, 'cmake_target_skip_unavailable': False, 'install_base': '/home/chandan/JdeRobotGSOC_2021/ROS2_challenge/catkin_ws/install/ebot_description', 'merge_install': False, 'path': '/home/chandan/JdeRobotGSOC_2021/ROS2_challenge/catkin_ws/src/ebot_description', 'symlink_install': True, 'test_result_base': None}
[0.332s] Level 5:colcon.colcon_core.verb:set package 'ros2_is_fun' build argument 'cmake_args' from command line to 'None'
[0.332s] Level 5:colcon.colcon_core.verb:set package 'ros2_is_fun' build argument 'cmake_target' from command line to 'None'
[0.332s] Level 5:colcon.colcon_core.verb:set package 'ros2_is_fun' build argument 'cmake_target_skip_unavailable' from command line to 'False'
[0.332s] Level 5:colcon.colcon_core.verb:set package 'ros2_is_fun' build argument 'cmake_clean_cache' from command line to 'False'
[0.332s] Level 5:colcon.colcon_core.verb:set package 'ros2_is_fun' build argument 'cmake_clean_first' from command line to 'False'
[0.332s] Level 5:colcon.colcon_core.verb:set package 'ros2_is_fun' build argument 'cmake_force_configure' from command line to 'False'
[0.332s] Level 5:colcon.colcon_core.verb:set package 'ros2_is_fun' build argument 'ament_cmake_args' from command line to 'None'
[0.332s] Level 5:colcon.colcon_core.verb:set package 'ros2_is_fun' build argument 'catkin_cmake_args' from command line to 'None'
[0.332s] Level 5:colcon.colcon_core.verb:set package 'ros2_is_fun' build argument 'catkin_skip_building_tests' from command line to 'False'
[0.333s] DEBUG:colcon.colcon_core.verb:Building package 'ros2_is_fun' with the following arguments: {'ament_cmake_args': None, 'build_base': '/home/chandan/JdeRobotGSOC_2021/ROS2_challenge/catkin_ws/build/ros2_is_fun', 'catkin_cmake_args': None, 'catkin_skip_building_tests': False, 'cmake_args': None, 'cmake_clean_cache': False, 'cmake_clean_first': False, 'cmake_force_configure': False, 'cmake_target': None, 'cmake_target_skip_unavailable': False, 'install_base': '/home/chandan/JdeRobotGSOC_2021/ROS2_challenge/catkin_ws/install/ros2_is_fun', 'merge_install': False, 'path': '/home/chandan/JdeRobotGSOC_2021/ROS2_challenge/catkin_ws/src/ros2_is_fun', 'symlink_install': True, 'test_result_base': None}
[0.333s] INFO:colcon.colcon_core.executor:Executing jobs using 'parallel' executor
[0.336s] DEBUG:colcon.colcon_parallel_executor.executor.parallel:run_until_complete
[0.337s] INFO:colcon.colcon_ros.task.catkin.build:Building ROS package in '/home/chandan/JdeRobotGSOC_2021/ROS2_challenge/catkin_ws/src/ebot_controller' with build type 'catkin'
[0.337s] INFO:colcon.colcon_cmake.task.cmake.build:Building CMake package in '/home/chandan/JdeRobotGSOC_2021/ROS2_challenge/catkin_ws/src/ebot_controller'
[0.355s] INFO:colcon.colcon_core.plugin_system:Skipping extension 'colcon_core.shell.bat': Not used on non-Windows systems
[0.355s] INFO:colcon.colcon_core.shell:Skip shell extension 'powershell' for command environment: Not usable outside of PowerShell
[0.356s] DEBUG:colcon.colcon_core.shell:Skip shell extension 'dsv' for command environment
[0.359s] WARNING:colcon.colcon_ros.prefix_path.catkin:The path '/home/chandan/JdeRobotGSOC_2021/ROS2_challenge/catkin_ws/install/ROS2_is_Fun' in the environment variable CMAKE_PREFIX_PATH doesn't exist
[0.360s] DEBUG:colcon.colcon_core.shell:Ignoring prefix path '/home/chandan/catkin_ws/devel'
[0.360s] DEBUG:colcon.colcon_core.shell:Ignoring prefix path '/opt/ros/melodic'
[0.364s] INFO:colcon.colcon_ros.task.catkin.build:Building ROS package in '/home/chandan/JdeRobotGSOC_2021/ROS2_challenge/catkin_ws/src/ebot_description' with build type 'catkin'
[0.365s] INFO:colcon.colcon_cmake.task.cmake.build:Building CMake package in '/home/chandan/JdeRobotGSOC_2021/ROS2_challenge/catkin_ws/src/ebot_description'
[0.366s] INFO:colcon.colcon_core.shell:Skip shell extension 'powershell' for command environment: Not usable outside of PowerShell
[0.366s] DEBUG:colcon.colcon_core.shell:Skip shell extension 'dsv' for command environment
[0.370s] DEBUG:colcon.colcon_core.shell:Ignoring prefix path '/home/chandan/catkin_ws/devel'
[0.370s] DEBUG:colcon.colcon_core.shell:Ignoring prefix path '/opt/ros/melodic'
[0.373s] INFO:colcon.colcon_ros.task.catkin.build:Building ROS package in '/home/chandan/JdeRobotGSOC_2021/ROS2_challenge/catkin_ws/src/ros2_is_fun' with build type 'catkin'
[0.374s] INFO:colcon.colcon_cmake.task.cmake.build:Building CMake package in '/home/chandan/JdeRobotGSOC_2021/ROS2_challenge/catkin_ws/src/ros2_is_fun'
[0.375s] INFO:colcon.colcon_core.shell:Skip shell extension 'powershell' for command environment: Not usable outside of PowerShell
[0.375s] DEBUG:colcon.colcon_core.shell:Skip shell extension 'dsv' for command environment
[0.380s] DEBUG:colcon.colcon_core.shell:Ignoring prefix path '/home/chandan/catkin_ws/devel'
[0.380s] DEBUG:colcon.colcon_core.shell:Ignoring prefix path '/opt/ros/melodic'
[0.397s] DEBUG:colcon.colcon_core.event_handler.log_command:Invoking command in '/home/chandan/JdeRobotGSOC_2021/ROS2_challenge/catkin_ws/build/ebot_controller': /usr/bin/cmake --build /home/chandan/JdeRobotGSOC_2021/ROS2_challenge/catkin_ws/build/ebot_controller -- -j12 -l12
[0.402s] DEBUG:colcon.colcon_core.event_handler.log_command:Invoking command in '/home/chandan/JdeRobotGSOC_2021/ROS2_challenge/catkin_ws/build/ebot_description': /usr/bin/cmake --build /home/chandan/JdeRobotGSOC_2021/ROS2_challenge/catkin_ws/build/ebot_description -- -j12 -l12
[0.411s] DEBUG:colcon.colcon_core.event_handler.log_command:Invoking command in '/home/chandan/JdeRobotGSOC_2021/ROS2_challenge/catkin_ws/build/ros2_is_fun': /usr/bin/cmake /home/chandan/JdeRobotGSOC_2021/ROS2_challenge/catkin_ws/src/ros2_is_fun -DCATKIN_INSTALL_INTO_PREFIX_ROOT=0 -DCATKIN_SYMLINK_INSTALL=ON -DCMAKE_INSTALL_PREFIX=/home/chandan/JdeRobotGSOC_2021/ROS2_challenge/catkin_ws/install/ros2_is_fun
[0.463s] DEBUG:colcon.colcon_core.event_handler.log_command:Invoked command in '/home/chandan/JdeRobotGSOC_2021/ROS2_challenge/catkin_ws/build/ebot_controller' returned '0': /usr/bin/cmake --build /home/chandan/JdeRobotGSOC_2021/ROS2_challenge/catkin_ws/build/ebot_controller -- -j12 -l12
[0.468s] DEBUG:colcon.colcon_core.event_handler.log_command:Invoked command in '/home/chandan/JdeRobotGSOC_2021/ROS2_challenge/catkin_ws/build/ebot_description' returned '0': /usr/bin/cmake --build /home/chandan/JdeRobotGSOC_2021/ROS2_challenge/catkin_ws/build/ebot_description -- -j12 -l12
[0.504s] DEBUG:colcon.colcon_core.event_handler.log_command:Invoking command in '/home/chandan/JdeRobotGSOC_2021/ROS2_challenge/catkin_ws/build/ebot_description': /usr/bin/cmake --build /home/chandan/JdeRobotGSOC_2021/ROS2_challenge/catkin_ws/build/ebot_description --target tests -- -j12 -l12
[0.512s] DEBUG:colcon.colcon_core.event_handler.log_command:Invoking command in '/home/chandan/JdeRobotGSOC_2021/ROS2_challenge/catkin_ws/build/ebot_controller': /usr/bin/cmake --build /home/chandan/JdeRobotGSOC_2021/ROS2_challenge/catkin_ws/build/ebot_controller --target tests -- -j12 -l12
[0.617s] DEBUG:colcon.colcon_core.event_handler.log_command:Invoked command in '/home/chandan/JdeRobotGSOC_2021/ROS2_challenge/catkin_ws/build/ebot_description' returned '0': /usr/bin/cmake --build /home/chandan/JdeRobotGSOC_2021/ROS2_challenge/catkin_ws/build/ebot_description --target tests -- -j12 -l12
[0.629s] DEBUG:colcon.colcon_core.event_handler.log_command:Invoked command in '/home/chandan/JdeRobotGSOC_2021/ROS2_challenge/catkin_ws/build/ebot_controller' returned '0': /usr/bin/cmake --build /home/chandan/JdeRobotGSOC_2021/ROS2_challenge/catkin_ws/build/ebot_controller --target tests -- -j12 -l12
[0.679s] DEBUG:colcon.colcon_core.event_handler.log_command:Invoking command in '/home/chandan/JdeRobotGSOC_2021/ROS2_challenge/catkin_ws/build/ebot_description': /usr/bin/cmake --build /home/chandan/JdeRobotGSOC_2021/ROS2_challenge/catkin_ws/build/ebot_description --target install -- -j12 -l12
[0.686s] DEBUG:colcon.colcon_core.event_handler.log_command:Invoking command in '/home/chandan/JdeRobotGSOC_2021/ROS2_challenge/catkin_ws/build/ebot_controller': /usr/bin/cmake --build /home/chandan/JdeRobotGSOC_2021/ROS2_challenge/catkin_ws/build/ebot_controller --target install -- -j12 -l12
[0.787s] DEBUG:colcon.colcon_core.event_handler.log_command:Invoked command in '/home/chandan/JdeRobotGSOC_2021/ROS2_challenge/catkin_ws/build/ebot_description' returned '0': /usr/bin/cmake --build /home/chandan/JdeRobotGSOC_2021/ROS2_challenge/catkin_ws/build/ebot_description --target install -- -j12 -l12
[0.793s] DEBUG:colcon.colcon_core.event_handler.log_command:Invoked command in '/home/chandan/JdeRobotGSOC_2021/ROS2_challenge/catkin_ws/build/ebot_controller' returned '0': /usr/bin/cmake --build /home/chandan/JdeRobotGSOC_2021/ROS2_challenge/catkin_ws/build/ebot_controller --target install -- -j12 -l12
[0.821s] Level 1:colcon.colcon_core.shell:create_environment_hook('ebot_description', 'ros_package_path')
[0.823s] INFO:colcon.colcon_core.shell:Creating environment hook '/home/chandan/JdeRobotGSOC_2021/ROS2_challenge/catkin_ws/install/ebot_description/share/ebot_description/hook/ros_package_path.ps1'
[0.824s] INFO:colcon.colcon_core.shell:Creating environment descriptor '/home/chandan/JdeRobotGSOC_2021/ROS2_challenge/catkin_ws/install/ebot_description/share/ebot_description/hook/ros_package_path.dsv'
[0.825s] INFO:colcon.colcon_core.shell:Creating environment hook '/home/chandan/JdeRobotGSOC_2021/ROS2_challenge/catkin_ws/install/ebot_description/share/ebot_description/hook/ros_package_path.sh'
[0.826s] Level 1:colcon.colcon_ros.task.catkin:checking '/home/chandan/JdeRobotGSOC_2021/ROS2_challenge/catkin_ws/install/ebot_description/lib/python2.7/dist-packages'
[0.826s] Level 1:colcon.colcon_core.shell:create_environment_hook('ebot_description', 'pkg_config_path')
[0.827s] INFO:colcon.colcon_core.shell:Creating environment hook '/home/chandan/JdeRobotGSOC_2021/ROS2_challenge/catkin_ws/install/ebot_description/share/ebot_description/hook/pkg_config_path.ps1'
[0.828s] INFO:colcon.colcon_core.shell:Creating environment descriptor '/home/chandan/JdeRobotGSOC_2021/ROS2_challenge/catkin_ws/install/ebot_description/share/ebot_description/hook/pkg_config_path.dsv'
[0.828s] INFO:colcon.colcon_core.shell:Creating environment hook '/home/chandan/JdeRobotGSOC_2021/ROS2_challenge/catkin_ws/install/ebot_description/share/ebot_description/hook/pkg_config_path.sh'
[0.834s] Level 1:colcon.colcon_core.shell:create_environment_hook('ebot_description', 'pkg_config_path_multiarch')
[0.836s] INFO:colcon.colcon_core.shell:Creating environment hook '/home/chandan/JdeRobotGSOC_2021/ROS2_challenge/catkin_ws/install/ebot_description/share/ebot_description/hook/pkg_config_path_multiarch.ps1'
[0.836s] INFO:colcon.colcon_core.shell:Creating environment descriptor '/home/chandan/JdeRobotGSOC_2021/ROS2_challenge/catkin_ws/install/ebot_description/share/ebot_description/hook/pkg_config_path_multiarch.dsv'
[0.838s] INFO:colcon.colcon_core.shell:Creating environment hook '/home/chandan/JdeRobotGSOC_2021/ROS2_challenge/catkin_ws/install/ebot_description/share/ebot_description/hook/pkg_config_path_multiarch.sh'
[0.840s] Level 1:colcon.colcon_core.environment:create_environment_scripts_only(ebot_description)
[0.845s] Level 1:colcon.colcon_core.environment:checking '/home/chandan/JdeRobotGSOC_2021/ROS2_challenge/catkin_ws/install/ebot_description' for CMake module files
[0.846s] Level 1:colcon.colcon_core.environment:checking '/home/chandan/JdeRobotGSOC_2021/ROS2_challenge/catkin_ws/install/ebot_description' for CMake config files
[0.846s] Level 1:colcon.colcon_core.shell:create_environment_hook('ebot_description', 'cmake_prefix_path')
[0.847s] INFO:colcon.colcon_core.shell:Creating environment hook '/home/chandan/JdeRobotGSOC_2021/ROS2_challenge/catkin_ws/install/ebot_description/share/ebot_description/hook/cmake_prefix_path.ps1'
[0.848s] INFO:colcon.colcon_core.shell:Creating environment descriptor '/home/chandan/JdeRobotGSOC_2021/ROS2_challenge/catkin_ws/install/ebot_description/share/ebot_description/hook/cmake_prefix_path.dsv'
[0.848s] INFO:colcon.colcon_core.shell:Creating environment hook '/home/chandan/JdeRobotGSOC_2021/ROS2_challenge/catkin_ws/install/ebot_description/share/ebot_description/hook/cmake_prefix_path.sh'
[0.850s] Level 1:colcon.colcon_core.environment:checking '/home/chandan/JdeRobotGSOC_2021/ROS2_challenge/catkin_ws/install/ebot_description/lib'
[0.850s] Level 1:colcon.colcon_core.environment:checking '/home/chandan/JdeRobotGSOC_2021/ROS2_challenge/catkin_ws/install/ebot_description/bin'
[0.850s] Level 1:colcon.colcon_core.environment:checking '/home/chandan/JdeRobotGSOC_2021/ROS2_challenge/catkin_ws/install/ebot_description/lib/pkgconfig/ebot_description.pc'
[0.850s] Level 1:colcon.colcon_core.shell:create_environment_hook('ebot_description', 'pkg_config')
[0.851s] INFO:colcon.colcon_core.shell:Creating environment hook '/home/chandan/JdeRobotGSOC_2021/ROS2_challenge/catkin_ws/install/ebot_description/share/ebot_description/hook/pkg_config.ps1'
[0.852s] INFO:colcon.colcon_core.shell:Creating environment descriptor '/home/chandan/JdeRobotGSOC_2021/ROS2_challenge/catkin_ws/install/ebot_description/share/ebot_description/hook/pkg_config.dsv'
[0.852s] INFO:colcon.colcon_core.shell:Creating environment hook '/home/chandan/JdeRobotGSOC_2021/ROS2_challenge/catkin_ws/install/ebot_description/share/ebot_description/hook/pkg_config.sh'
[0.853s] Level 1:colcon.colcon_core.environment:checking '/home/chandan/JdeRobotGSOC_2021/ROS2_challenge/catkin_ws/install/ebot_description/lib/python3.6/site-packages'
[0.854s] INFO:colcon.colcon_core.shell:Creating package script '/home/chandan/JdeRobotGSOC_2021/ROS2_challenge/catkin_ws/install/ebot_description/share/ebot_description/package.ps1'
[0.856s] INFO:colcon.colcon_core.shell:Creating package descriptor '/home/chandan/JdeRobotGSOC_2021/ROS2_challenge/catkin_ws/install/ebot_description/share/ebot_description/package.dsv'
[0.857s] INFO:colcon.colcon_core.shell:Creating package script '/home/chandan/JdeRobotGSOC_2021/ROS2_challenge/catkin_ws/install/ebot_description/share/ebot_description/package.sh'
[0.858s] INFO:colcon.colcon_core.shell:Creating package script '/home/chandan/JdeRobotGSOC_2021/ROS2_challenge/catkin_ws/install/ebot_description/share/ebot_description/package.bash'
[0.860s] INFO:colcon.colcon_core.shell:Creating package script '/home/chandan/JdeRobotGSOC_2021/ROS2_challenge/catkin_ws/install/ebot_description/share/ebot_description/package.zsh'
[0.861s] Level 1:colcon.colcon_core.environment:create_file_with_runtime_dependencies(/home/chandan/JdeRobotGSOC_2021/ROS2_challenge/catkin_ws/install/ebot_description/share/colcon-core/packages/ebot_description)
[0.863s] Level 1:colcon.colcon_core.shell:create_environment_hook('ebot_controller', 'ros_package_path')
[0.865s] INFO:colcon.colcon_core.shell:Creating environment hook '/home/chandan/JdeRobotGSOC_2021/ROS2_challenge/catkin_ws/install/ebot_controller/share/ebot_controller/hook/ros_package_path.ps1'
[0.866s] INFO:colcon.colcon_core.shell:Creating environment descriptor '/home/chandan/JdeRobotGSOC_2021/ROS2_challenge/catkin_ws/install/ebot_controller/share/ebot_controller/hook/ros_package_path.dsv'
[0.867s] INFO:colcon.colcon_core.shell:Creating environment hook '/home/chandan/JdeRobotGSOC_2021/ROS2_challenge/catkin_ws/install/ebot_controller/share/ebot_controller/hook/ros_package_path.sh'
[0.868s] Level 1:colcon.colcon_ros.task.catkin:checking '/home/chandan/JdeRobotGSOC_2021/ROS2_challenge/catkin_ws/install/ebot_controller/lib/python2.7/dist-packages'
[0.868s] Level 1:colcon.colcon_core.shell:create_environment_hook('ebot_controller', 'pkg_config_path')
[0.870s] INFO:colcon.colcon_core.shell:Creating environment hook '/home/chandan/JdeRobotGSOC_2021/ROS2_challenge/catkin_ws/install/ebot_controller/share/ebot_controller/hook/pkg_config_path.ps1'
[0.870s] INFO:colcon.colcon_core.shell:Creating environment descriptor '/home/chandan/JdeRobotGSOC_2021/ROS2_challenge/catkin_ws/install/ebot_controller/share/ebot_controller/hook/pkg_config_path.dsv'
[0.871s] INFO:colcon.colcon_core.shell:Creating environment hook '/home/chandan/JdeRobotGSOC_2021/ROS2_challenge/catkin_ws/install/ebot_controller/share/ebot_controller/hook/pkg_config_path.sh'
[0.872s] Level 1:colcon.colcon_core.shell:create_environment_hook('ebot_controller', 'pkg_config_path_multiarch')
[0.873s] INFO:colcon.colcon_core.shell:Creating environment hook '/home/chandan/JdeRobotGSOC_2021/ROS2_challenge/catkin_ws/install/ebot_controller/share/ebot_controller/hook/pkg_config_path_multiarch.ps1'
[0.874s] INFO:colcon.colcon_core.shell:Creating environment descriptor '/home/chandan/JdeRobotGSOC_2021/ROS2_challenge/catkin_ws/install/ebot_controller/share/ebot_controller/hook/pkg_config_path_multiarch.dsv'
[0.874s] INFO:colcon.colcon_core.shell:Creating environment hook '/home/chandan/JdeRobotGSOC_2021/ROS2_challenge/catkin_ws/install/ebot_controller/share/ebot_controller/hook/pkg_config_path_multiarch.sh'
[0.876s] Level 1:colcon.colcon_core.environment:create_environment_scripts_only(ebot_controller)
[0.878s] Level 1:colcon.colcon_core.environment:checking '/home/chandan/JdeRobotGSOC_2021/ROS2_challenge/catkin_ws/install/ebot_controller' for CMake module files
[0.879s] Level 1:colcon.colcon_core.environment:checking '/home/chandan/JdeRobotGSOC_2021/ROS2_challenge/catkin_ws/install/ebot_controller' for CMake config files
[0.879s] Level 1:colcon.colcon_core.shell:create_environment_hook('ebot_controller', 'cmake_prefix_path')
[0.881s] INFO:colcon.colcon_core.shell:Creating environment hook '/home/chandan/JdeRobotGSOC_2021/ROS2_challenge/catkin_ws/install/ebot_controller/share/ebot_controller/hook/cmake_prefix_path.ps1'
[0.882s] INFO:colcon.colcon_core.shell:Creating environment descriptor '/home/chandan/JdeRobotGSOC_2021/ROS2_challenge/catkin_ws/install/ebot_controller/share/ebot_controller/hook/cmake_prefix_path.dsv'
[0.882s] INFO:colcon.colcon_core.shell:Creating environment hook '/home/chandan/JdeRobotGSOC_2021/ROS2_challenge/catkin_ws/install/ebot_controller/share/ebot_controller/hook/cmake_prefix_path.sh'
[0.884s] Level 1:colcon.colcon_core.environment:checking '/home/chandan/JdeRobotGSOC_2021/ROS2_challenge/catkin_ws/install/ebot_controller/lib'
[0.884s] Level 1:colcon.colcon_core.environment:checking '/home/chandan/JdeRobotGSOC_2021/ROS2_challenge/catkin_ws/install/ebot_controller/bin'
[0.885s] Level 1:colcon.colcon_core.environment:checking '/home/chandan/JdeRobotGSOC_2021/ROS2_challenge/catkin_ws/install/ebot_controller/lib/pkgconfig/ebot_controller.pc'
[0.885s] Level 1:colcon.colcon_core.shell:create_environment_hook('ebot_controller', 'pkg_config')
[0.886s] INFO:colcon.colcon_core.shell:Creating environment hook '/home/chandan/JdeRobotGSOC_2021/ROS2_challenge/catkin_ws/install/ebot_controller/share/ebot_controller/hook/pkg_config.ps1'
[0.887s] INFO:colcon.colcon_core.shell:Creating environment descriptor '/home/chandan/JdeRobotGSOC_2021/ROS2_challenge/catkin_ws/install/ebot_controller/share/ebot_controller/hook/pkg_config.dsv'
[0.888s] INFO:colcon.colcon_core.shell:Creating environment hook '/home/chandan/JdeRobotGSOC_2021/ROS2_challenge/catkin_ws/install/ebot_controller/share/ebot_controller/hook/pkg_config.sh'
[0.889s] Level 1:colcon.colcon_core.environment:checking '/home/chandan/JdeRobotGSOC_2021/ROS2_challenge/catkin_ws/install/ebot_controller/lib/python3.6/site-packages'
[0.891s] INFO:colcon.colcon_core.shell:Creating package script '/home/chandan/JdeRobotGSOC_2021/ROS2_challenge/catkin_ws/install/ebot_controller/share/ebot_controller/package.ps1'
[0.892s] INFO:colcon.colcon_core.shell:Creating package descriptor '/home/chandan/JdeRobotGSOC_2021/ROS2_challenge/catkin_ws/install/ebot_controller/share/ebot_controller/package.dsv'
[0.893s] INFO:colcon.colcon_core.shell:Creating package script '/home/chandan/JdeRobotGSOC_2021/ROS2_challenge/catkin_ws/install/ebot_controller/share/ebot_controller/package.sh'
[0.895s] INFO:colcon.colcon_core.shell:Creating package script '/home/chandan/JdeRobotGSOC_2021/ROS2_challenge/catkin_ws/install/ebot_controller/share/ebot_controller/package.bash'
[0.895s] INFO:colcon.colcon_core.shell:Creating package script '/home/chandan/JdeRobotGSOC_2021/ROS2_challenge/catkin_ws/install/ebot_controller/share/ebot_controller/package.zsh'
[0.896s] Level 1:colcon.colcon_core.environment:create_file_with_runtime_dependencies(/home/chandan/JdeRobotGSOC_2021/ROS2_challenge/catkin_ws/install/ebot_controller/share/colcon-core/packages/ebot_controller)
[1.309s] DEBUG:colcon.colcon_core.event_handler.log_command:Invoked command in '/home/chandan/JdeRobotGSOC_2021/ROS2_challenge/catkin_ws/build/ros2_is_fun' returned '0': /usr/bin/cmake /home/chandan/JdeRobotGSOC_2021/ROS2_challenge/catkin_ws/src/ros2_is_fun -DCATKIN_INSTALL_INTO_PREFIX_ROOT=0 -DCATKIN_SYMLINK_INSTALL=ON -DCMAKE_INSTALL_PREFIX=/home/chandan/JdeRobotGSOC_2021/ROS2_challenge/catkin_ws/install/ros2_is_fun
[1.314s] DEBUG:colcon.colcon_core.event_handler.log_command:Invoking command in '/home/chandan/JdeRobotGSOC_2021/ROS2_challenge/catkin_ws/build/ros2_is_fun': /usr/bin/cmake --build /home/chandan/JdeRobotGSOC_2021/ROS2_challenge/catkin_ws/build/ros2_is_fun -- -j12 -l12
[1.374s] DEBUG:colcon.colcon_core.event_handler.log_command:Invoked command in '/home/chandan/JdeRobotGSOC_2021/ROS2_challenge/catkin_ws/build/ros2_is_fun' returned '0': /usr/bin/cmake --build /home/chandan/JdeRobotGSOC_2021/ROS2_challenge/catkin_ws/build/ros2_is_fun -- -j12 -l12
[1.422s] DEBUG:colcon.colcon_core.event_handler.log_command:Invoking command in '/home/chandan/JdeRobotGSOC_2021/ROS2_challenge/catkin_ws/build/ros2_is_fun': /usr/bin/cmake --build /home/chandan/JdeRobotGSOC_2021/ROS2_challenge/catkin_ws/build/ros2_is_fun --target tests -- -j12 -l12
[1.535s] DEBUG:colcon.colcon_core.event_handler.log_command:Invoked command in '/home/chandan/JdeRobotGSOC_2021/ROS2_challenge/catkin_ws/build/ros2_is_fun' returned '0': /usr/bin/cmake --build /home/chandan/JdeRobotGSOC_2021/ROS2_challenge/catkin_ws/build/ros2_is_fun --target tests -- -j12 -l12
[1.581s] DEBUG:colcon.colcon_core.event_handler.log_command:Invoking command in '/home/chandan/JdeRobotGSOC_2021/ROS2_challenge/catkin_ws/build/ros2_is_fun': /usr/bin/cmake --build /home/chandan/JdeRobotGSOC_2021/ROS2_challenge/catkin_ws/build/ros2_is_fun --target install -- -j12 -l12
[1.774s] DEBUG:colcon.colcon_core.event_handler.log_command:Invoked command in '/home/chandan/JdeRobotGSOC_2021/ROS2_challenge/catkin_ws/build/ros2_is_fun' returned '0': /usr/bin/cmake --build /home/chandan/JdeRobotGSOC_2021/ROS2_challenge/catkin_ws/build/ros2_is_fun --target install -- -j12 -l12
[1.824s] Level 1:colcon.colcon_core.shell:create_environment_hook('ros2_is_fun', 'ros_package_path')
[1.826s] INFO:colcon.colcon_core.shell:Creating environment hook '/home/chandan/JdeRobotGSOC_2021/ROS2_challenge/catkin_ws/install/ros2_is_fun/share/ros2_is_fun/hook/ros_package_path.ps1'
[1.827s] INFO:colcon.colcon_core.shell:Creating environment descriptor '/home/chandan/JdeRobotGSOC_2021/ROS2_challenge/catkin_ws/install/ros2_is_fun/share/ros2_is_fun/hook/ros_package_path.dsv'
[1.828s] INFO:colcon.colcon_core.shell:Creating environment hook '/home/chandan/JdeRobotGSOC_2021/ROS2_challenge/catkin_ws/install/ros2_is_fun/share/ros2_is_fun/hook/ros_package_path.sh'
[1.829s] Level 1:colcon.colcon_ros.task.catkin:checking '/home/chandan/JdeRobotGSOC_2021/ROS2_challenge/catkin_ws/install/ros2_is_fun/lib/python2.7/dist-packages'
[1.830s] Level 1:colcon.colcon_core.shell:create_environment_hook('ros2_is_fun', 'pkg_config_path')
[1.831s] INFO:colcon.colcon_core.shell:Creating environment hook '/home/chandan/JdeRobotGSOC_2021/ROS2_challenge/catkin_ws/install/ros2_is_fun/share/ros2_is_fun/hook/pkg_config_path.ps1'
[1.831s] INFO:colcon.colcon_core.shell:Creating environment descriptor '/home/chandan/JdeRobotGSOC_2021/ROS2_challenge/catkin_ws/install/ros2_is_fun/share/ros2_is_fun/hook/pkg_config_path.dsv'
[1.832s] INFO:colcon.colcon_core.shell:Creating environment hook '/home/chandan/JdeRobotGSOC_2021/ROS2_challenge/catkin_ws/install/ros2_is_fun/share/ros2_is_fun/hook/pkg_config_path.sh'
[1.832s] Level 1:colcon.colcon_core.shell:create_environment_hook('ros2_is_fun', 'pkg_config_path_multiarch')
[1.833s] INFO:colcon.colcon_core.shell:Creating environment hook '/home/chandan/JdeRobotGSOC_2021/ROS2_challenge/catkin_ws/install/ros2_is_fun/share/ros2_is_fun/hook/pkg_config_path_multiarch.ps1'
[1.834s] INFO:colcon.colcon_core.shell:Creating environment descriptor '/home/chandan/JdeRobotGSOC_2021/ROS2_challenge/catkin_ws/install/ros2_is_fun/share/ros2_is_fun/hook/pkg_config_path_multiarch.dsv'
[1.834s] INFO:colcon.colcon_core.shell:Creating environment hook '/home/chandan/JdeRobotGSOC_2021/ROS2_challenge/catkin_ws/install/ros2_is_fun/share/ros2_is_fun/hook/pkg_config_path_multiarch.sh'
[1.835s] Level 1:colcon.colcon_core.environment:create_environment_scripts_only(ros2_is_fun)
[1.837s] Level 1:colcon.colcon_core.environment:checking '/home/chandan/JdeRobotGSOC_2021/ROS2_challenge/catkin_ws/install/ros2_is_fun' for CMake module files
[1.837s] Level 1:colcon.colcon_core.environment:checking '/home/chandan/JdeRobotGSOC_2021/ROS2_challenge/catkin_ws/install/ros2_is_fun' for CMake config files
[1.837s] Level 1:colcon.colcon_core.shell:create_environment_hook('ros2_is_fun', 'cmake_prefix_path')
[1.838s] INFO:colcon.colcon_core.shell:Creating environment hook '/home/chandan/JdeRobotGSOC_2021/ROS2_challenge/catkin_ws/install/ros2_is_fun/share/ros2_is_fun/hook/cmake_prefix_path.ps1'
[1.839s] INFO:colcon.colcon_core.shell:Creating environment descriptor '/home/chandan/JdeRobotGSOC_2021/ROS2_challenge/catkin_ws/install/ros2_is_fun/share/ros2_is_fun/hook/cmake_prefix_path.dsv'
[1.840s] INFO:colcon.colcon_core.shell:Creating environment hook '/home/chandan/JdeRobotGSOC_2021/ROS2_challenge/catkin_ws/install/ros2_is_fun/share/ros2_is_fun/hook/cmake_prefix_path.sh'
[1.841s] Level 1:colcon.colcon_core.environment:checking '/home/chandan/JdeRobotGSOC_2021/ROS2_challenge/catkin_ws/install/ros2_is_fun/lib'
[1.842s] Level 1:colcon.colcon_core.environment:checking '/home/chandan/JdeRobotGSOC_2021/ROS2_challenge/catkin_ws/install/ros2_is_fun/bin'
[1.842s] Level 1:colcon.colcon_core.environment:checking '/home/chandan/JdeRobotGSOC_2021/ROS2_challenge/catkin_ws/install/ros2_is_fun/lib/pkgconfig/ros2_is_fun.pc'
[1.842s] Level 1:colcon.colcon_core.shell:create_environment_hook('ros2_is_fun', 'pkg_config')
[1.843s] INFO:colcon.colcon_core.shell:Creating environment hook '/home/chandan/JdeRobotGSOC_2021/ROS2_challenge/catkin_ws/install/ros2_is_fun/share/ros2_is_fun/hook/pkg_config.ps1'
[1.844s] INFO:colcon.colcon_core.shell:Creating environment descriptor '/home/chandan/JdeRobotGSOC_2021/ROS2_challenge/catkin_ws/install/ros2_is_fun/share/ros2_is_fun/hook/pkg_config.dsv'
[1.844s] INFO:colcon.colcon_core.shell:Creating environment hook '/home/chandan/JdeRobotGSOC_2021/ROS2_challenge/catkin_ws/install/ros2_is_fun/share/ros2_is_fun/hook/pkg_config.sh'
[1.845s] Level 1:colcon.colcon_core.environment:checking '/home/chandan/JdeRobotGSOC_2021/ROS2_challenge/catkin_ws/install/ros2_is_fun/lib/python3.6/site-packages'
[1.846s] INFO:colcon.colcon_core.shell:Creating package script '/home/chandan/JdeRobotGSOC_2021/ROS2_challenge/catkin_ws/install/ros2_is_fun/share/ros2_is_fun/package.ps1'
[1.847s] INFO:colcon.colcon_core.shell:Creating package descriptor '/home/chandan/JdeRobotGSOC_2021/ROS2_challenge/catkin_ws/install/ros2_is_fun/share/ros2_is_fun/package.dsv'
[1.848s] INFO:colcon.colcon_core.shell:Creating package script '/home/chandan/JdeRobotGSOC_2021/ROS2_challenge/catkin_ws/install/ros2_is_fun/share/ros2_is_fun/package.sh'
[1.848s] INFO:colcon.colcon_core.shell:Creating package script '/home/chandan/JdeRobotGSOC_2021/ROS2_challenge/catkin_ws/install/ros2_is_fun/share/ros2_is_fun/package.bash'
[1.849s] INFO:colcon.colcon_core.shell:Creating package script '/home/chandan/JdeRobotGSOC_2021/ROS2_challenge/catkin_ws/install/ros2_is_fun/share/ros2_is_fun/package.zsh'
[1.849s] Level 1:colcon.colcon_core.environment:create_file_with_runtime_dependencies(/home/chandan/JdeRobotGSOC_2021/ROS2_challenge/catkin_ws/install/ros2_is_fun/share/colcon-core/packages/ros2_is_fun)
[1.850s] DEBUG:colcon.colcon_parallel_executor.executor.parallel:closing loop
[1.850s] DEBUG:colcon.colcon_parallel_executor.executor.parallel:loop closed
[1.852s] DEBUG:colcon.colcon_parallel_executor.executor.parallel:run_until_complete finished with '0'
[1.852s] DEBUG:colcon.colcon_core.event_reactor:joining thread
[1.861s] INFO:colcon.colcon_core.plugin_system:Skipping extension 'colcon_notification.desktop_notification.terminal_notifier': Not used on non-Darwin systems
[1.861s] INFO:colcon.colcon_core.plugin_system:Skipping extension 'colcon_notification.desktop_notification.win32': Not used on non-Windows systems
[1.862s] INFO:colcon.colcon_notification.desktop_notification:Sending desktop notification using 'notify2'
[1.866s] DEBUG:colcon.colcon_core.event_reactor:joined thread
[1.868s] INFO:colcon.colcon_core.shell:Creating prefix script '/home/chandan/JdeRobotGSOC_2021/ROS2_challenge/catkin_ws/install/local_setup.ps1'
[1.870s] INFO:colcon.colcon_core.shell:Creating prefix util module '/home/chandan/JdeRobotGSOC_2021/ROS2_challenge/catkin_ws/install/_local_setup_util_ps1.py'
[1.873s] INFO:colcon.colcon_core.shell:Creating prefix chain script '/home/chandan/JdeRobotGSOC_2021/ROS2_challenge/catkin_ws/install/setup.ps1'
[1.878s] INFO:colcon.colcon_core.shell:Creating prefix script '/home/chandan/JdeRobotGSOC_2021/ROS2_challenge/catkin_ws/install/local_setup.sh'
[1.879s] INFO:colcon.colcon_core.shell:Creating prefix util module '/home/chandan/JdeRobotGSOC_2021/ROS2_challenge/catkin_ws/install/_local_setup_util_sh.py'
[1.880s] INFO:colcon.colcon_core.shell:Creating prefix chain script '/home/chandan/JdeRobotGSOC_2021/ROS2_challenge/catkin_ws/install/setup.sh'
[1.884s] INFO:colcon.colcon_core.shell:Creating prefix script '/home/chandan/JdeRobotGSOC_2021/ROS2_challenge/catkin_ws/install/local_setup.bash'
[1.884s] INFO:colcon.colcon_core.shell:Creating prefix chain script '/home/chandan/JdeRobotGSOC_2021/ROS2_challenge/catkin_ws/install/setup.bash'
[1.888s] INFO:colcon.colcon_core.shell:Creating prefix script '/home/chandan/JdeRobotGSOC_2021/ROS2_challenge/catkin_ws/install/local_setup.zsh'
[1.889s] INFO:colcon.colcon_core.shell:Creating prefix chain script '/home/chandan/JdeRobotGSOC_2021/ROS2_challenge/catkin_ws/install/setup.zsh'
