[0.030s] Invoking command in '/home/chandan/JdeRobotGSOC_2021/ROS2_challenge/catkin_ws/build/ros2_is_fun': /usr/bin/cmake /home/chandan/JdeRobotGSOC_2021/ROS2_challenge/catkin_ws/src/ros2_is_fun -DCATKIN_INSTALL_INTO_PREFIX_ROOT=0 -DCATKIN_SYMLINK_INSTALL=ON -DCMAKE_INSTALL_PREFIX=/home/chandan/JdeRobotGSOC_2021/ROS2_challenge/catkin_ws/install/ros2_is_fun
[0.183s] -- The C compiler identification is GNU 7.5.0
[0.315s] -- The CXX compiler identification is GNU 7.5.0
[0.323s] -- Check for working C compiler: /usr/lib/ccache/cc
[0.407s] -- Check for working C compiler: /usr/lib/ccache/cc -- works
[0.408s] -- Detecting C compiler ABI info
[0.490s] -- Detecting C compiler ABI info - done
[0.503s] -- Detecting C compile features
[0.769s] -- Detecting C compile features - done
[0.775s] -- Check for working CXX compiler: /usr/lib/ccache/c++
[0.877s] -- Check for working CXX compiler: /usr/lib/ccache/c++ -- works
[0.878s] -- Detecting CXX compiler ABI info
[0.986s] -- Detecting CXX compiler ABI info - done
[1.001s] -- Detecting CXX compile features
[1.564s] -- Detecting CXX compile features - done
[1.568s] -- Using CATKIN_DEVEL_PREFIX: /home/chandan/JdeRobotGSOC_2021/ROS2_challenge/catkin_ws/build/ros2_is_fun/devel
[1.569s] -- Using CMAKE_PREFIX_PATH: /home/chandan/JdeRobotGSOC_2021/ROS2_challenge/catkin_ws/install/ROS2_is_Fun;/home/chandan/catkin_ws/devel;/opt/ros/melodic
[1.569s] -- This workspace overlays: /home/chandan/catkin_ws/devel;/opt/ros/melodic
[1.572s] -- Override CMake install command with custom implementation using symlinks instead of copying resources
[1.592s] -- Found PythonInterp: /usr/bin/python2 (found suitable version "2.7.17", minimum required is "2") 
[1.592s] -- Using PYTHON_EXECUTABLE: /usr/bin/python2
[1.592s] -- Using Debian Python package layout
[1.592s] -- Using empy: /usr/bin/empy
[1.837s] -- Using CATKIN_ENABLE_TESTING: ON
[1.837s] -- Call enable_testing()
[1.841s] -- Using CATKIN_TEST_RESULTS_DIR: /home/chandan/JdeRobotGSOC_2021/ROS2_challenge/catkin_ws/build/ros2_is_fun/test_results
[1.882s] -- Found gtest sources under '/usr/src/googletest': gtests will be built
[1.882s] -- Found gmock sources under '/usr/src/googletest': gmock will be built
[1.905s] -- Found PythonInterp: /usr/bin/python2 (found version "2.7.17") 
[1.908s] -- Looking for pthread.h
[2.009s] -- Looking for pthread.h - found
[2.009s] -- Looking for pthread_create
[2.105s] -- Looking for pthread_create - not found
[2.106s] -- Looking for pthread_create in pthreads
[2.172s] -- Looking for pthread_create in pthreads - not found
[2.172s] -- Looking for pthread_create in pthread
[2.262s] -- Looking for pthread_create in pthread - found
[2.264s] -- Found Threads: TRUE  
[2.272s] -- Using Python nosetests: /usr/bin/nosetests-2.7
[2.338s] -- catkin 0.7.29
[2.339s] -- BUILD_SHARED_LIBS is on
[2.503s] -- Using these message generators: gencpp;geneus;genlisp;gennodejs;genpy
[2.568s] CMake Error at /opt/ros/melodic/share/catkin/cmake/catkin_package_xml.cmake:54 (message):
[2.568s]   catkin_package_xml() package name 'ros2_is_fun' in
[2.568s]   '/home/chandan/JdeRobotGSOC_2021/ROS2_challenge/catkin_ws/src/ros2_is_fun/package.xml'
[2.569s]   does not match current PROJECT_NAME 'basics'.  You must call project() with
[2.569s]   the same package name before.
[2.569s] Call Stack (most recent call first):
[2.569s]   /opt/ros/melodic/share/catkin/cmake/catkin_package.cmake:99 (catkin_package_xml)
[2.569s]   CMakeLists.txt:103 (catkin_package)
[2.569s] 
[2.569s] 
[2.570s] -- Configuring incomplete, errors occurred!
[2.571s] See also "/home/chandan/JdeRobotGSOC_2021/ROS2_challenge/catkin_ws/build/ros2_is_fun/CMakeFiles/CMakeOutput.log".
[2.571s] See also "/home/chandan/JdeRobotGSOC_2021/ROS2_challenge/catkin_ws/build/ros2_is_fun/CMakeFiles/CMakeError.log".
[2.581s] Invoked command in '/home/chandan/JdeRobotGSOC_2021/ROS2_challenge/catkin_ws/build/ros2_is_fun' returned '1': /usr/bin/cmake /home/chandan/JdeRobotGSOC_2021/ROS2_challenge/catkin_ws/src/ros2_is_fun -DCATKIN_INSTALL_INTO_PREFIX_ROOT=0 -DCATKIN_SYMLINK_INSTALL=ON -DCMAKE_INSTALL_PREFIX=/home/chandan/JdeRobotGSOC_2021/ROS2_challenge/catkin_ws/install/ros2_is_fun
