[0.232s] DEBUG:colcon:Command line arguments: ['/usr/bin/colcon', 'build', '--symlink-install']
[0.232s] DEBUG:colcon:Parsed command line arguments: Namespace(ament_cmake_args=None, base_paths=['.'], build_base='build', catkin_cmake_args=None, catkin_skip_building_tests=False, cmake_args=None, cmake_clean_cache=False, cmake_clean_first=False, cmake_force_configure=False, cmake_target=None, cmake_target_skip_unavailable=False, continue_on_error=False, event_handlers=None, executor='parallel', ignore_user_meta=False, install_base='install', log_base=None, log_level=None, main=<bound method BuildVerb.main of <colcon_core.verb.build.BuildVerb object at 0x7fa694caebe0>>, merge_install=False, metas=['./colcon.meta'], packages_above=None, packages_above_and_dependencies=None, packages_above_depth=None, packages_end=None, packages_ignore=None, packages_ignore_regex=None, packages_select=None, packages_select_build_failed=False, packages_select_by_dep=None, packages_select_regex=None, packages_select_test_failures=False, packages_skip=None, packages_skip_build_finished=False, packages_skip_by_dep=None, packages_skip_regex=None, packages_skip_test_passed=False, packages_skip_up_to=None, packages_start=None, packages_up_to=None, packages_up_to_regex=None, parallel_workers=12, paths=None, symlink_install=True, test_result_base=None, verb_extension=<colcon_core.verb.build.BuildVerb object at 0x7fa694caebe0>, verb_name='build', verb_parser=<colcon_defaults.argument_parser.defaults.DefaultArgumentsDecorator object at 0x7fa694caee48>)
[0.241s] Level 1:colcon.colcon_core.package_discovery:discover_packages(colcon_meta) check parameters
[0.241s] Level 1:colcon.colcon_core.package_discovery:discover_packages(recursive) check parameters
[0.241s] Level 1:colcon.colcon_core.package_discovery:discover_packages(ignore) check parameters
[0.241s] Level 1:colcon.colcon_core.package_discovery:discover_packages(path) check parameters
[0.241s] Level 1:colcon.colcon_core.package_discovery:discover_packages(colcon_meta) discover
[0.242s] Level 1:colcon.colcon_core.package_discovery:discover_packages(recursive) discover
[0.242s] INFO:colcon.colcon_core.package_discovery:Crawling recursively for packages in '/home/chandan/JdeRobotGSOC_2021/ROS2_challenge/catkin_ws'
[0.242s] Level 1:colcon.colcon_core.package_identification:_identify(.) by extensions ['ignore', 'ignore_ament_install']
[0.242s] Level 1:colcon.colcon_core.package_identification:_identify(.) by extension 'ignore'
[0.242s] Level 1:colcon.colcon_core.package_identification:_identify(.) by extension 'ignore_ament_install'
[0.242s] Level 1:colcon.colcon_core.package_identification:_identify(.) by extensions ['colcon_pkg']
[0.242s] Level 1:colcon.colcon_core.package_identification:_identify(.) by extension 'colcon_pkg'
[0.242s] Level 1:colcon.colcon_core.package_identification:_identify(.) by extensions ['colcon_meta']
[0.242s] Level 1:colcon.colcon_core.package_identification:_identify(.) by extension 'colcon_meta'
[0.242s] Level 1:colcon.colcon_core.package_identification:_identify(.) by extensions ['ros']
[0.242s] Level 1:colcon.colcon_core.package_identification:_identify(.) by extension 'ros'
[0.262s] Level 1:colcon.colcon_core.package_identification:_identify(.) by extensions ['cmake', 'python']
[0.262s] Level 1:colcon.colcon_core.package_identification:_identify(.) by extension 'cmake'
[0.262s] Level 1:colcon.colcon_core.package_identification:_identify(.) by extension 'python'
[0.262s] Level 1:colcon.colcon_core.package_identification:_identify(.) by extensions ['python_setup_py']
[0.262s] Level 1:colcon.colcon_core.package_identification:_identify(.) by extension 'python_setup_py'
[0.262s] Level 1:colcon.colcon_core.package_identification:_identify(build) by extensions ['ignore', 'ignore_ament_install']
[0.262s] Level 1:colcon.colcon_core.package_identification:_identify(build) by extension 'ignore'
[0.262s] Level 1:colcon.colcon_core.package_identification:_identify(build) ignored
[0.263s] Level 1:colcon.colcon_core.package_identification:_identify(install) by extensions ['ignore', 'ignore_ament_install']
[0.263s] Level 1:colcon.colcon_core.package_identification:_identify(install) by extension 'ignore'
[0.263s] Level 1:colcon.colcon_core.package_identification:_identify(install) ignored
[0.263s] Level 1:colcon.colcon_core.package_identification:_identify(log) by extensions ['ignore', 'ignore_ament_install']
[0.264s] Level 1:colcon.colcon_core.package_identification:_identify(log) by extension 'ignore'
[0.264s] Level 1:colcon.colcon_core.package_identification:_identify(log) ignored
[0.264s] Level 1:colcon.colcon_core.package_identification:_identify(src) by extensions ['ignore', 'ignore_ament_install']
[0.264s] Level 1:colcon.colcon_core.package_identification:_identify(src) by extension 'ignore'
[0.264s] Level 1:colcon.colcon_core.package_identification:_identify(src) by extension 'ignore_ament_install'
[0.264s] Level 1:colcon.colcon_core.package_identification:_identify(src) by extensions ['colcon_pkg']
[0.264s] Level 1:colcon.colcon_core.package_identification:_identify(src) by extension 'colcon_pkg'
[0.264s] Level 1:colcon.colcon_core.package_identification:_identify(src) by extensions ['colcon_meta']
[0.264s] Level 1:colcon.colcon_core.package_identification:_identify(src) by extension 'colcon_meta'
[0.264s] Level 1:colcon.colcon_core.package_identification:_identify(src) by extensions ['ros']
[0.264s] Level 1:colcon.colcon_core.package_identification:_identify(src) by extension 'ros'
[0.264s] Level 1:colcon.colcon_core.package_identification:_identify(src) by extensions ['cmake', 'python']
[0.264s] Level 1:colcon.colcon_core.package_identification:_identify(src) by extension 'cmake'
[0.265s] Level 1:colcon.colcon_core.package_identification:_identify(src) by extension 'python'
[0.265s] Level 1:colcon.colcon_core.package_identification:_identify(src) by extensions ['python_setup_py']
[0.265s] Level 1:colcon.colcon_core.package_identification:_identify(src) by extension 'python_setup_py'
[0.265s] Level 1:colcon.colcon_core.package_identification:_identify(src/ROS2_is_Fun) by extensions ['ignore', 'ignore_ament_install']
[0.265s] Level 1:colcon.colcon_core.package_identification:_identify(src/ROS2_is_Fun) by extension 'ignore'
[0.265s] Level 1:colcon.colcon_core.package_identification:_identify(src/ROS2_is_Fun) by extension 'ignore_ament_install'
[0.265s] Level 1:colcon.colcon_core.package_identification:_identify(src/ROS2_is_Fun) by extensions ['colcon_pkg']
[0.265s] Level 1:colcon.colcon_core.package_identification:_identify(src/ROS2_is_Fun) by extension 'colcon_pkg'
[0.265s] Level 1:colcon.colcon_core.package_identification:_identify(src/ROS2_is_Fun) by extensions ['colcon_meta']
[0.265s] Level 1:colcon.colcon_core.package_identification:_identify(src/ROS2_is_Fun) by extension 'colcon_meta'
[0.265s] Level 1:colcon.colcon_core.package_identification:_identify(src/ROS2_is_Fun) by extensions ['ros']
[0.266s] Level 1:colcon.colcon_core.package_identification:_identify(src/ROS2_is_Fun) by extension 'ros'
[0.270s] DEBUG:colcon.colcon_core.package_identification:Package 'src/ROS2_is_Fun' with type 'ros.catkin' and name 'ROS2_is_Fun'
[0.270s] Level 1:colcon.colcon_core.package_discovery:discover_packages(recursive) using defaults
[0.270s] Level 1:colcon.colcon_core.package_discovery:discover_packages(ignore) discover
[0.270s] Level 1:colcon.colcon_core.package_discovery:discover_packages(ignore) using defaults
[0.270s] Level 1:colcon.colcon_core.package_discovery:discover_packages(path) discover
[0.270s] Level 1:colcon.colcon_core.package_discovery:discover_packages(path) using defaults
[0.306s] Level 5:colcon.colcon_core.verb:set package 'ROS2_is_Fun' build argument 'cmake_args' from command line to 'None'
[0.307s] Level 5:colcon.colcon_core.verb:set package 'ROS2_is_Fun' build argument 'cmake_target' from command line to 'None'
[0.307s] Level 5:colcon.colcon_core.verb:set package 'ROS2_is_Fun' build argument 'cmake_target_skip_unavailable' from command line to 'False'
[0.307s] Level 5:colcon.colcon_core.verb:set package 'ROS2_is_Fun' build argument 'cmake_clean_cache' from command line to 'False'
[0.307s] Level 5:colcon.colcon_core.verb:set package 'ROS2_is_Fun' build argument 'cmake_clean_first' from command line to 'False'
[0.307s] Level 5:colcon.colcon_core.verb:set package 'ROS2_is_Fun' build argument 'cmake_force_configure' from command line to 'False'
[0.307s] Level 5:colcon.colcon_core.verb:set package 'ROS2_is_Fun' build argument 'ament_cmake_args' from command line to 'None'
[0.307s] Level 5:colcon.colcon_core.verb:set package 'ROS2_is_Fun' build argument 'catkin_cmake_args' from command line to 'None'
[0.307s] Level 5:colcon.colcon_core.verb:set package 'ROS2_is_Fun' build argument 'catkin_skip_building_tests' from command line to 'False'
[0.307s] DEBUG:colcon.colcon_core.verb:Building package 'ROS2_is_Fun' with the following arguments: {'ament_cmake_args': None, 'build_base': '/home/chandan/JdeRobotGSOC_2021/ROS2_challenge/catkin_ws/build/ROS2_is_Fun', 'catkin_cmake_args': None, 'catkin_skip_building_tests': False, 'cmake_args': None, 'cmake_clean_cache': False, 'cmake_clean_first': False, 'cmake_force_configure': False, 'cmake_target': None, 'cmake_target_skip_unavailable': False, 'install_base': '/home/chandan/JdeRobotGSOC_2021/ROS2_challenge/catkin_ws/install/ROS2_is_Fun', 'merge_install': False, 'path': '/home/chandan/JdeRobotGSOC_2021/ROS2_challenge/catkin_ws/src/ROS2_is_Fun', 'symlink_install': True, 'test_result_base': None}
[0.308s] INFO:colcon.colcon_core.executor:Executing jobs using 'parallel' executor
[0.311s] DEBUG:colcon.colcon_parallel_executor.executor.parallel:run_until_complete
[0.311s] INFO:colcon.colcon_ros.task.catkin.build:Building ROS package in '/home/chandan/JdeRobotGSOC_2021/ROS2_challenge/catkin_ws/src/ROS2_is_Fun' with build type 'catkin'
[0.311s] INFO:colcon.colcon_cmake.task.cmake.build:Building CMake package in '/home/chandan/JdeRobotGSOC_2021/ROS2_challenge/catkin_ws/src/ROS2_is_Fun'
[0.317s] INFO:colcon.colcon_core.plugin_system:Skipping extension 'colcon_core.shell.bat': Not used on non-Windows systems
[0.317s] INFO:colcon.colcon_core.shell:Skip shell extension 'powershell' for command environment: Not usable outside of PowerShell
[0.317s] DEBUG:colcon.colcon_core.shell:Skip shell extension 'dsv' for command environment
[0.321s] DEBUG:colcon.colcon_core.shell:Ignoring prefix path '/home/chandan/catkin_ws/devel'
[0.321s] DEBUG:colcon.colcon_core.shell:Ignoring prefix path '/opt/ros/melodic'
[0.331s] DEBUG:colcon.colcon_core.event_handler.log_command:Invoking command in '/home/chandan/JdeRobotGSOC_2021/ROS2_challenge/catkin_ws/build/ROS2_is_Fun': /usr/bin/cmake /home/chandan/JdeRobotGSOC_2021/ROS2_challenge/catkin_ws/src/ROS2_is_Fun -DCATKIN_INSTALL_INTO_PREFIX_ROOT=0 -DCATKIN_SYMLINK_INSTALL=ON -DCMAKE_INSTALL_PREFIX=/home/chandan/JdeRobotGSOC_2021/ROS2_challenge/catkin_ws/install/ROS2_is_Fun
[2.979s] DEBUG:colcon.colcon_core.event_handler.log_command:Invoked command in '/home/chandan/JdeRobotGSOC_2021/ROS2_challenge/catkin_ws/build/ROS2_is_Fun' returned '0': /usr/bin/cmake /home/chandan/JdeRobotGSOC_2021/ROS2_challenge/catkin_ws/src/ROS2_is_Fun -DCATKIN_INSTALL_INTO_PREFIX_ROOT=0 -DCATKIN_SYMLINK_INSTALL=ON -DCMAKE_INSTALL_PREFIX=/home/chandan/JdeRobotGSOC_2021/ROS2_challenge/catkin_ws/install/ROS2_is_Fun
[2.984s] DEBUG:colcon.colcon_core.event_handler.log_command:Invoking command in '/home/chandan/JdeRobotGSOC_2021/ROS2_challenge/catkin_ws/build/ROS2_is_Fun': /usr/bin/cmake --build /home/chandan/JdeRobotGSOC_2021/ROS2_challenge/catkin_ws/build/ROS2_is_Fun -- -j12 -l12
[3.052s] DEBUG:colcon.colcon_core.event_handler.log_command:Invoked command in '/home/chandan/JdeRobotGSOC_2021/ROS2_challenge/catkin_ws/build/ROS2_is_Fun' returned '0': /usr/bin/cmake --build /home/chandan/JdeRobotGSOC_2021/ROS2_challenge/catkin_ws/build/ROS2_is_Fun -- -j12 -l12
[3.108s] DEBUG:colcon.colcon_core.event_handler.log_command:Invoking command in '/home/chandan/JdeRobotGSOC_2021/ROS2_challenge/catkin_ws/build/ROS2_is_Fun': /usr/bin/cmake --build /home/chandan/JdeRobotGSOC_2021/ROS2_challenge/catkin_ws/build/ROS2_is_Fun --target tests -- -j12 -l12
[3.226s] DEBUG:colcon.colcon_core.event_handler.log_command:Invoked command in '/home/chandan/JdeRobotGSOC_2021/ROS2_challenge/catkin_ws/build/ROS2_is_Fun' returned '0': /usr/bin/cmake --build /home/chandan/JdeRobotGSOC_2021/ROS2_challenge/catkin_ws/build/ROS2_is_Fun --target tests -- -j12 -l12
[3.305s] DEBUG:colcon.colcon_core.event_handler.log_command:Invoking command in '/home/chandan/JdeRobotGSOC_2021/ROS2_challenge/catkin_ws/build/ROS2_is_Fun': /usr/bin/cmake --build /home/chandan/JdeRobotGSOC_2021/ROS2_challenge/catkin_ws/build/ROS2_is_Fun --target install -- -j12 -l12
[3.476s] DEBUG:colcon.colcon_core.event_handler.log_command:Invoked command in '/home/chandan/JdeRobotGSOC_2021/ROS2_challenge/catkin_ws/build/ROS2_is_Fun' returned '0': /usr/bin/cmake --build /home/chandan/JdeRobotGSOC_2021/ROS2_challenge/catkin_ws/build/ROS2_is_Fun --target install -- -j12 -l12
[3.530s] Level 1:colcon.colcon_core.shell:create_environment_hook('ROS2_is_Fun', 'ros_package_path')
[3.533s] INFO:colcon.colcon_core.shell:Creating environment hook '/home/chandan/JdeRobotGSOC_2021/ROS2_challenge/catkin_ws/install/ROS2_is_Fun/share/ROS2_is_Fun/hook/ros_package_path.ps1'
[3.534s] INFO:colcon.colcon_core.shell:Creating environment descriptor '/home/chandan/JdeRobotGSOC_2021/ROS2_challenge/catkin_ws/install/ROS2_is_Fun/share/ROS2_is_Fun/hook/ros_package_path.dsv'
[3.534s] INFO:colcon.colcon_core.shell:Creating environment hook '/home/chandan/JdeRobotGSOC_2021/ROS2_challenge/catkin_ws/install/ROS2_is_Fun/share/ROS2_is_Fun/hook/ros_package_path.sh'
[3.536s] Level 1:colcon.colcon_ros.task.catkin:checking '/home/chandan/JdeRobotGSOC_2021/ROS2_challenge/catkin_ws/install/ROS2_is_Fun/lib/python2.7/dist-packages'
[3.536s] Level 1:colcon.colcon_core.shell:create_environment_hook('ROS2_is_Fun', 'pkg_config_path')
[3.537s] INFO:colcon.colcon_core.shell:Creating environment hook '/home/chandan/JdeRobotGSOC_2021/ROS2_challenge/catkin_ws/install/ROS2_is_Fun/share/ROS2_is_Fun/hook/pkg_config_path.ps1'
[3.538s] INFO:colcon.colcon_core.shell:Creating environment descriptor '/home/chandan/JdeRobotGSOC_2021/ROS2_challenge/catkin_ws/install/ROS2_is_Fun/share/ROS2_is_Fun/hook/pkg_config_path.dsv'
[3.538s] INFO:colcon.colcon_core.shell:Creating environment hook '/home/chandan/JdeRobotGSOC_2021/ROS2_challenge/catkin_ws/install/ROS2_is_Fun/share/ROS2_is_Fun/hook/pkg_config_path.sh'
[3.545s] Level 1:colcon.colcon_core.shell:create_environment_hook('ROS2_is_Fun', 'pkg_config_path_multiarch')
[3.547s] INFO:colcon.colcon_core.shell:Creating environment hook '/home/chandan/JdeRobotGSOC_2021/ROS2_challenge/catkin_ws/install/ROS2_is_Fun/share/ROS2_is_Fun/hook/pkg_config_path_multiarch.ps1'
[3.548s] INFO:colcon.colcon_core.shell:Creating environment descriptor '/home/chandan/JdeRobotGSOC_2021/ROS2_challenge/catkin_ws/install/ROS2_is_Fun/share/ROS2_is_Fun/hook/pkg_config_path_multiarch.dsv'
[3.549s] INFO:colcon.colcon_core.shell:Creating environment hook '/home/chandan/JdeRobotGSOC_2021/ROS2_challenge/catkin_ws/install/ROS2_is_Fun/share/ROS2_is_Fun/hook/pkg_config_path_multiarch.sh'
[3.552s] Level 1:colcon.colcon_core.environment:create_environment_scripts_only(ROS2_is_Fun)
[3.558s] Level 1:colcon.colcon_core.environment:checking '/home/chandan/JdeRobotGSOC_2021/ROS2_challenge/catkin_ws/install/ROS2_is_Fun' for CMake module files
[3.559s] Level 1:colcon.colcon_core.environment:checking '/home/chandan/JdeRobotGSOC_2021/ROS2_challenge/catkin_ws/install/ROS2_is_Fun' for CMake config files
[3.559s] Level 1:colcon.colcon_core.shell:create_environment_hook('ROS2_is_Fun', 'cmake_prefix_path')
[3.560s] INFO:colcon.colcon_core.shell:Creating environment hook '/home/chandan/JdeRobotGSOC_2021/ROS2_challenge/catkin_ws/install/ROS2_is_Fun/share/ROS2_is_Fun/hook/cmake_prefix_path.ps1'
[3.561s] INFO:colcon.colcon_core.shell:Creating environment descriptor '/home/chandan/JdeRobotGSOC_2021/ROS2_challenge/catkin_ws/install/ROS2_is_Fun/share/ROS2_is_Fun/hook/cmake_prefix_path.dsv'
[3.562s] INFO:colcon.colcon_core.shell:Creating environment hook '/home/chandan/JdeRobotGSOC_2021/ROS2_challenge/catkin_ws/install/ROS2_is_Fun/share/ROS2_is_Fun/hook/cmake_prefix_path.sh'
[3.563s] Level 1:colcon.colcon_core.environment:checking '/home/chandan/JdeRobotGSOC_2021/ROS2_challenge/catkin_ws/install/ROS2_is_Fun/lib'
[3.563s] Level 1:colcon.colcon_core.environment:checking '/home/chandan/JdeRobotGSOC_2021/ROS2_challenge/catkin_ws/install/ROS2_is_Fun/bin'
[3.563s] Level 1:colcon.colcon_core.environment:checking '/home/chandan/JdeRobotGSOC_2021/ROS2_challenge/catkin_ws/install/ROS2_is_Fun/lib/pkgconfig/ROS2_is_Fun.pc'
[3.564s] Level 1:colcon.colcon_core.shell:create_environment_hook('ROS2_is_Fun', 'pkg_config')
[3.564s] INFO:colcon.colcon_core.shell:Creating environment hook '/home/chandan/JdeRobotGSOC_2021/ROS2_challenge/catkin_ws/install/ROS2_is_Fun/share/ROS2_is_Fun/hook/pkg_config.ps1'
[3.565s] INFO:colcon.colcon_core.shell:Creating environment descriptor '/home/chandan/JdeRobotGSOC_2021/ROS2_challenge/catkin_ws/install/ROS2_is_Fun/share/ROS2_is_Fun/hook/pkg_config.dsv'
[3.566s] INFO:colcon.colcon_core.shell:Creating environment hook '/home/chandan/JdeRobotGSOC_2021/ROS2_challenge/catkin_ws/install/ROS2_is_Fun/share/ROS2_is_Fun/hook/pkg_config.sh'
[3.566s] Level 1:colcon.colcon_core.environment:checking '/home/chandan/JdeRobotGSOC_2021/ROS2_challenge/catkin_ws/install/ROS2_is_Fun/lib/python3.6/site-packages'
[3.567s] INFO:colcon.colcon_core.shell:Creating package script '/home/chandan/JdeRobotGSOC_2021/ROS2_challenge/catkin_ws/install/ROS2_is_Fun/share/ROS2_is_Fun/package.ps1'
[3.568s] INFO:colcon.colcon_core.shell:Creating package descriptor '/home/chandan/JdeRobotGSOC_2021/ROS2_challenge/catkin_ws/install/ROS2_is_Fun/share/ROS2_is_Fun/package.dsv'
[3.569s] INFO:colcon.colcon_core.shell:Creating package script '/home/chandan/JdeRobotGSOC_2021/ROS2_challenge/catkin_ws/install/ROS2_is_Fun/share/ROS2_is_Fun/package.sh'
[3.571s] INFO:colcon.colcon_core.shell:Creating package script '/home/chandan/JdeRobotGSOC_2021/ROS2_challenge/catkin_ws/install/ROS2_is_Fun/share/ROS2_is_Fun/package.bash'
[3.571s] INFO:colcon.colcon_core.shell:Creating package script '/home/chandan/JdeRobotGSOC_2021/ROS2_challenge/catkin_ws/install/ROS2_is_Fun/share/ROS2_is_Fun/package.zsh'
[3.572s] Level 1:colcon.colcon_core.environment:create_file_with_runtime_dependencies(/home/chandan/JdeRobotGSOC_2021/ROS2_challenge/catkin_ws/install/ROS2_is_Fun/share/colcon-core/packages/ROS2_is_Fun)
[3.573s] DEBUG:colcon.colcon_parallel_executor.executor.parallel:closing loop
[3.574s] DEBUG:colcon.colcon_parallel_executor.executor.parallel:loop closed
[3.576s] DEBUG:colcon.colcon_parallel_executor.executor.parallel:run_until_complete finished with '0'
[3.576s] DEBUG:colcon.colcon_core.event_reactor:joining thread
[3.590s] INFO:colcon.colcon_core.plugin_system:Skipping extension 'colcon_notification.desktop_notification.terminal_notifier': Not used on non-Darwin systems
[3.591s] INFO:colcon.colcon_core.plugin_system:Skipping extension 'colcon_notification.desktop_notification.win32': Not used on non-Windows systems
[3.591s] INFO:colcon.colcon_notification.desktop_notification:Sending desktop notification using 'notify2'
[3.595s] DEBUG:colcon.colcon_core.event_reactor:joined thread
[3.597s] INFO:colcon.colcon_core.shell:Creating prefix script '/home/chandan/JdeRobotGSOC_2021/ROS2_challenge/catkin_ws/install/local_setup.ps1'
[3.599s] INFO:colcon.colcon_core.shell:Creating prefix util module '/home/chandan/JdeRobotGSOC_2021/ROS2_challenge/catkin_ws/install/_local_setup_util_ps1.py'
[3.602s] INFO:colcon.colcon_core.shell:Creating prefix chain script '/home/chandan/JdeRobotGSOC_2021/ROS2_challenge/catkin_ws/install/setup.ps1'
[3.607s] INFO:colcon.colcon_core.shell:Creating prefix script '/home/chandan/JdeRobotGSOC_2021/ROS2_challenge/catkin_ws/install/local_setup.sh'
[3.609s] INFO:colcon.colcon_core.shell:Creating prefix util module '/home/chandan/JdeRobotGSOC_2021/ROS2_challenge/catkin_ws/install/_local_setup_util_sh.py'
[3.610s] INFO:colcon.colcon_core.shell:Creating prefix chain script '/home/chandan/JdeRobotGSOC_2021/ROS2_challenge/catkin_ws/install/setup.sh'
[3.614s] INFO:colcon.colcon_core.shell:Creating prefix script '/home/chandan/JdeRobotGSOC_2021/ROS2_challenge/catkin_ws/install/local_setup.bash'
[3.614s] INFO:colcon.colcon_core.shell:Creating prefix chain script '/home/chandan/JdeRobotGSOC_2021/ROS2_challenge/catkin_ws/install/setup.bash'
[3.618s] INFO:colcon.colcon_core.shell:Creating prefix script '/home/chandan/JdeRobotGSOC_2021/ROS2_challenge/catkin_ws/install/local_setup.zsh'
[3.619s] INFO:colcon.colcon_core.shell:Creating prefix chain script '/home/chandan/JdeRobotGSOC_2021/ROS2_challenge/catkin_ws/install/setup.zsh'
