[0.039s] Invoking command in '/home/chandan/JdeRobotGSOC_2021/ROS2_challenge/catkin_ws/build/ebot_controller': /usr/bin/cmake /home/chandan/JdeRobotGSOC_2021/ROS2_challenge/catkin_ws/src/ebot_controller -DCATKIN_INSTALL_INTO_PREFIX_ROOT=0 -DCATKIN_SYMLINK_INSTALL=ON -DCMAKE_INSTALL_PREFIX=/home/chandan/JdeRobotGSOC_2021/ROS2_challenge/catkin_ws/install/ebot_controller
[0.138s] -- The C compiler identification is GNU 7.5.0
[0.237s] -- The CXX compiler identification is GNU 7.5.0
[0.249s] -- Check for working C compiler: /usr/lib/ccache/cc
[0.361s] -- Check for working C compiler: /usr/lib/ccache/cc -- works
[0.362s] -- Detecting C compiler ABI info
[0.444s] -- Detecting C compiler ABI info - done
[0.460s] -- Detecting C compile features
[0.822s] -- Detecting C compile features - done
[0.828s] -- Check for working CXX compiler: /usr/lib/ccache/c++
[0.956s] -- Check for working CXX compiler: /usr/lib/ccache/c++ -- works
[0.957s] -- Detecting CXX compiler ABI info
[1.065s] -- Detecting CXX compiler ABI info - done
[1.079s] -- Detecting CXX compile features
[1.649s] -- Detecting CXX compile features - done
[1.654s] -- Using CATKIN_DEVEL_PREFIX: /home/chandan/JdeRobotGSOC_2021/ROS2_challenge/catkin_ws/build/ebot_controller/devel
[1.655s] -- Using CMAKE_PREFIX_PATH: /home/chandan/JdeRobotGSOC_2021/ROS2_challenge/catkin_ws/install/ROS2_is_Fun;/home/chandan/catkin_ws/devel;/opt/ros/melodic
[1.655s] -- This workspace overlays: /home/chandan/JdeRobotGSOC_2021/ROS2_challenge/catkin_ws/install/ROS2_is_Fun;/home/chandan/catkin_ws/devel;/opt/ros/melodic
[1.659s] -- Override CMake install command with custom implementation using symlinks instead of copying resources
[1.683s] -- Found PythonInterp: /usr/bin/python2 (found suitable version "2.7.17", minimum required is "2") 
[1.683s] -- Using PYTHON_EXECUTABLE: /usr/bin/python2
[1.683s] -- Using Debian Python package layout
[1.683s] -- Using empy: /usr/bin/empy
[1.955s] -- Using CATKIN_ENABLE_TESTING: ON
[1.955s] -- Call enable_testing()
[1.959s] -- Using CATKIN_TEST_RESULTS_DIR: /home/chandan/JdeRobotGSOC_2021/ROS2_challenge/catkin_ws/build/ebot_controller/test_results
[1.993s] -- Found gtest sources under '/usr/src/googletest': gtests will be built
[1.993s] -- Found gmock sources under '/usr/src/googletest': gmock will be built
[2.012s] -- Found PythonInterp: /usr/bin/python2 (found version "2.7.17") 
[2.013s] -- Looking for pthread.h
[2.139s] -- Looking for pthread.h - found
[2.139s] -- Looking for pthread_create
[2.274s] -- Looking for pthread_create - not found
[2.275s] -- Looking for pthread_create in pthreads
[2.342s] -- Looking for pthread_create in pthreads - not found
[2.343s] -- Looking for pthread_create in pthread
[2.434s] -- Looking for pthread_create in pthread - found
[2.437s] -- Found Threads: TRUE  
[2.444s] -- Using Python nosetests: /usr/bin/nosetests-2.7
[2.511s] -- catkin 0.7.29
[2.511s] -- BUILD_SHARED_LIBS is on
[2.744s] -- Using these message generators: gencpp;geneus;genlisp;gennodejs;genpy
[3.014s] -- Configuring done
[3.038s] -- Generating done
[3.046s] -- Build files have been written to: /home/chandan/JdeRobotGSOC_2021/ROS2_challenge/catkin_ws/build/ebot_controller
[3.056s] Invoked command in '/home/chandan/JdeRobotGSOC_2021/ROS2_challenge/catkin_ws/build/ebot_controller' returned '0': /usr/bin/cmake /home/chandan/JdeRobotGSOC_2021/ROS2_challenge/catkin_ws/src/ebot_controller -DCATKIN_INSTALL_INTO_PREFIX_ROOT=0 -DCATKIN_SYMLINK_INSTALL=ON -DCMAKE_INSTALL_PREFIX=/home/chandan/JdeRobotGSOC_2021/ROS2_challenge/catkin_ws/install/ebot_controller
[3.059s] Invoking command in '/home/chandan/JdeRobotGSOC_2021/ROS2_challenge/catkin_ws/build/ebot_controller': /usr/bin/cmake --build /home/chandan/JdeRobotGSOC_2021/ROS2_challenge/catkin_ws/build/ebot_controller -- -j12 -l12
[3.129s] Invoked command in '/home/chandan/JdeRobotGSOC_2021/ROS2_challenge/catkin_ws/build/ebot_controller' returned '0': /usr/bin/cmake --build /home/chandan/JdeRobotGSOC_2021/ROS2_challenge/catkin_ws/build/ebot_controller -- -j12 -l12
[3.191s] Invoking command in '/home/chandan/JdeRobotGSOC_2021/ROS2_challenge/catkin_ws/build/ebot_controller': /usr/bin/cmake --build /home/chandan/JdeRobotGSOC_2021/ROS2_challenge/catkin_ws/build/ebot_controller --target tests -- -j12 -l12
[3.282s] [35m[1mScanning dependencies of target tests[0m
[3.298s] Built target tests
[3.318s] Invoked command in '/home/chandan/JdeRobotGSOC_2021/ROS2_challenge/catkin_ws/build/ebot_controller' returned '0': /usr/bin/cmake --build /home/chandan/JdeRobotGSOC_2021/ROS2_challenge/catkin_ws/build/ebot_controller --target tests -- -j12 -l12
[3.392s] Invoking command in '/home/chandan/JdeRobotGSOC_2021/ROS2_challenge/catkin_ws/build/ebot_controller': /usr/bin/cmake --build /home/chandan/JdeRobotGSOC_2021/ROS2_challenge/catkin_ws/build/ebot_controller --target install -- -j12 -l12
[3.469s] [36mInstall the project...[0m
[3.483s] -- Install configuration: ""
[3.484s] -- Execute custom install script
[3.484s] -- Symlinking: /home/chandan/JdeRobotGSOC_2021/ROS2_challenge/catkin_ws/install/ebot_controller/lib/pkgconfig/ebot_controller.pc
[3.499s] -- Symlinking: /home/chandan/JdeRobotGSOC_2021/ROS2_challenge/catkin_ws/install/ebot_controller/share/ebot_controller/cmake/ebot_controllerConfig.cmake
[3.520s] -- Symlinking: /home/chandan/JdeRobotGSOC_2021/ROS2_challenge/catkin_ws/install/ebot_controller/share/ebot_controller/cmake/ebot_controllerConfig-version.cmake
[3.539s] -- Symlinking: /home/chandan/JdeRobotGSOC_2021/ROS2_challenge/catkin_ws/install/ebot_controller/share/ebot_controller/package.xml
[3.564s] Invoked command in '/home/chandan/JdeRobotGSOC_2021/ROS2_challenge/catkin_ws/build/ebot_controller' returned '0': /usr/bin/cmake --build /home/chandan/JdeRobotGSOC_2021/ROS2_challenge/catkin_ws/build/ebot_controller --target install -- -j12 -l12
