-- Using CATKIN_DEVEL_PREFIX: /home/chandan/JdeRobotGSOC_2021/ROS2_challenge/catkin_ws/build/ros2_is_fun/devel
-- Using CMAKE_PREFIX_PATH: /home/chandan/JdeRobotGSOC_2021/ROS2_challenge/catkin_ws/install/ROS2_is_Fun;/home/chandan/catkin_ws/devel;/opt/ros/melodic
-- This workspace overlays: /home/chandan/catkin_ws/devel;/opt/ros/melodic
-- Override CMake install command with custom implementation using symlinks instead of copying resources
-- Found PythonInterp: /usr/bin/python2 (found suitable version "2.7.17", minimum required is "2") 
-- Using PYTHON_EXECUTABLE: /usr/bin/python2
-- Using Debian Python package layout
-- Using empy: /usr/bin/empy
-- Using CATKIN_ENABLE_TESTING: ON
-- Call enable_testing()
-- Using CATKIN_TEST_RESULTS_DIR: /home/chandan/JdeRobotGSOC_2021/ROS2_challenge/catkin_ws/build/ros2_is_fun/test_results
-- Found gtest sources under '/usr/src/googletest': gtests will be built
-- Found gmock sources under '/usr/src/googletest': gmock will be built
-- Found PythonInterp: /usr/bin/python2 (found version "2.7.17") 
-- Using Python nosetests: /usr/bin/nosetests-2.7
-- catkin 0.7.29
-- BUILD_SHARED_LIBS is on
-- Using these message generators: gencpp;geneus;genlisp;gennodejs;genpy
-- Configuring done
-- Generating done
-- Build files have been written to: /home/chandan/JdeRobotGSOC_2021/ROS2_challenge/catkin_ws/build/ros2_is_fun
[35m[1mScanning dependencies of target tests[0m
Built target tests
[36mInstall the project...[0m
-- Install configuration: ""
-- Execute custom install script
-- Symlinking: /home/chandan/JdeRobotGSOC_2021/ROS2_challenge/catkin_ws/install/ros2_is_fun/share/ros2_is_fun/msg/my_message.msg
-- Symlinking: /home/chandan/JdeRobotGSOC_2021/ROS2_challenge/catkin_ws/install/ros2_is_fun/lib/pkgconfig/ros2_is_fun.pc
-- Symlinking: /home/chandan/JdeRobotGSOC_2021/ROS2_challenge/catkin_ws/install/ros2_is_fun/share/ros2_is_fun/cmake/ros2_is_funConfig.cmake
-- Symlinking: /home/chandan/JdeRobotGSOC_2021/ROS2_challenge/catkin_ws/install/ros2_is_fun/share/ros2_is_fun/cmake/ros2_is_funConfig-version.cmake
-- Symlinking: /home/chandan/JdeRobotGSOC_2021/ROS2_challenge/catkin_ws/install/ros2_is_fun/share/ros2_is_fun/package.xml
