[0.034s] Invoking command in '/home/chandan/JdeRobotGSOC_2021/ROS2_challenge/catkin_ws/build/ebot_description': /usr/bin/cmake /home/chandan/JdeRobotGSOC_2021/ROS2_challenge/catkin_ws/src/ebot_description -DCATKIN_INSTALL_INTO_PREFIX_ROOT=0 -DCATKIN_SYMLINK_INSTALL=ON -DCMAKE_INSTALL_PREFIX=/home/chandan/JdeRobotGSOC_2021/ROS2_challenge/catkin_ws/install/ebot_description
[0.190s] -- The C compiler identification is GNU 7.5.0
[0.324s] -- The CXX compiler identification is GNU 7.5.0
[0.332s] -- Check for working C compiler: /usr/lib/ccache/cc
[0.419s] -- Check for working C compiler: /usr/lib/ccache/cc -- works
[0.419s] -- Detecting C compiler ABI info
[0.503s] -- Detecting C compiler ABI info - done
[0.518s] -- Detecting C compile features
[0.788s] -- Detecting C compile features - done
[0.794s] -- Check for working CXX compiler: /usr/lib/ccache/c++
[0.893s] -- Check for working CXX compiler: /usr/lib/ccache/c++ -- works
[0.894s] -- Detecting CXX compiler ABI info
[0.991s] -- Detecting CXX compiler ABI info - done
[1.002s] -- Detecting CXX compile features
[1.554s] -- Detecting CXX compile features - done
[1.559s] -- Using CATKIN_DEVEL_PREFIX: /home/chandan/JdeRobotGSOC_2021/ROS2_challenge/catkin_ws/build/ebot_description/devel
[1.560s] -- Using CMAKE_PREFIX_PATH: /home/chandan/JdeRobotGSOC_2021/ROS2_challenge/catkin_ws/install/ROS2_is_Fun;/home/chandan/catkin_ws/devel;/opt/ros/melodic
[1.560s] -- This workspace overlays: /home/chandan/catkin_ws/devel;/opt/ros/melodic
[1.567s] -- Override CMake install command with custom implementation using symlinks instead of copying resources
[1.588s] -- Found PythonInterp: /usr/bin/python2 (found suitable version "2.7.17", minimum required is "2") 
[1.589s] -- Using PYTHON_EXECUTABLE: /usr/bin/python2
[1.589s] -- Using Debian Python package layout
[1.590s] -- Using empy: /usr/bin/empy
[1.822s] -- Using CATKIN_ENABLE_TESTING: ON
[1.822s] -- Call enable_testing()
[1.827s] -- Using CATKIN_TEST_RESULTS_DIR: /home/chandan/JdeRobotGSOC_2021/ROS2_challenge/catkin_ws/build/ebot_description/test_results
[1.862s] -- Found gtest sources under '/usr/src/googletest': gtests will be built
[1.862s] -- Found gmock sources under '/usr/src/googletest': gmock will be built
[1.883s] -- Found PythonInterp: /usr/bin/python2 (found version "2.7.17") 
[1.885s] -- Looking for pthread.h
[1.971s] -- Looking for pthread.h - found
[1.971s] -- Looking for pthread_create
[2.066s] -- Looking for pthread_create - not found
[2.066s] -- Looking for pthread_create in pthreads
[2.133s] -- Looking for pthread_create in pthreads - not found
[2.134s] -- Looking for pthread_create in pthread
[2.220s] -- Looking for pthread_create in pthread - found
[2.222s] -- Found Threads: TRUE  
[2.232s] -- Using Python nosetests: /usr/bin/nosetests-2.7
[2.295s] -- catkin 0.7.29
[2.296s] -- BUILD_SHARED_LIBS is on
[2.619s] -- Configuring done
[2.635s] -- Generating done
[2.639s] -- Build files have been written to: /home/chandan/JdeRobotGSOC_2021/ROS2_challenge/catkin_ws/build/ebot_description
